
====================================
            Glide Script            
====================================

--------------------------------------------------------------------------------
JobId          : dreanos-0-60ed89b8
Name           : xp_docking_6QXA_cmpd_2_13_GCB_A_3
Program        : Glide
Host           : dreanos
Dir            : /home/dreano/Desktop/mppase/docking_2_12.prj/xp_docking_6QXA_cmpd_2_13_GCB_A_3
HostEntry      : localhost
JobHost        : dreanos
JobDir         : /home/dreano/scratch/dreano/xp_docking_6QXA_cmpd_2_13_GCB_A_3
JobSchrodinger : /home/dreano/schrodinger2019-4
Commandline    : /home/dreano/schrodinger2019-4/glide xp_docking_6QXA_cmpd_2_13_GCB_A_3.in -OVERWRITE -adjust -HOST localhost:4 -PROJ /home/dreano/Desktop/mppase/docking_2_12.prj -DISP append -VIEWNAME glide_docking_gui.DockingPanel -TMPLAUNCHDIR
StartTime      : 2021-07-13-15:40:24
--------------------------------------------------------------------------------

Running locally: False
Max retries: 2
Input file: xp_docking_6QXA_cmpd_2_13_GCB_A_3.in

Setting up docking job
Separating ligands...
Number of structures that are to be docked: 5
Setting up Glide docking jobs...

Running subjobs on hosts:
  localhost (Max: 4)
Number of jobs:       5
Max retries per job:  2
Max allowed failures: unlimited
Run with -LOCAL:      False
Verbosity:            normal

Starting JobDJ...

Keep one job on driver host: False
JobDJ columns:
  C: Number of completed subjobs
  A: Number of active subjobs (e.g., submitted, running)
  W: Number of waiting/pending subjobs

C A W | Activity  JobId  JobName  JobHost
- - - | --------- -----------------------
0 1 4 | launched  dreanos-0-60ed89bb xp_docking_6QXA_cmpd_2_13_GCB_A_3-0001 localhost [dreanos]
0 2 3 | launched  dreanos-0-60ed89bd xp_docking_6QXA_cmpd_2_13_GCB_A_3-0002 localhost [dreanos]
0 3 2 | launched  dreanos-0-60ed89bf xp_docking_6QXA_cmpd_2_13_GCB_A_3-0003 localhost [dreanos]
0 4 1 | launched  dreanos-0-60ed89c1 xp_docking_6QXA_cmpd_2_13_GCB_A_3-0004 localhost [dreanos]
1 3 1 | finished  dreanos-0-60ed89bd xp_docking_6QXA_cmpd_2_13_GCB_A_3-0002 localhost [dreanos]
1 4 0 | launched  dreanos-0-60ed8a10 xp_docking_6QXA_cmpd_2_13_GCB_A_3-0005 localhost [dreanos]
2 3 0 | finished  dreanos-0-60ed89bb xp_docking_6QXA_cmpd_2_13_GCB_A_3-0001 localhost [dreanos]
3 2 0 | finished  dreanos-0-60ed89c1 xp_docking_6QXA_cmpd_2_13_GCB_A_3-0004 localhost [dreanos]
4 1 0 | finished  dreanos-0-60ed89bf xp_docking_6QXA_cmpd_2_13_GCB_A_3-0003 localhost [dreanos]
5 0 0 | finished  dreanos-0-60ed8a10 xp_docking_6QXA_cmpd_2_13_GCB_A_3-0005 localhost [dreanos]

All jobs have completed.

5 of 5 job(s) succeeded; 0 job(s) failed.

All jobs succeeded: 5 ligands done.
Writing poses to xp_docking_6QXA_cmpd_2_13_GCB_A_3_pv.maegz
Combining log files to xp_docking_6QXA_cmpd_2_13_GCB_A_3_subjobs.log
Archiving subjob pose files in xp_docking_6QXA_cmpd_2_13_GCB_A_3_subjob_poses.zip
Archiving subjob input and log files in xp_docking_6QXA_cmpd_2_13_GCB_A_3_subjobs.tar.gz
Cleaning up...

Elapsed times:
- preprocessing: 0.1 s
- running subjobs: 219.9 s
- postprocessing: 1.7 s
- cleanup: 0.0 s

All Glide docking subjobs: Total CPU time = 486 seconds (8 min 6 s)

Finished at: Tue Jul 13 15:44:07 2021
Total elapsed time for Glide script = 222 seconds (3 min 42 s)
[running at reduced cpu priority]
