
====================================
            Glide Script            
====================================

--------------------------------------------------------------------------------
JobId          : dreanos-0-60f6f958
Name           : glide-dock_XP_PP_sites_2
Program        : Glide
Host           : dreanos
Dir            : /home/dreano/Desktop/mppase/docking_2_12.prj/glide-dock_XP_PP_sites_2
HostEntry      : localhost
JobHost        : dreanos
JobDir         : /home/dreano/scratch/dreano/glide-dock_XP_PP_sites_2
JobSchrodinger : /home/dreano/schrodinger2019-4
Commandline    : /home/dreano/schrodinger2019-4/glide glide-dock_XP_PP_sites_2.in -OVERWRITE -adjust -HOST localhost:4 -PROJ /home/dreano/Desktop/mppase/docking_2_12.prj -DISP append -VIEWNAME glide_docking_gui.DockingPanel -TMPLAUNCHDIR
StartTime      : 2021-07-20-19:27:04
--------------------------------------------------------------------------------

Running locally: False
Max retries: 2
Input file: glide-dock_XP_PP_sites_2.in

Setting up docking job
Separating ligands...
Number of structures that are to be docked: 5
Setting up Glide docking jobs...

Running subjobs on hosts:
  localhost (Max: 4)
Number of jobs:       5
Max retries per job:  2
Max allowed failures: unlimited
Run with -LOCAL:      False
Verbosity:            normal

Starting JobDJ...

Keep one job on driver host: False
JobDJ columns:
  C: Number of completed subjobs
  A: Number of active subjobs (e.g., submitted, running)
  W: Number of waiting/pending subjobs

C A W | Activity  JobId  JobName  JobHost
- - - | --------- -----------------------
0 1 4 | launched  dreanos-0-60f6f95b glide-dock_XP_PP_sites_2-0001 localhost [dreanos]
0 2 3 | launched  dreanos-0-60f6f95d glide-dock_XP_PP_sites_2-0002 localhost [dreanos]
0 3 2 | launched  dreanos-0-60f6f95f glide-dock_XP_PP_sites_2-0003 localhost [dreanos]
0 4 1 | launched  dreanos-0-60f6f961 glide-dock_XP_PP_sites_2-0004 localhost [dreanos]
1 3 1 | finished  dreanos-0-60f6f95b glide-dock_XP_PP_sites_2-0001 localhost [dreanos]
1 4 0 | launched  dreanos-0-60f6f96e glide-dock_XP_PP_sites_2-0005 localhost [dreanos]
2 3 0 | finished  dreanos-0-60f6f95d glide-dock_XP_PP_sites_2-0002 localhost [dreanos]
3 2 0 | finished  dreanos-0-60f6f95f glide-dock_XP_PP_sites_2-0003 localhost [dreanos]
4 1 0 | finished  dreanos-0-60f6f961 glide-dock_XP_PP_sites_2-0004 localhost [dreanos]
5 0 0 | finished  dreanos-0-60f6f96e glide-dock_XP_PP_sites_2-0005 localhost [dreanos]

All jobs have completed.

5 of 5 job(s) succeeded; 0 job(s) failed.

All jobs succeeded: 5 ligands done.
Docking job produced no poses; not writing glide-dock_XP_PP_sites_2_pv.maegz
Combining log files to glide-dock_XP_PP_sites_2_subjobs.log
Archiving subjob input and log files in glide-dock_XP_PP_sites_2_subjobs.tar.gz
Cleaning up...

Elapsed times:
- preprocessing: 0.1 s
- running subjobs: 40.0 s
- postprocessing: 0.0 s
- cleanup: 0.0 s

All Glide docking subjobs: Total CPU time = 74 seconds (1 min 14 s)

Finished at: Tue Jul 20 19:27:46 2021
Total elapsed time for Glide script = 40 seconds
[running at reduced cpu priority]
