######## begin of glide-dock_XP_17a-0001.log #########
Glide version 85012 (mmshare version 48012)
Copyright (c) Schrodinger, LLC.
All Rights Reserved.

--------------------------------------------------------------------------------
JobId          : dreanos-0-60f7d410
Name           : glide-dock_XP_17a-0001
Program        : Glide
Host           : dreanos
Dir            : /home/dreano/scratch/dreano/glide-dock_XP_17a
HostEntry      : localhost
JobHost        : dreanos
JobDir         : /home/dreano/scratch/dreano/glide-dock_XP_17a-0001
JobSchrodinger : /home/dreano/schrodinger2019-4
Commandline    : /home/dreano/schrodinger2019-4/glide -RESTART -serial glide-dock_XP_17a-0001.inp -HOST localhost
StartTime      : 2021-07-21-11:00:16
--------------------------------------------------------------------------------

[running at reduced cpu priority]
 VdW radii of ligand atoms scaled by   0.800000000000000     
 Charge cutoff for polarity   0.150000000000000     
 After readscreen, (nx, ny, nz) = (          26 ,           26 ,           26 ).
  Receptor setup: (nsites, nx, ny, nz, bsize)=(         125 ,           26 , 
          26 ,           26 ,    1.00000000000000      ).
 Screening setup finished.
 DOCKMAIN: getting receptor.
  DOCKMAIN after grid: (nx, ny, nz) = (          72 ,           72 , 
          72 ).

 Metal   At. Num.  Eff. Charge  Category    x         y         z
20896      12        0.50           1   -34.672   -34.378    35.883
20897      12       -0.25          -1   -38.834   -36.986    35.864
20898      12       -0.17          -1   -35.105   -31.906    33.945
20899      12        0.08           1   -39.539   -33.361    35.423
20900      12        1.00           1   -37.415   -34.241    29.767
20910      11        0.00           2   -46.178   -17.052    23.198
20911      19        0.33           1   -40.636   -31.496    29.757
20958      12       -0.17          -1    -9.264   -19.245    33.264
20959      12        2.50           1    -2.674   -18.909    35.245
20960      12        1.50           1    -4.059   -17.817    33.010
20961      12        0.67           1    -7.104   -15.337    35.821
20962      12        0.50           1    -7.796   -21.438    34.748
20972      11       -2.00          -1   -12.979    -3.870    19.535
20973      19        0.67           1    -6.644   -13.114    31.664
20974      12        2.50           1   -34.581    34.061    57.789
20975      12        0.25           1   -40.166    33.813    57.370
20976      12        1.50           1   -35.527    35.757    55.821
20977      12        1.25           1   -39.558    31.354    58.873
20978      12        0.00           2   -37.750    32.544    52.777
20996      12       -1.33          -1    -7.779    45.220    54.763
20997      12        0.50           1    -2.250    47.243    54.421
20998      12        1.50           1    -5.236    50.812    52.626
20999      12        0.67           1    -7.555    50.242    55.572
21000      12        0.33           1    -9.936    48.684    53.030
21010      11        2.00           1   -13.440    60.914    37.924
21011      19        1.00           1    -7.494    51.992    50.884
  
 DOCKMAIN: Grid setup finished
Calling OPLS3e atomtyping ...
Finished parameter assignment

Reading torsion control file '/home/dreano/schrodinger2019-4/glide-v8.5/bin/Linux-x86_64/../../data/torcontrol.txt':
  
  Using generalized torsion control 
  
 Number of rotatable bonds            4
 Using templates for ring conformations.
Glide Extra Precision Mode active.

GlideScore version XP5.0 will be used

  
 Buried polar penalty      0.000
 Coulomb vdW cutoff        0.000
 H bond cutoff             0.000
 Metal-ligand cutoff      10.000
Assigning GlideScore XP5.0 parameters
For Glide Extra Precision mode, will use maxref = 800
 res reso default   16.0000000000000        16.0000000000000     
 res reso fin   16.0000000000000        16.0000000000000     
 Use grow mode-t
  
 res reso default   4.00000000000000        4.00000000000000     
 res reso fin   4.00000000000000        4.00000000000000     
 res reso default   4.00000000000000        4.00000000000000     
 res reso fin   4.00000000000000        4.00000000000000     
 res reso default   4.00000000000000        4.00000000000000     
 res reso fin   4.00000000000000        4.00000000000000     
 REPORT POSE ANCH_2           1           0          21
 REPORT POSE ANCH_2           2           0           1
 REPORT POSE ANCH_2           3           0          30
 REPORT POSE ANCH_2           4           0           2
 REPORT POSE ANCH_2           5           0          16
 REPORT POSE ANCH_2           6           0           8
 REPORT POSE ANCH_2           7           0          23
 REPORT POSE ANCH_2           8           0          43
 REPORT POSE ANCH_2           9           0           7
 REPORT POSE ANCH_2          10           0          27
 REPORT POSE ANCH_2          11           0          11
 REPORT POSE ANCH_2          12           0          31
 REPORT POSE ANCH_2          13           0          18
 REPORT POSE ANCH_2          14           0          42
 REPORT POSE ANCH_2          15           0           6
 REPORT POSE ANCH_2          16           0          25
 REPORT POSE ANCH_2          17           0          13
 REPORT POSE ANCH_2          18           0          14
 REPORT POSE ANCH_2          19           0          44
 REPORT POSE ANCH_2          20           0          50
 REPORT POSE ANCH_2          21           0          48
 REPORT POSE ANCH_2          22           0          45
 REPORT POSE ANCH_2          23           0          15
Full force-field refinement in receptor field for up to   30 poses
   23 poses will be postminimized for this ligand
 iancorig for REPORT pose           1           0
 iancorig for REPORT pose           2           0
 iancorig for REPORT pose           3           0
 iancorig for REPORT pose           4           0
 iancorig for REPORT pose           5           0
 iancorig for REPORT pose           6           0
 iancorig for REPORT pose           7           0
 iancorig for REPORT pose           8           0
 iancorig for REPORT pose           9           0
 iancorig for REPORT pose          10           0
 iancorig for REPORT pose          11           0
 iancorig for REPORT pose          12           0
 iancorig for REPORT pose          13           0
 iancorig for REPORT pose          14           0
 iancorig for REPORT pose          15           0
 iancorig for REPORT pose          16           0
 iancorig for REPORT pose          17           0
 iancorig for REPORT pose          18           0
 iancorig for REPORT pose          19           0
 iancorig for REPORT pose          20           0
 iancorig for REPORT pose          21           0
 iancorig for REPORT pose          22           0
 iancorig for REPORT pose          23           0
 Number of poses to report:          20
Reporting postminimized pose  10 GlideScore =     -0.963
GlideScore(   -0.96)+Epik State Penalty(    0.00) =    -0.96 kcal/mol
Reporting postminimized pose   5 GlideScore =     -0.483
GlideScore(   -0.48)+Epik State Penalty(    0.00) =    -0.48 kcal/mol
Reporting postminimized pose   7 GlideScore =     -0.064
GlideScore(   -0.06)+Epik State Penalty(    0.00) =    -0.06 kcal/mol
Reporting postminimized pose  12 GlideScore =      0.240
GlideScore(    0.24)+Epik State Penalty(    0.00) =     0.24 kcal/mol
Reporting postminimized pose  18 GlideScore =      0.429
GlideScore(    0.43)+Epik State Penalty(    0.00) =     0.43 kcal/mol
Reporting postminimized pose   4 GlideScore =      0.505
GlideScore(    0.50)+Epik State Penalty(    0.00) =     0.50 kcal/mol
Reporting postminimized pose   2 GlideScore =      0.537
GlideScore(    0.54)+Epik State Penalty(    0.00) =     0.54 kcal/mol
Reporting postminimized pose   6 GlideScore =      0.567
GlideScore(    0.57)+Epik State Penalty(    0.00) =     0.57 kcal/mol
Reporting postminimized pose  19 GlideScore =      0.592
GlideScore(    0.59)+Epik State Penalty(    0.00) =     0.59 kcal/mol
Reporting postminimized pose  13 GlideScore =      0.765
GlideScore(    0.77)+Epik State Penalty(    0.00) =     0.77 kcal/mol
Reporting postminimized pose  11 GlideScore =      0.798
GlideScore(    0.80)+Epik State Penalty(    0.00) =     0.80 kcal/mol
Reporting postminimized pose  16 GlideScore =      1.002
GlideScore(    1.00)+Epik State Penalty(    0.00) =     1.00 kcal/mol
Reporting postminimized pose   9 GlideScore =      1.675
GlideScore(    1.67)+Epik State Penalty(    0.00) =     1.67 kcal/mol
Reporting postminimized pose  15 GlideScore =      1.743
GlideScore(    1.74)+Epik State Penalty(    0.00) =     1.74 kcal/mol
Reporting postminimized pose  17 GlideScore =      2.383
GlideScore(    2.38)+Epik State Penalty(    0.00) =     2.38 kcal/mol
Reporting postminimized pose  21 GlideScore =      3.134
GlideScore(    3.13)+Epik State Penalty(    0.00) =     3.13 kcal/mol
Reporting postminimized pose  22 GlideScore =      3.451
GlideScore(    3.45)+Epik State Penalty(    0.00) =     3.45 kcal/mol
Reporting postminimized pose  23 GlideScore =      3.923
GlideScore(    3.92)+Epik State Penalty(    0.00) =     3.92 kcal/mol
Reporting postminimized pose   1 GlideScore =      4.853
GlideScore(    4.85)+Epik State Penalty(    0.00) =     4.85 kcal/mol
Reporting postminimized pose   3 GlideScore =      4.997
GlideScore(    5.00)+Epik State Penalty(    0.00) =     5.00 kcal/mol
DOCKING RESULTS FOR LIGAND        1 (mPP-0398)
Best XP pose:    27;  GlideScore =     -0.96 Emodel =    -31.65 E =    -26.65 Eint =     1.03
  
 REPORT OF DOCKED POSES
  
 The ligand structures were written to the file
glide-dock_XP_17a-0001_raw.maegz

Exiting Glide
Date: Wednesday, July 21 2021, at 11:00:57 EEST
CPU time (s): 38.8 user, 0.2 system, 39.3 real
Total elapsed time = 39 seconds
[running at reduced cpu priority]
######## end of glide-dock_XP_17a-0001.log #########
