######## begin of glide-dock_SP_1-0001.log #########
Glide version 85012 (mmshare version 48012)
Copyright (c) Schrodinger, LLC.
All Rights Reserved.

--------------------------------------------------------------------------------
JobId          : dreanos-0-60f74cb9
Name           : glide-dock_SP_1-0001
Program        : Glide
Host           : dreanos
Dir            : /home/dreano/scratch/dreano/glide-dock_SP_1
HostEntry      : localhost
JobHost        : dreanos
JobDir         : /home/dreano/scratch/dreano/glide-dock_SP_1-0001
JobSchrodinger : /home/dreano/schrodinger2019-4
Commandline    : /home/dreano/schrodinger2019-4/glide -RESTART -serial glide-dock_SP_1-0001.inp -HOST localhost
StartTime      : 2021-07-21-01:22:49
--------------------------------------------------------------------------------

[running at reduced cpu priority]
 VdW radii of ligand atoms scaled by   0.800000000000000     
 Charge cutoff for polarity   0.150000000000000     
 After readscreen, (nx, ny, nz) = (          26 ,           26 ,           26 ).
  Receptor setup: (nsites, nx, ny, nz, bsize)=(         125 ,           26 , 
          26 ,           26 ,    1.00000000000000      ).
 Screening setup finished.
 DOCKMAIN: getting receptor.
  DOCKMAIN after grid: (nx, ny, nz) = (          72 ,           72 , 
          72 ).

 Metal   At. Num.  Eff. Charge  Category    x         y         z
20896      12        0.50           1   -34.672   -34.378    35.883
20897      12       -0.25          -1   -38.834   -36.986    35.864
20898      12       -0.17          -1   -35.105   -31.906    33.945
20899      12        0.08           1   -39.539   -33.361    35.423
20900      12        1.00           1   -37.415   -34.241    29.767
20910      11        0.00           2   -46.178   -17.052    23.198
20911      19        0.33           1   -40.636   -31.496    29.757
20958      12       -0.17          -1    -9.264   -19.245    33.264
20959      12        2.50           1    -2.674   -18.909    35.245
20960      12        1.50           1    -4.059   -17.817    33.010
20961      12        0.67           1    -7.104   -15.337    35.821
20962      12        0.50           1    -7.796   -21.438    34.748
20972      11       -2.00          -1   -12.979    -3.870    19.535
20973      19        0.67           1    -6.644   -13.114    31.664
20974      12        2.50           1   -34.581    34.061    57.789
20975      12        0.25           1   -40.166    33.813    57.370
20976      12        1.50           1   -35.527    35.757    55.821
20977      12        1.25           1   -39.558    31.354    58.873
20978      12        0.00           2   -37.750    32.544    52.777
20996      12       -1.33          -1    -7.779    45.220    54.763
20997      12        0.50           1    -2.250    47.243    54.421
20998      12        1.50           1    -5.236    50.812    52.626
20999      12        0.67           1    -7.555    50.242    55.572
21000      12        0.33           1    -9.936    48.684    53.030
21010      11        2.00           1   -13.440    60.914    37.924
21011      19        1.00           1    -7.494    51.992    50.884
  
 DOCKMAIN: Grid setup finished
Calling OPLS3e atomtyping ...
Finished parameter assignment

Reading torsion control file '/home/dreano/schrodinger2019-4/glide-v8.5/bin/Linux-x86_64/../../data/torcontrol.txt':
  
  Using generalized torsion control 
  
 Number of rotatable bonds            4
 Using templates for ring conformations.

GlideScore version SP5.0 will be used

  
 Buried polar penalty      0.000
 Coulomb vdW cutoff        0.000
 H bond cutoff             0.000
 Metal-ligand cutoff      10.000
Assigning GlideScore SP5.0 parameters
Postdocking minimization:  30 poses; CvdW cutoffs   100.0 kcal/mol for min,     0.0 kcal/mol for report.
GlideScore(   -2.42)+Epik State Penalty(    0.00) =    -2.42 kcal/mol
GlideScore(   -2.44)+Epik State Penalty(    0.00) =    -2.44 kcal/mol
GlideScore(   -2.26)+Epik State Penalty(    0.00) =    -2.26 kcal/mol
GlideScore(   -2.17)+Epik State Penalty(    0.00) =    -2.17 kcal/mol
GlideScore(   -2.16)+Epik State Penalty(    0.00) =    -2.16 kcal/mol
GlideScore(   -2.06)+Epik State Penalty(    0.00) =    -2.06 kcal/mol
GlideScore(   -2.25)+Epik State Penalty(    0.00) =    -2.25 kcal/mol
GlideScore(   -2.38)+Epik State Penalty(    0.00) =    -2.38 kcal/mol
GlideScore(   -2.24)+Epik State Penalty(    0.00) =    -2.24 kcal/mol
GlideScore(   -2.07)+Epik State Penalty(    0.00) =    -2.07 kcal/mol
GlideScore(   -1.88)+Epik State Penalty(    0.00) =    -1.88 kcal/mol
GlideScore(   -2.54)+Epik State Penalty(    0.00) =    -2.54 kcal/mol
GlideScore(   -2.11)+Epik State Penalty(    0.00) =    -2.11 kcal/mol
GlideScore(   -1.97)+Epik State Penalty(    0.00) =    -1.97 kcal/mol
GlideScore(   -2.46)+Epik State Penalty(    0.00) =    -2.46 kcal/mol
GlideScore(   -2.07)+Epik State Penalty(    0.00) =    -2.07 kcal/mol
GlideScore(   -1.65)+Epik State Penalty(    0.00) =    -1.65 kcal/mol
GlideScore(   -1.90)+Epik State Penalty(    0.00) =    -1.90 kcal/mol
GlideScore(   -2.34)+Epik State Penalty(    0.00) =    -2.34 kcal/mol
GlideScore(   -1.69)+Epik State Penalty(    0.00) =    -1.69 kcal/mol
DOCKING RESULTS FOR LIGAND        1 (mPP-0398)
Best Emodel=   -34.11 E=   -30.68 Eint=     2.50 GlideScore=    -2.42
  
 REPORT OF DOCKED POSES
  
 The ligand structures were written to the file
glide-dock_SP_1-0001_raw.maegz

Exiting Glide
Date: Wednesday, July 21 2021, at 01:23:06 EEST
CPU time (s): 14.5 user, 0.2 system, 15.0 real
Total elapsed time = 15 seconds
[running at reduced cpu priority]
######## end of glide-dock_SP_1-0001.log #########
