
====================================
            Glide Script            
====================================

--------------------------------------------------------------------------------
JobId          : dreanos-0-60fab4fd
Name           : glide-dock_XP_PP_clean
Program        : Glide
Host           : dreanos
Dir            : /home/dreano/Desktop/mppase/docking_2_12_2.prj/glide-dock_XP_PP_clean
HostEntry      : localhost
JobHost        : dreanos
JobDir         : /home/dreano/scratch/dreano/glide-dock_XP_PP_clean
JobSchrodinger : /home/dreano/schrodinger2019-4
Commandline    : /home/dreano/schrodinger2019-4/glide glide-dock_XP_PP_clean.in -OVERWRITE -adjust -HOST localhost:4 -PROJ /home/dreano/Desktop/mppase/docking_2_12_2.prj -DISP append -VIEWNAME glide_docking_gui.DockingPanel -TMPLAUNCHDIR
StartTime      : 2021-07-23-15:24:30
--------------------------------------------------------------------------------

Running locally: False
Max retries: 2
Input file: glide-dock_XP_PP_clean.in

Setting up docking job
Separating ligands...
Number of structures that are to be docked: 6
Setting up Glide docking jobs...

Running subjobs on hosts:
  localhost (Max: 4)
Number of jobs:       6
Max retries per job:  2
Max allowed failures: unlimited
Run with -LOCAL:      False
Verbosity:            normal

Starting JobDJ...

Keep one job on driver host: False
JobDJ columns:
  C: Number of completed subjobs
  A: Number of active subjobs (e.g., submitted, running)
  W: Number of waiting/pending subjobs

C A W | Activity  JobId  JobName  JobHost
- - - | --------- -----------------------
0 1 5 | launched  dreanos-0-60fab501 glide-dock_XP_PP_clean-0001 localhost [dreanos]
0 2 4 | launched  dreanos-0-60fab503 glide-dock_XP_PP_clean-0002 localhost [dreanos]
0 3 3 | launched  dreanos-0-60fab505 glide-dock_XP_PP_clean-0003 localhost [dreanos]
0 4 2 | launched  dreanos-0-60fab508 glide-dock_XP_PP_clean-0004 localhost [dreanos]
1 3 2 | finished  dreanos-0-60fab503 glide-dock_XP_PP_clean-0002 localhost [dreanos]
1 4 1 | launched  dreanos-0-60fab51b glide-dock_XP_PP_clean-0005 localhost [dreanos]
2 3 1 | finished  dreanos-0-60fab505 glide-dock_XP_PP_clean-0003 localhost [dreanos]
2 4 0 | launched  dreanos-0-60fab520 glide-dock_XP_PP_clean-0006 localhost [dreanos]
3 3 0 | finished  dreanos-0-60fab508 glide-dock_XP_PP_clean-0004 localhost [dreanos]
4 2 0 | finished  dreanos-0-60fab51b glide-dock_XP_PP_clean-0005 localhost [dreanos]
5 1 0 | finished  dreanos-0-60fab520 glide-dock_XP_PP_clean-0006 localhost [dreanos]
6 0 0 | finished  dreanos-0-60fab501 glide-dock_XP_PP_clean-0001 localhost [dreanos]

All jobs have completed.

6 of 6 job(s) succeeded; 0 job(s) failed.

All jobs succeeded: 6 ligands done.
Writing poses to glide-dock_XP_PP_clean_pv.maegz
Combining log files to glide-dock_XP_PP_clean_subjobs.log
Archiving subjob pose files in glide-dock_XP_PP_clean_subjob_poses.zip
Archiving subjob input and log files in glide-dock_XP_PP_clean_subjobs.tar.gz
Cleaning up...

Elapsed times:
- preprocessing: 0.1 s
- running subjobs: 84.7 s
- postprocessing: 1.6 s
- cleanup: 0.0 s

All Glide docking subjobs: Total CPU time = 164 seconds (2 min 44 s)

Finished at: Fri Jul 23 15:25:57 2021
Total elapsed time for Glide script = 87 seconds (1 min 27 s)
[running at reduced cpu priority]
