######## begin of xp_docking_6QXA_cmpd_2_12-0001.log #########
Glide version 85012 (mmshare version 48012)
Copyright (c) Schrodinger, LLC.
All Rights Reserved.

--------------------------------------------------------------------------------
JobId          : dreanos-0-60e744f4
Name           : xp_docking_6QXA_cmpd_2_12-0001
Program        : Glide
Host           : dreanos
Dir            : /home/dreano/scratch/dreano/xp_docking_6QXA_cmpd_2_12
HostEntry      : localhost
JobHost        : dreanos
JobDir         : /home/dreano/scratch/dreano/xp_docking_6QXA_cmpd_2_12-0001
JobSchrodinger : /home/dreano/schrodinger2019-4
Commandline    : /home/dreano/schrodinger2019-4/glide -RESTART -serial xp_docking_6QXA_cmpd_2_12-0001.inp -HOST localhost
StartTime      : 2021-07-08-21:33:24
--------------------------------------------------------------------------------

[running at reduced cpu priority]
 VdW radii of ligand atoms scaled by   0.800000000000000     
 Charge cutoff for polarity   0.150000000000000     
 After readscreen, (nx, ny, nz) = (          26 ,           26 ,           26 ).
  Receptor setup: (nsites, nx, ny, nz, bsize)=(         125 ,           26 , 
          26 ,           26 ,    1.00000000000000      ).
 Screening setup finished.
 DOCKMAIN: getting receptor.
  DOCKMAIN after grid: (nx, ny, nz) = (          72 ,           72 , 
          72 ).

 Metal   At. Num.  Eff. Charge  Category    x         y         z
20896      12        0.50           1   -34.672   -34.378    35.883
20897      12       -0.25          -1   -38.834   -36.986    35.864
20898      12       -0.17          -1   -35.105   -31.906    33.945
20899      12        0.08           1   -39.539   -33.361    35.423
20900      12        1.00           1   -37.415   -34.241    29.767
20910      11        0.00           2   -46.178   -17.052    23.198
20911      19        0.33           1   -40.636   -31.496    29.757
20958      12       -0.17          -1    -9.264   -19.245    33.264
20959      12        2.50           1    -2.674   -18.909    35.245
20960      12        1.50           1    -4.059   -17.817    33.010
20961      12        0.67           1    -7.104   -15.337    35.821
20962      12        0.50           1    -7.796   -21.438    34.748
20972      11       -2.00          -1   -12.979    -3.870    19.535
20973      19        0.67           1    -6.644   -13.114    31.664
20974      12        2.50           1   -34.581    34.061    57.789
20975      12        0.25           1   -40.166    33.813    57.370
20976      12        1.50           1   -35.527    35.757    55.821
20977      12        1.25           1   -39.558    31.354    58.873
20978      12        0.00           2   -37.750    32.544    52.777
20996      12       -1.33          -1    -7.779    45.220    54.763
20997      12        0.50           1    -2.250    47.243    54.421
20998      12        1.50           1    -5.236    50.812    52.626
20999      12        0.67           1    -7.555    50.242    55.572
21000      12        0.33           1    -9.936    48.684    53.030
21010      11        2.00           1   -13.440    60.914    37.924
21011      19        1.00           1    -7.494    51.992    50.884
  
 DOCKMAIN: Grid setup finished
Calling OPLS3e atomtyping ...
Finished parameter assignment

Reading torsion control file '/home/dreano/schrodinger2019-4/glide-v8.5/bin/Linux-x86_64/../../data/torcontrol.txt':
  
  Using generalized torsion control 
  
 Number of rotatable bonds            4
 Using templates for ring conformations.
Glide Extra Precision Mode active.

GlideScore version XP5.0 will be used

  
 Buried polar penalty      0.000
 Coulomb vdW cutoff        0.000
 H bond cutoff             0.000
 Metal-ligand cutoff      10.000
Assigning GlideScore XP5.0 parameters
For Glide Extra Precision mode, will use maxref = 800
 res reso default   16.0000000000000        16.0000000000000     
 res reso fin   16.0000000000000        16.0000000000000     
 Use grow mode-t
  
 res reso default   4.00000000000000        4.00000000000000     
 res reso fin   4.00000000000000        4.00000000000000     
 res reso default   4.00000000000000        4.00000000000000     
 res reso fin   4.00000000000000        4.00000000000000     
 res reso default   4.00000000000000        4.00000000000000     
 res reso fin   4.00000000000000        4.00000000000000     
 in ligrese
 RESIDUE MOL/CH/INS  EvdW    ECoul  HB  DCLOSE
 --------------------------------------------
RES    265    5 C      -0.88945   0.06722   0.00000   3.33138
RES    266    5 C    **********   5.66544   0.00000   0.30915
RES    267    5 C      -1.66599  -0.36477   0.00000   2.73858
RES    268    5 C    **********   2.71414   0.00000   0.40183
RES    269    5 C     303.54541   1.61771   0.00000   1.01658
RES    270    5 C      -0.53148  -0.07599   0.00000   3.22789
RES    271    5 C      -0.02791   0.06461   0.00000   6.16130
RES    272    5 C      -0.02477  -0.98965   0.00000   6.98893
RES    273    5 C      -0.05398  -0.11846   0.00000   5.55917
RES    274    5 C      -0.13746   0.16224   0.00000   4.69053
RES    275    5 C      -0.15659  -0.14545   0.00000   4.61835
RES    276    5 C      -0.09025   0.07516   0.00000   6.81910
RES    277    5 C      -0.45799  -1.35261  -1.00000   1.95396
RES    278    5 C      -0.18574  -0.01816   0.00000   4.62806
RES    351    5 C      -0.07464  -0.93354   0.00000   6.28039
RES    352    5 C      -1.74059  -0.17082   0.00000   2.40125
RES    528    5 C      -0.72563  -0.01850   0.00000   3.17555
RES    529    5 C      -0.68233   0.52028   0.00000   4.48999
RES    530    5 C       1.16633  -0.79571   0.00000   2.68274
RES    531    5 C    **********   0.25969   0.00000   1.01808
RES    532    5 C      -1.98931  -0.66790   0.00000   2.46656
 REPORT POSE ANCH_2           1           0          43
 REPORT POSE ANCH_2           2           0           1
 REPORT POSE ANCH_2           3           0          41
 REPORT POSE ANCH_2           4           0          48
 REPORT POSE ANCH_2           5           0          57
 REPORT POSE ANCH_2           6           0          53
 REPORT POSE ANCH_2           7           0          40
 REPORT POSE ANCH_2           8           0          33
Full force-field refinement in receptor field for up to   30 poses
    8 poses will be postminimized for this ligand
 iancorig for REPORT pose           1           0
 iancorig for REPORT pose           2           0
 iancorig for REPORT pose           3           0
 iancorig for REPORT pose           4           0
 iancorig for REPORT pose           5           0
 iancorig for REPORT pose           6           0
 iancorig for REPORT pose           7           0
 iancorig for REPORT pose           8           0
Reporting postminimized pose   1 GlideScore =     -0.948
Pose   43   GlideScore =   -0.95
 in ligrese
 RESIDUE MOL/CH/INS  EvdW    ECoul  HB  DCLOSE
 --------------------------------------------
RES    265    5 C      -0.12239   0.04602   0.00000   6.48050
RES    266    5 C      -2.48104   0.15154   0.00000   2.75153
RES    267    5 C      -0.09734   0.05842   0.00000   6.66498
RES    268    5 C      -0.74749  -0.83948   0.00000   2.42290
RES    269    5 C      -0.01604   0.35485   0.00000   8.31700
RES    270    5 C      -0.01714   0.00443   0.00000   7.12589
RES    271    5 C      -0.00130  -0.00918   0.00000  12.79711
RES    272    5 C      -0.00171  -0.37280   0.00000  14.30472
RES    273    5 C      -0.00385  -0.00225   0.00000  11.42868
RES    274    5 C      -0.00898   0.01168   0.00000  10.59583
RES    275    5 C      -0.02955  -0.02369   0.00000   7.00196
RES    276    5 C      -0.04192  -0.01557   0.00000   6.95920
RES    277    5 C      -2.37627  -0.94229   0.00000   2.34944
RES    278    5 C      -0.12593   0.00590   0.00000   6.37161
RES    351    5 C      -0.74549  -2.52586   0.00000   3.55879
RES    352    5 C      -4.50712  -0.57480   0.00000   2.46268
RES    528    5 C      -0.01726  -0.00640   0.00000   8.99522
RES    529    5 C      -0.05009   0.10484   0.00000   7.91614
RES    530    5 C      -0.37455  -0.07641   0.00000   4.95266
RES    531    5 C      -2.42175  -0.24239   0.00000   3.30257
RES    532    5 C      -2.42060  -0.70553   0.00000   2.81598
GlideScore(   -0.95)+Epik State Penalty(    0.00) =    -0.95 kcal/mol
DOCKING RESULTS FOR LIGAND        1 (mPP-0224)
Best XP pose:    43;  GlideScore =     -0.95 Emodel =    -32.99 E =    -28.31 Eint =     0.00
  
 REPORT OF DOCKED POSES
  
 The ligand structures were written to the file
xp_docking_6QXA_cmpd_2_12-0001_raw.maegz

Exiting Glide
Date: Thursday, July 08 2021, at 21:34:28 EEST
CPU time (s): 47.4 user, 0.4 system, 62.1 real
Total elapsed time = 62 seconds (1 minutes, 2 seconds)
[running at reduced cpu priority]
######## end of xp_docking_6QXA_cmpd_2_12-0001.log #########
######## begin of xp_docking_6QXA_cmpd_2_12-0002.log #########
Glide version 85012 (mmshare version 48012)
Copyright (c) Schrodinger, LLC.
All Rights Reserved.

--------------------------------------------------------------------------------
JobId          : dreanos-0-60e744f6
Name           : xp_docking_6QXA_cmpd_2_12-0002
Program        : Glide
Host           : dreanos
Dir            : /home/dreano/scratch/dreano/xp_docking_6QXA_cmpd_2_12
HostEntry      : localhost
JobHost        : dreanos
JobDir         : /home/dreano/scratch/dreano/xp_docking_6QXA_cmpd_2_12-0002
JobSchrodinger : /home/dreano/schrodinger2019-4
Commandline    : /home/dreano/schrodinger2019-4/glide -RESTART -serial xp_docking_6QXA_cmpd_2_12-0002.inp -HOST localhost
StartTime      : 2021-07-08-21:33:26
--------------------------------------------------------------------------------

[running at reduced cpu priority]
Offsetting ligand numbers by 1
 VdW radii of ligand atoms scaled by   0.800000000000000     
 Charge cutoff for polarity   0.150000000000000     
 After readscreen, (nx, ny, nz) = (          26 ,           26 ,           26 ).
  Receptor setup: (nsites, nx, ny, nz, bsize)=(         125 ,           26 , 
          26 ,           26 ,    1.00000000000000      ).
 Screening setup finished.
 DOCKMAIN: getting receptor.
  DOCKMAIN after grid: (nx, ny, nz) = (          72 ,           72 , 
          72 ).

 Metal   At. Num.  Eff. Charge  Category    x         y         z
20896      12        0.50           1   -34.672   -34.378    35.883
20897      12       -0.25          -1   -38.834   -36.986    35.864
20898      12       -0.17          -1   -35.105   -31.906    33.945
20899      12        0.08           1   -39.539   -33.361    35.423
20900      12        1.00           1   -37.415   -34.241    29.767
20910      11        0.00           2   -46.178   -17.052    23.198
20911      19        0.33           1   -40.636   -31.496    29.757
20958      12       -0.17          -1    -9.264   -19.245    33.264
20959      12        2.50           1    -2.674   -18.909    35.245
20960      12        1.50           1    -4.059   -17.817    33.010
20961      12        0.67           1    -7.104   -15.337    35.821
20962      12        0.50           1    -7.796   -21.438    34.748
20972      11       -2.00          -1   -12.979    -3.870    19.535
20973      19        0.67           1    -6.644   -13.114    31.664
20974      12        2.50           1   -34.581    34.061    57.789
20975      12        0.25           1   -40.166    33.813    57.370
20976      12        1.50           1   -35.527    35.757    55.821
20977      12        1.25           1   -39.558    31.354    58.873
20978      12        0.00           2   -37.750    32.544    52.777
20996      12       -1.33          -1    -7.779    45.220    54.763
20997      12        0.50           1    -2.250    47.243    54.421
20998      12        1.50           1    -5.236    50.812    52.626
20999      12        0.67           1    -7.555    50.242    55.572
21000      12        0.33           1    -9.936    48.684    53.030
21010      11        2.00           1   -13.440    60.914    37.924
21011      19        1.00           1    -7.494    51.992    50.884
  
 DOCKMAIN: Grid setup finished
Calling OPLS3e atomtyping ...
Finished parameter assignment

Reading torsion control file '/home/dreano/schrodinger2019-4/glide-v8.5/bin/Linux-x86_64/../../data/torcontrol.txt':
  
  Using generalized torsion control 
  
 Number of rotatable bonds            7
 Using templates for ring conformations.
Glide Extra Precision Mode active.

GlideScore version XP5.0 will be used

  
 Buried polar penalty      0.000
 Coulomb vdW cutoff        0.000
 H bond cutoff             0.000
 Metal-ligand cutoff      10.000
Assigning GlideScore XP5.0 parameters
For Glide Extra Precision mode, will use maxref = 800
 res reso default   16.0000000000000        16.0000000000000     
 res reso fin   16.0000000000000        16.0000000000000     
 Use grow mode-t
  
 res reso default   4.00000000000000        4.00000000000000     
 res reso fin   4.00000000000000        4.00000000000000     
 res reso default   4.00000000000000        4.00000000000000     
 res reso fin   4.00000000000000        4.00000000000000     
 res reso default   4.00000000000000        4.00000000000000     
 res reso fin   4.00000000000000        4.00000000000000     
 in ligrese
 RESIDUE MOL/CH/INS  EvdW    ECoul  HB  DCLOSE
 --------------------------------------------
RES    265    5 C      -0.41194   0.57764   0.00000   4.31783
RES    266    5 C      -0.58161  -0.13308   0.00000   4.13854
RES    267    5 C      -1.19833   0.74050   0.00000   2.82884
RES    268    5 C      -1.25017  -0.30192   0.00000   3.63522
RES    269    5 C      -0.28373  -1.71346   0.00000   5.40852
RES    270    5 C      -0.07097   0.00157   0.00000   8.24227
RES    271    5 C      -0.00939  -0.02981   0.00000  11.62969
RES    272    5 C      -0.01310   0.87168   0.00000  11.69849
RES    273    5 C      -0.01697   0.05538   0.00000  10.29960
RES    274    5 C      -0.05659  -0.11636   0.00000   6.86342
RES    275    5 C      -0.05122   0.09747   0.00000   7.08050
RES    276    5 C      -0.04030  -0.03445   0.00000   7.76415
RES    277    5 C      -1.38411  -0.50205   0.00000   3.37054
RES    278    5 C      -0.03025   0.03144   0.00000   7.95973
RES    351    5 C      -0.03617   0.76424   0.00000   6.82193
RES    352    5 C      -0.24880  -0.08687   0.00000   4.49950
RES    528    5 C       7.42571   1.57778   0.00000   2.16478
RES    529    5 C    **********  -8.08625   0.00000   1.11274
RES    530    5 C    **********   2.15881   0.00000   0.55428
RES    531    5 C       1.62011  -0.59649   0.00000   2.39257
RES    532    5 C      -2.95960   0.19993   0.00000   2.58460
 REPORT POSE ANCH_2           1           0          15
 REPORT POSE ANCH_2           2           0          32
 REPORT POSE ANCH_2           3           0          14
 REPORT POSE ANCH_2           4           0          26
 REPORT POSE ANCH_2           5           0          20
 REPORT POSE ANCH_2           6           0           5
 REPORT POSE ANCH_2           7           0           2
 REPORT POSE ANCH_2           8           0          22
 REPORT POSE ANCH_2           9           0          16
 REPORT POSE ANCH_2          10           0          34
Full force-field refinement in receptor field for up to   30 poses
   10 poses will be postminimized for this ligand
 iancorig for REPORT pose           1           0
 iancorig for REPORT pose           2           0
 iancorig for REPORT pose           3           0
 iancorig for REPORT pose           4           0
 iancorig for REPORT pose           5           0
 iancorig for REPORT pose           6           0
 iancorig for REPORT pose           7           0
 iancorig for REPORT pose           8           0
 iancorig for REPORT pose           9           0
 iancorig for REPORT pose          10           0
Reporting postminimized pose   6 GlideScore =     -3.466
Pose    5   GlideScore =   -3.47
 in ligrese
 RESIDUE MOL/CH/INS  EvdW    ECoul  HB  DCLOSE
 --------------------------------------------
RES    265    5 C      -0.20015  -0.27287   0.00000   4.93555
RES    266    5 C      -0.70628   0.26824   0.00000   4.01760
RES    267    5 C      -0.08679  -3.59351  -1.00000   1.80019
RES    268    5 C      -6.60793  -1.52420   0.00000   2.47691
RES    269    5 C      -2.18147  -5.37046  -1.00000   1.95239
RES    270    5 C      -0.64137   0.10302   0.00000   3.87643
RES    271    5 C      -0.04167  -0.08682   0.00000   6.51489
RES    272    5 C      -0.03991   1.04906   0.00000   7.66729
RES    273    5 C      -0.06063   0.08203   0.00000   7.52421
RES    274    5 C      -0.14448  -0.04850   0.00000   5.86108
RES    275    5 C      -0.16003  -0.11973   0.00000   6.23643
RES    276    5 C      -0.07764   0.15373   0.00000   7.26586
RES    277    5 C      -2.29935  -2.91229  -1.05377   1.97161
RES    278    5 C      -0.04347  -0.00559   0.00000   7.30365
RES    351    5 C      -0.02925   0.25090   0.00000   8.46067
RES    352    5 C      -0.20397   0.06504   0.00000   5.26215
RES    528    5 C      -1.76377   0.54634   0.00000   3.06956
RES    529    5 C      -1.72247  -1.51834   0.00000   3.25478
RES    530    5 C      -5.44694  -0.11505   0.00000   2.55584
RES    531    5 C      -2.19400  -0.15450   0.00000   3.00147
RES    532    5 C      -1.63428  -0.11040   0.00000   2.66670
GlideScore(   -3.47)+Epik State Penalty(    0.41) =    -3.06 kcal/mol
DOCKING RESULTS FOR LIGAND        2 (mPP-0293)
Best XP pose:     5;  GlideScore =     -3.47 Emodel =    -41.81 E =    -36.81 Eint =     2.07
  
 REPORT OF DOCKED POSES
  
 The ligand structures were written to the file
xp_docking_6QXA_cmpd_2_12-0002_raw.maegz

Exiting Glide
Date: Thursday, July 08 2021, at 21:34:53 EEST
CPU time (s): 67.6 user, 0.3 system, 83.9 real
Total elapsed time = 84 seconds (1 minutes, 24 seconds)
[running at reduced cpu priority]
######## end of xp_docking_6QXA_cmpd_2_12-0002.log #########
######## begin of xp_docking_6QXA_cmpd_2_12-0003.log #########
Glide version 85012 (mmshare version 48012)
Copyright (c) Schrodinger, LLC.
All Rights Reserved.

--------------------------------------------------------------------------------
JobId          : dreanos-0-60e744f9
Name           : xp_docking_6QXA_cmpd_2_12-0003
Program        : Glide
Host           : dreanos
Dir            : /home/dreano/scratch/dreano/xp_docking_6QXA_cmpd_2_12
HostEntry      : localhost
JobHost        : dreanos
JobDir         : /home/dreano/scratch/dreano/xp_docking_6QXA_cmpd_2_12-0003
JobSchrodinger : /home/dreano/schrodinger2019-4
Commandline    : /home/dreano/schrodinger2019-4/glide -RESTART -serial xp_docking_6QXA_cmpd_2_12-0003.inp -HOST localhost
StartTime      : 2021-07-08-21:33:29
--------------------------------------------------------------------------------

[running at reduced cpu priority]
Offsetting ligand numbers by 2
 VdW radii of ligand atoms scaled by   0.800000000000000     
 Charge cutoff for polarity   0.150000000000000     
 After readscreen, (nx, ny, nz) = (          26 ,           26 ,           26 ).
  Receptor setup: (nsites, nx, ny, nz, bsize)=(         125 ,           26 , 
          26 ,           26 ,    1.00000000000000      ).
 Screening setup finished.
 DOCKMAIN: getting receptor.
  DOCKMAIN after grid: (nx, ny, nz) = (          72 ,           72 , 
          72 ).

 Metal   At. Num.  Eff. Charge  Category    x         y         z
20896      12        0.50           1   -34.672   -34.378    35.883
20897      12       -0.25          -1   -38.834   -36.986    35.864
20898      12       -0.17          -1   -35.105   -31.906    33.945
20899      12        0.08           1   -39.539   -33.361    35.423
20900      12        1.00           1   -37.415   -34.241    29.767
20910      11        0.00           2   -46.178   -17.052    23.198
20911      19        0.33           1   -40.636   -31.496    29.757
20958      12       -0.17          -1    -9.264   -19.245    33.264
20959      12        2.50           1    -2.674   -18.909    35.245
20960      12        1.50           1    -4.059   -17.817    33.010
20961      12        0.67           1    -7.104   -15.337    35.821
20962      12        0.50           1    -7.796   -21.438    34.748
20972      11       -2.00          -1   -12.979    -3.870    19.535
20973      19        0.67           1    -6.644   -13.114    31.664
20974      12        2.50           1   -34.581    34.061    57.789
20975      12        0.25           1   -40.166    33.813    57.370
20976      12        1.50           1   -35.527    35.757    55.821
20977      12        1.25           1   -39.558    31.354    58.873
20978      12        0.00           2   -37.750    32.544    52.777
20996      12       -1.33          -1    -7.779    45.220    54.763
20997      12        0.50           1    -2.250    47.243    54.421
20998      12        1.50           1    -5.236    50.812    52.626
20999      12        0.67           1    -7.555    50.242    55.572
21000      12        0.33           1    -9.936    48.684    53.030
21010      11        2.00           1   -13.440    60.914    37.924
21011      19        1.00           1    -7.494    51.992    50.884
  
 DOCKMAIN: Grid setup finished
Calling OPLS3e atomtyping ...
Finished parameter assignment

Reading torsion control file '/home/dreano/schrodinger2019-4/glide-v8.5/bin/Linux-x86_64/../../data/torcontrol.txt':
  
  Using generalized torsion control 
  
 Number of rotatable bonds            7
 Using templates for ring conformations.
Glide Extra Precision Mode active.

GlideScore version XP5.0 will be used

  
 Buried polar penalty      0.000
 Coulomb vdW cutoff        0.000
 H bond cutoff             0.000
 Metal-ligand cutoff      10.000
Assigning GlideScore XP5.0 parameters
For Glide Extra Precision mode, will use maxref = 800
 res reso default   16.0000000000000        16.0000000000000     
 res reso fin   16.0000000000000        16.0000000000000     
 Use grow mode-t
  
 res reso default   4.00000000000000        4.00000000000000     
 res reso fin   4.00000000000000        4.00000000000000     
 res reso default   4.00000000000000        4.00000000000000     
 res reso fin   4.00000000000000        4.00000000000000     
 res reso default   4.00000000000000        4.00000000000000     
 res reso fin   4.00000000000000        4.00000000000000     
 in ligrese
 RESIDUE MOL/CH/INS  EvdW    ECoul  HB  DCLOSE
 --------------------------------------------
RES    265    5 C      -0.44506   0.14756   0.00000   3.68700
RES    266    5 C      -0.91641   0.34129   0.00000   3.38434
RES    267    5 C    **********  -4.80850   0.00000   0.51797
RES    268    5 C     248.50172  -2.29068   0.00000   1.21681
RES    269    5 C      -1.68733  -0.81920  -0.95502   2.11799
RES    270    5 C      -1.19945   0.04943   0.00000   3.38479
RES    271    5 C      -0.03710   0.01928   0.00000   6.98625
RES    272    5 C      -0.03068   0.45307   0.00000   8.07647
RES    273    5 C      -0.06399   0.07716   0.00000   7.21983
RES    274    5 C      -0.16884  -0.07349   0.00000   5.25169
RES    275    5 C      -0.24899  -0.13513   0.00000   4.42692
RES    276    5 C      -0.10790   0.11860   0.00000   5.38984
RES    277    5 C      -2.64767  -0.14864   0.00000   2.60902
RES    278    5 C      -0.04156  -0.01256   0.00000   7.19324
RES    351    5 C      -0.02119   0.62742   0.00000  10.02361
RES    352    5 C      -0.11235   0.03941   0.00000   6.66585
RES    528    5 C      -0.16772   1.46584   0.00000   2.69611
RES    529    5 C       0.96671  -1.39824   0.00000   2.14670
RES    530    5 C    ********** -11.16111   0.00000   0.55661
RES    531    5 C    4174.95907  -0.08880   0.00000   1.24862
RES    532    5 C    **********  -0.55137  -0.76086   0.95412
 REPORT POSE ANCH_2           1           0          11
 REPORT POSE ANCH_2           2           0          57
 REPORT POSE ANCH_2           3           0          44
 REPORT POSE ANCH_2           4           0          23
Full force-field refinement in receptor field for up to   30 poses
    4 poses will be postminimized for this ligand
 iancorig for REPORT pose           1           0
 iancorig for REPORT pose           2           0
 iancorig for REPORT pose           3           0
 iancorig for REPORT pose           4           0
Reporting original pose   1 GlideScore =     -5.835
Pose   11   GlideScore =   -5.83
 in ligrese
 RESIDUE MOL/CH/INS  EvdW    ECoul  HB  DCLOSE
 --------------------------------------------
RES    265    5 C      -0.19107  -0.20984   0.00000   5.05985
RES    266    5 C      -1.62191  -0.08864   0.00000   2.71979
RES    267    5 C      -1.25834  -0.49082   0.00000   2.45137
RES    268    5 C      -4.37746  -4.67475  -1.00000   1.75967
RES    269    5 C      -2.19545  -3.06289  -0.98010   2.10796
RES    270    5 C      -0.80654   0.01737   0.00000   3.65778
RES    271    5 C      -0.03978  -0.09203   0.00000   5.62790
RES    272    5 C      -0.03109   0.48329   0.00000   7.28196
RES    273    5 C      -0.05549  -0.00163   0.00000   6.55329
RES    274    5 C      -0.12365   0.02511   0.00000   5.36267
RES    275    5 C      -0.14800  -0.04010   0.00000   6.23039
RES    276    5 C      -0.07689  -0.00924   0.00000   8.02311
RES    277    5 C      -3.23851  -1.21600   0.00000   2.56612
RES    278    5 C      -0.07579  -0.02852   0.00000   6.25574
RES    351    5 C      -0.08284   0.11283   0.00000   5.56244
RES    352    5 C      -1.47298  -0.19599   0.00000   2.60449
RES    528    5 C       0.39916  -2.90517  -1.00000   1.77336
RES    529    5 C      -1.07854  -1.73615   0.00000   3.67450
RES    530    5 C      -4.69730   0.18582   0.00000   2.16509
RES    531    5 C      -2.79291   0.14328   0.00000   1.97114
RES    532    5 C      -1.14922  -2.51356  -0.67289   1.98738
GlideScore(   -5.83)+Epik State Penalty(    0.41) =    -5.42 kcal/mol
DOCKING RESULTS FOR LIGAND        3 (mPP-0293)
Best XP pose:    11;  GlideScore =     -5.83 Emodel =    -52.28 E =    -39.67 Eint =     5.79
  
 REPORT OF DOCKED POSES
  
 The ligand structures were written to the file
xp_docking_6QXA_cmpd_2_12-0003_raw.maegz

Exiting Glide
Date: Thursday, July 08 2021, at 21:35:31 EEST
CPU time (s): 102.1 user, 0.4 system, 119.8 real
Total elapsed time = 120 seconds (2 minutes, 0 seconds)
[running at reduced cpu priority]
######## end of xp_docking_6QXA_cmpd_2_12-0003.log #########
######## begin of xp_docking_6QXA_cmpd_2_12-0004.log #########
Glide version 85012 (mmshare version 48012)
Copyright (c) Schrodinger, LLC.
All Rights Reserved.

--------------------------------------------------------------------------------
JobId          : dreanos-0-60e744fb
Name           : xp_docking_6QXA_cmpd_2_12-0004
Program        : Glide
Host           : dreanos
Dir            : /home/dreano/scratch/dreano/xp_docking_6QXA_cmpd_2_12
HostEntry      : localhost
JobHost        : dreanos
JobDir         : /home/dreano/scratch/dreano/xp_docking_6QXA_cmpd_2_12-0004
JobSchrodinger : /home/dreano/schrodinger2019-4
Commandline    : /home/dreano/schrodinger2019-4/glide -RESTART -serial xp_docking_6QXA_cmpd_2_12-0004.inp -HOST localhost
StartTime      : 2021-07-08-21:33:32
--------------------------------------------------------------------------------

[running at reduced cpu priority]
Offsetting ligand numbers by 3
 VdW radii of ligand atoms scaled by   0.800000000000000     
 Charge cutoff for polarity   0.150000000000000     
 After readscreen, (nx, ny, nz) = (          26 ,           26 ,           26 ).
  Receptor setup: (nsites, nx, ny, nz, bsize)=(         125 ,           26 , 
          26 ,           26 ,    1.00000000000000      ).
 Screening setup finished.
 DOCKMAIN: getting receptor.
  DOCKMAIN after grid: (nx, ny, nz) = (          72 ,           72 , 
          72 ).

 Metal   At. Num.  Eff. Charge  Category    x         y         z
20896      12        0.50           1   -34.672   -34.378    35.883
20897      12       -0.25          -1   -38.834   -36.986    35.864
20898      12       -0.17          -1   -35.105   -31.906    33.945
20899      12        0.08           1   -39.539   -33.361    35.423
20900      12        1.00           1   -37.415   -34.241    29.767
20910      11        0.00           2   -46.178   -17.052    23.198
20911      19        0.33           1   -40.636   -31.496    29.757
20958      12       -0.17          -1    -9.264   -19.245    33.264
20959      12        2.50           1    -2.674   -18.909    35.245
20960      12        1.50           1    -4.059   -17.817    33.010
20961      12        0.67           1    -7.104   -15.337    35.821
20962      12        0.50           1    -7.796   -21.438    34.748
20972      11       -2.00          -1   -12.979    -3.870    19.535
20973      19        0.67           1    -6.644   -13.114    31.664
20974      12        2.50           1   -34.581    34.061    57.789
20975      12        0.25           1   -40.166    33.813    57.370
20976      12        1.50           1   -35.527    35.757    55.821
20977      12        1.25           1   -39.558    31.354    58.873
20978      12        0.00           2   -37.750    32.544    52.777
20996      12       -1.33          -1    -7.779    45.220    54.763
20997      12        0.50           1    -2.250    47.243    54.421
20998      12        1.50           1    -5.236    50.812    52.626
20999      12        0.67           1    -7.555    50.242    55.572
21000      12        0.33           1    -9.936    48.684    53.030
21010      11        2.00           1   -13.440    60.914    37.924
21011      19        1.00           1    -7.494    51.992    50.884
  
 DOCKMAIN: Grid setup finished
Calling OPLS3e atomtyping ...
Finished parameter assignment

Reading torsion control file '/home/dreano/schrodinger2019-4/glide-v8.5/bin/Linux-x86_64/../../data/torcontrol.txt':
  
  Using generalized torsion control 
  
 Number of rotatable bonds            7
 Using templates for ring conformations.
Glide Extra Precision Mode active.

GlideScore version XP5.0 will be used

  
 Buried polar penalty      0.000
 Coulomb vdW cutoff        0.000
 H bond cutoff             0.000
 Metal-ligand cutoff      10.000
Assigning GlideScore XP5.0 parameters
For Glide Extra Precision mode, will use maxref = 800
 res reso default   16.0000000000000        16.0000000000000     
 res reso fin   16.0000000000000        16.0000000000000     
 Use grow mode-t
  
 res reso default   4.00000000000000        4.00000000000000     
 res reso fin   4.00000000000000        4.00000000000000     
 res reso default   4.00000000000000        4.00000000000000     
 res reso fin   4.00000000000000        4.00000000000000     
 res reso default   4.00000000000000        4.00000000000000     
 res reso fin   4.00000000000000        4.00000000000000     
 in ligrese
 RESIDUE MOL/CH/INS  EvdW    ECoul  HB  DCLOSE
 --------------------------------------------
RES    265    5 C      -0.13376   0.22874   0.00000   6.04735
RES    266    5 C      -0.37396   0.01615   0.00000   4.99844
RES    267    5 C      -1.36794   0.24385   0.00000   3.19982
RES    268    5 C      -6.52050  -1.68295   0.00000   2.62166
RES    269    5 C     151.37726  -4.73267  -1.00000   1.84599
RES    270    5 C      18.18736   0.03261   0.00000   1.46344
RES    271    5 C      -0.20781  -0.23555   0.00000   4.00587
RES    272    5 C      -0.07870   1.23646   0.00000   5.96680
RES    273    5 C      -0.12134   0.13758   0.00000   5.40969
RES    274    5 C      -0.16697  -0.23001   0.00000   5.88982
RES    275    5 C      -0.18087   0.12451   0.00000   6.18597
RES    276    5 C      -0.06972   0.14390   0.00000   8.36364
RES    277    5 C      -0.88037   1.05423   0.00000   2.69972
RES    278    5 C      -0.03429   0.04951   0.00000   7.82048
RES    351    5 C      -0.02494  -1.14308   0.00000   8.74021
RES    352    5 C      -0.14761  -0.21008   0.00000   4.64919
RES    528    5 C      -1.30845   1.45055   0.00000   3.04456
RES    529    5 C      -0.94680  -1.48077   0.00000   4.78024
RES    530    5 C      -3.91608   0.43182   0.00000   2.82501
RES    531    5 C      -1.21997   0.31156   0.00000   2.54626
RES    532    5 C      -0.69703   0.16330   0.00000   3.93647
 REPORT POSE ANCH_2           1           0          11
 REPORT POSE ANCH_2           2           0           1
 REPORT POSE ANCH_2           3           0           3
 REPORT POSE ANCH_2           4           0          28
 REPORT POSE ANCH_2           5           0           5
 REPORT POSE ANCH_2           6           0           9
 REPORT POSE ANCH_2           7           0          20
 REPORT POSE ANCH_2           8           0          44
 REPORT POSE ANCH_2           9           0          35
 REPORT POSE ANCH_2          10           0          30
 REPORT POSE ANCH_2          11           0          41
Full force-field refinement in receptor field for up to   30 poses
   11 poses will be postminimized for this ligand
 iancorig for REPORT pose           1           0
 iancorig for REPORT pose           2           0
 iancorig for REPORT pose           3           0
 iancorig for REPORT pose           4           0
 iancorig for REPORT pose           5           0
 iancorig for REPORT pose           6           0
 iancorig for REPORT pose           7           0
 iancorig for REPORT pose           8           0
 iancorig for REPORT pose           9           0
 iancorig for REPORT pose          10           0
 iancorig for REPORT pose          11           0
Reporting postminimized pose   6 GlideScore =     -4.138
Pose    9   GlideScore =   -4.14
 in ligrese
 RESIDUE MOL/CH/INS  EvdW    ECoul  HB  DCLOSE
 --------------------------------------------
RES    265    5 C      -0.10885  -0.00276   0.00000   6.33853
RES    266    5 C      -0.74232   0.16019   0.00000   2.76396
RES    267    5 C      -0.73963  -0.11606   0.00000   3.78414
RES    268    5 C      -4.48829  -3.70764   0.00000   2.25455
RES    269    5 C      -2.52600  -3.31498  -1.00000   1.99476
RES    270    5 C      -0.91688   0.28176   0.00000   2.02469
RES    271    5 C      -0.05052  -0.09007   0.00000   5.76189
RES    272    5 C      -0.03786   0.42534   0.00000   7.49938
RES    273    5 C      -0.06173   0.11860   0.00000   6.17831
RES    274    5 C      -0.12284  -0.10495   0.00000   5.53753
RES    275    5 C      -0.11963   0.01482   0.00000   5.72369
RES    276    5 C      -0.05076   0.08604   0.00000   8.28734
RES    277    5 C      -2.19628  -0.51266   0.00000   1.84066
RES    278    5 C      -0.03684  -0.01489   0.00000   6.34200
RES    351    5 C      -0.02804  -1.04504   0.00000   7.40141
RES    352    5 C      -0.30821  -0.08197   0.00000   3.54455
RES    528    5 C       0.46691  -3.68339  -1.00000   1.70650
RES    529    5 C      -1.04869  -0.42378   0.00000   3.14252
RES    530    5 C      -5.15744  -0.16729   0.00000   2.23696
RES    531    5 C      -2.08159  -0.08225   0.00000   2.92430
RES    532    5 C      -1.23055   0.75070   0.00000   1.97684
GlideScore(   -4.14)+Epik State Penalty(    0.41) =    -3.73 kcal/mol
DOCKING RESULTS FOR LIGAND        4 (mPP-0293)
Best XP pose:     9;  GlideScore =     -4.14 Emodel =    -37.61 E =    -31.78 Eint =     1.01
GLIDE WARNING: The above ligand had one or more atoms outside the grid box during energy evaluation or minimization.
  
 REPORT OF DOCKED POSES
  
 The ligand structures were written to the file
xp_docking_6QXA_cmpd_2_12-0004_raw.maegz

Exiting Glide
Date: Thursday, July 08 2021, at 21:34:37 EEST
CPU time (s): 49.6 user, 0.4 system, 62.8 real
Total elapsed time = 63 seconds (1 minutes, 3 seconds)
[running at reduced cpu priority]
######## end of xp_docking_6QXA_cmpd_2_12-0004.log #########
######## begin of xp_docking_6QXA_cmpd_2_12-0005.log #########
Glide version 85012 (mmshare version 48012)
Copyright (c) Schrodinger, LLC.
All Rights Reserved.

--------------------------------------------------------------------------------
JobId          : dreanos-0-60e74538
Name           : xp_docking_6QXA_cmpd_2_12-0005
Program        : Glide
Host           : dreanos
Dir            : /home/dreano/scratch/dreano/xp_docking_6QXA_cmpd_2_12
HostEntry      : localhost
JobHost        : dreanos
JobDir         : /home/dreano/scratch/dreano/xp_docking_6QXA_cmpd_2_12-0005
JobSchrodinger : /home/dreano/schrodinger2019-4
Commandline    : /home/dreano/schrodinger2019-4/glide -RESTART -serial xp_docking_6QXA_cmpd_2_12-0005.inp -HOST localhost
StartTime      : 2021-07-08-21:34:32
--------------------------------------------------------------------------------

[running at reduced cpu priority]
Offsetting ligand numbers by 4
 VdW radii of ligand atoms scaled by   0.800000000000000     
 Charge cutoff for polarity   0.150000000000000     
 After readscreen, (nx, ny, nz) = (          26 ,           26 ,           26 ).
  Receptor setup: (nsites, nx, ny, nz, bsize)=(         125 ,           26 , 
          26 ,           26 ,    1.00000000000000      ).
 Screening setup finished.
 DOCKMAIN: getting receptor.
  DOCKMAIN after grid: (nx, ny, nz) = (          72 ,           72 , 
          72 ).

 Metal   At. Num.  Eff. Charge  Category    x         y         z
20896      12        0.50           1   -34.672   -34.378    35.883
20897      12       -0.25          -1   -38.834   -36.986    35.864
20898      12       -0.17          -1   -35.105   -31.906    33.945
20899      12        0.08           1   -39.539   -33.361    35.423
20900      12        1.00           1   -37.415   -34.241    29.767
20910      11        0.00           2   -46.178   -17.052    23.198
20911      19        0.33           1   -40.636   -31.496    29.757
20958      12       -0.17          -1    -9.264   -19.245    33.264
20959      12        2.50           1    -2.674   -18.909    35.245
20960      12        1.50           1    -4.059   -17.817    33.010
20961      12        0.67           1    -7.104   -15.337    35.821
20962      12        0.50           1    -7.796   -21.438    34.748
20972      11       -2.00          -1   -12.979    -3.870    19.535
20973      19        0.67           1    -6.644   -13.114    31.664
20974      12        2.50           1   -34.581    34.061    57.789
20975      12        0.25           1   -40.166    33.813    57.370
20976      12        1.50           1   -35.527    35.757    55.821
20977      12        1.25           1   -39.558    31.354    58.873
20978      12        0.00           2   -37.750    32.544    52.777
20996      12       -1.33          -1    -7.779    45.220    54.763
20997      12        0.50           1    -2.250    47.243    54.421
20998      12        1.50           1    -5.236    50.812    52.626
20999      12        0.67           1    -7.555    50.242    55.572
21000      12        0.33           1    -9.936    48.684    53.030
21010      11        2.00           1   -13.440    60.914    37.924
21011      19        1.00           1    -7.494    51.992    50.884
  
 DOCKMAIN: Grid setup finished
Calling OPLS3e atomtyping ...
Finished parameter assignment

Reading torsion control file '/home/dreano/schrodinger2019-4/glide-v8.5/bin/Linux-x86_64/../../data/torcontrol.txt':
  
  Using generalized torsion control 
  
 Number of rotatable bonds            7
 Using templates for ring conformations.
Glide Extra Precision Mode active.

GlideScore version XP5.0 will be used

  
 Buried polar penalty      0.000
 Coulomb vdW cutoff        0.000
 H bond cutoff             0.000
 Metal-ligand cutoff      10.000
Assigning GlideScore XP5.0 parameters
For Glide Extra Precision mode, will use maxref = 800
 res reso default   16.0000000000000        16.0000000000000     
 res reso fin   16.0000000000000        16.0000000000000     
 Use grow mode-t
  
 res reso default   4.00000000000000        4.00000000000000     
 res reso fin   4.00000000000000        4.00000000000000     
 res reso default   4.00000000000000        4.00000000000000     
 res reso fin   4.00000000000000        4.00000000000000     
 res reso default   4.00000000000000        4.00000000000000     
 res reso fin   4.00000000000000        4.00000000000000     
 in ligrese
 RESIDUE MOL/CH/INS  EvdW    ECoul  HB  DCLOSE
 --------------------------------------------
RES    265    5 C      -0.32242   0.12827   0.00000   4.37225
RES    266    5 C     172.17733  -0.08842   0.00000   1.18571
RES    267    5 C      -1.66575   1.09402   0.00000   3.48157
RES    268    5 C      -5.76332  -1.63560   0.00000   2.69904
RES    269    5 C      -1.48736  -0.13291  -0.97415   1.63497
RES    270    5 C      -0.76891  -0.02960   0.00000   2.95408
RES    271    5 C      -0.03464  -0.02662   0.00000   6.92604
RES    272    5 C      -0.02818  -0.08851   0.00000   7.54268
RES    273    5 C      -0.05080   0.01355   0.00000   7.08591
RES    274    5 C      -0.12249  -0.08742   0.00000   5.77067
RES    275    5 C      -0.15025   0.09484   0.00000   6.54583
RES    276    5 C      -0.09034  -0.11647   0.00000   7.86190
RES    277    5 C      12.66396  -1.29726   0.00000   2.23511
RES    278    5 C      -0.11592  -0.00919   0.00000   4.72948
RES    351    5 C      -0.06778  -0.33020   0.00000   6.54247
RES    352    5 C      -0.87067   0.13407   0.00000   2.02797
RES    528    5 C      29.09250   4.08871   0.00000   2.11550
RES    529    5 C    9023.36128  -2.74072   0.00000   1.03992
RES    530    5 C    **********   1.73103   0.00000   0.79973
RES    531    5 C      30.97304   0.12947   0.00000   1.40071
RES    532    5 C      -1.76269  -2.00416  -0.32423   2.30161
 REPORT POSE ANCH_2           1           0          35
 REPORT POSE ANCH_2           2           0          29
Full force-field refinement in receptor field for up to   30 poses
    2 poses will be postminimized for this ligand
 iancorig for REPORT pose           1           0
 iancorig for REPORT pose           2           0
Reporting postminimized pose   2 GlideScore =     -5.351
Pose   29   GlideScore =   -5.35
 in ligrese
 RESIDUE MOL/CH/INS  EvdW    ECoul  HB  DCLOSE
 --------------------------------------------
RES    265    5 C      -0.18257  -0.17387   0.00000   5.27487
RES    266    5 C      -1.60185  -0.04100   0.00000   2.51157
RES    267    5 C      -1.11892  -0.62048   0.00000   2.38330
RES    268    5 C      -4.35125  -5.12580  -1.00000   1.83725
RES    269    5 C      -1.60829  -2.27190  -0.56386   2.27446
RES    270    5 C      -0.57683   0.15155   0.00000   3.63985
RES    271    5 C      -0.03148  -0.08738   0.00000   7.05134
RES    272    5 C      -0.02706   0.08077   0.00000   8.42148
RES    273    5 C      -0.04525   0.07709   0.00000   7.88658
RES    274    5 C      -0.10577  -0.01975   0.00000   5.55934
RES    275    5 C      -0.12670  -0.03815   0.00000   6.84805
RES    276    5 C      -0.06935  -0.01068   0.00000   7.92911
RES    277    5 C      -3.03930  -1.65063   0.00000   2.56484
RES    278    5 C      -0.06990  -0.03601   0.00000   5.99121
RES    351    5 C      -0.06795  -0.25798   0.00000   5.97074
RES    352    5 C      -1.17474  -0.14963   0.00000   2.76501
RES    528    5 C       1.61623  -3.73850  -1.00000   1.63138
RES    529    5 C      -1.05192  -1.24456   0.00000   3.85179
RES    530    5 C      -4.81755   0.07764   0.00000   1.98852
RES    531    5 C      -3.07927   0.00506   0.00000   2.22581
RES    532    5 C      -2.42167  -2.39796  -0.62127   2.08730
GlideScore(   -5.35)+Epik State Penalty(    0.41) =    -4.94 kcal/mol
DOCKING RESULTS FOR LIGAND        5 (mPP-0293)
Best XP pose:    29;  GlideScore =     -5.35 Emodel =    -51.26 E =    -40.37 Eint =     3.48
  
 REPORT OF DOCKED POSES
  
 The ligand structures were written to the file
xp_docking_6QXA_cmpd_2_12-0005_raw.maegz

Exiting Glide
Date: Thursday, July 08 2021, at 21:35:38 EEST
CPU time (s): 61.7 user, 0.3 system, 63.2 real
Total elapsed time = 63 seconds (1 minutes, 3 seconds)
[running at reduced cpu priority]
######## end of xp_docking_6QXA_cmpd_2_12-0005.log #########
