######## begin of glide-dock_XP_PP_sites_2-0001.log #########
Glide version 85012 (mmshare version 48012)
Copyright (c) Schrodinger, LLC.
All Rights Reserved.

--------------------------------------------------------------------------------
JobId          : dreanos-0-60f6f95b
Name           : glide-dock_XP_PP_sites_2-0001
Program        : Glide
Host           : dreanos
Dir            : /home/dreano/scratch/dreano/glide-dock_XP_PP_sites_2
HostEntry      : localhost
JobHost        : dreanos
JobDir         : /home/dreano/scratch/dreano/glide-dock_XP_PP_sites_2-0001
JobSchrodinger : /home/dreano/schrodinger2019-4
Commandline    : /home/dreano/schrodinger2019-4/glide -RESTART -serial glide-dock_XP_PP_sites_2-0001.inp -HOST localhost
StartTime      : 2021-07-20-19:27:08
--------------------------------------------------------------------------------

[running at reduced cpu priority]
 VdW radii of ligand atoms scaled by   0.800000000000000     
 Charge cutoff for polarity   0.150000000000000     
 After readscreen, (nx, ny, nz) = (          19 ,           19 ,           19 ).
  Receptor setup: (nsites, nx, ny, nz, bsize)=(         125 ,           19 , 
          19 ,           19 ,    1.00000000000000      ).
 Screening setup finished.
 DOCKMAIN: getting receptor.
  DOCKMAIN after grid: (nx, ny, nz) = (          48 ,           48 , 
          48 ).

 Metal   At. Num.  Eff. Charge  Category    x         y         z
20896      12        0.50           1   -34.672   -34.378    35.883
20897      12        0.00           2   -38.834   -36.986    35.864
20898      12        0.50           1   -35.105   -31.906    33.945
20899      12        1.00           1   -39.539   -33.361    35.423
20900      12        1.00           1   -37.415   -34.241    29.767
20901      11        0.00           2   -46.178   -17.052    23.198
20902      19        1.00           1   -40.636   -31.496    29.757
20949      12       -0.17          -1    -9.264   -19.245    33.264
20950      12        2.50           1    -2.674   -18.909    35.245
20951      12        1.50           1    -4.059   -17.817    33.010
20952      12        0.67           1    -7.104   -15.337    35.821
20953      12        0.50           1    -7.796   -21.438    34.748
20963      11       -2.00          -1   -12.979    -3.870    19.535
20964      19        0.67           1    -6.644   -13.114    31.664
20965      12        2.50           1   -34.581    34.061    57.789
20966      12        0.25           1   -40.166    33.813    57.370
20967      12        1.50           1   -35.527    35.757    55.821
20968      12        1.25           1   -39.558    31.354    58.873
20969      12        0.00           2   -37.750    32.544    52.777
21010      12       -1.33          -1    -7.779    45.220    54.763
21011      12        0.50           1    -2.250    47.243    54.421
21012      12        1.50           1    -5.236    50.812    52.626
21013      12        0.67           1    -7.555    50.242    55.572
21014      12        0.33           1    -9.936    48.684    53.030
21024      11        2.00           1   -13.440    60.914    37.924
21025      19        1.00           1    -7.494    51.992    50.884
  
 DOCKMAIN: Grid setup finished
Calling OPLS3e atomtyping ...
Finished parameter assignment

Reading torsion control file '/home/dreano/schrodinger2019-4/glide-v8.5/bin/Linux-x86_64/../../data/torcontrol.txt':
  
  Using generalized torsion control 
  
 Number of rotatable bonds            4
 Using templates for ring conformations.
Glide Extra Precision Mode active.

GlideScore version XP5.0 will be used

  
 Buried polar penalty      0.000
 Coulomb vdW cutoff        0.000
 H bond cutoff             0.000
 Metal-ligand cutoff      10.000
Assigning GlideScore XP5.0 parameters
For Glide Extra Precision mode, will use maxref = 800
NO VALID POSES AFTER MINIMIZATION: SKIPPING.
Ligand #      1(mPP-0224)
SKIP LIG        1 (mPP-0224): GRID-ENERGY MIN FAILED
GLIDE WARNING: Skipping ligand, refinement found nothing
GLIDE WARNING: No report data collected; cannot write PoseViewer, etc.

Exiting Glide
Date: Tuesday, July 20 2021, at 19:27:24 EEST
CPU time (s): 13.4 user, 0.2 system, 14.5 real
Total elapsed time = 15 seconds
[running at reduced cpu priority]
######## end of glide-dock_XP_PP_sites_2-0001.log #########
######## begin of glide-dock_XP_PP_sites_2-0002.log #########
Glide version 85012 (mmshare version 48012)
Copyright (c) Schrodinger, LLC.
All Rights Reserved.

--------------------------------------------------------------------------------
JobId          : dreanos-0-60f6f95d
Name           : glide-dock_XP_PP_sites_2-0002
Program        : Glide
Host           : dreanos
Dir            : /home/dreano/scratch/dreano/glide-dock_XP_PP_sites_2
HostEntry      : localhost
JobHost        : dreanos
JobDir         : /home/dreano/scratch/dreano/glide-dock_XP_PP_sites_2-0002
JobSchrodinger : /home/dreano/schrodinger2019-4
Commandline    : /home/dreano/schrodinger2019-4/glide -RESTART -serial glide-dock_XP_PP_sites_2-0002.inp -HOST localhost
StartTime      : 2021-07-20-19:27:10
--------------------------------------------------------------------------------

[running at reduced cpu priority]
Offsetting ligand numbers by 1
 VdW radii of ligand atoms scaled by   0.800000000000000     
 Charge cutoff for polarity   0.150000000000000     
 After readscreen, (nx, ny, nz) = (          19 ,           19 ,           19 ).
  Receptor setup: (nsites, nx, ny, nz, bsize)=(         125 ,           19 , 
          19 ,           19 ,    1.00000000000000      ).
 Screening setup finished.
 DOCKMAIN: getting receptor.
  DOCKMAIN after grid: (nx, ny, nz) = (          48 ,           48 , 
          48 ).

 Metal   At. Num.  Eff. Charge  Category    x         y         z
20896      12        0.50           1   -34.672   -34.378    35.883
20897      12        0.00           2   -38.834   -36.986    35.864
20898      12        0.50           1   -35.105   -31.906    33.945
20899      12        1.00           1   -39.539   -33.361    35.423
20900      12        1.00           1   -37.415   -34.241    29.767
20901      11        0.00           2   -46.178   -17.052    23.198
20902      19        1.00           1   -40.636   -31.496    29.757
20949      12       -0.17          -1    -9.264   -19.245    33.264
20950      12        2.50           1    -2.674   -18.909    35.245
20951      12        1.50           1    -4.059   -17.817    33.010
20952      12        0.67           1    -7.104   -15.337    35.821
20953      12        0.50           1    -7.796   -21.438    34.748
20963      11       -2.00          -1   -12.979    -3.870    19.535
20964      19        0.67           1    -6.644   -13.114    31.664
20965      12        2.50           1   -34.581    34.061    57.789
20966      12        0.25           1   -40.166    33.813    57.370
20967      12        1.50           1   -35.527    35.757    55.821
20968      12        1.25           1   -39.558    31.354    58.873
20969      12        0.00           2   -37.750    32.544    52.777
21010      12       -1.33          -1    -7.779    45.220    54.763
21011      12        0.50           1    -2.250    47.243    54.421
21012      12        1.50           1    -5.236    50.812    52.626
21013      12        0.67           1    -7.555    50.242    55.572
21014      12        0.33           1    -9.936    48.684    53.030
21024      11        2.00           1   -13.440    60.914    37.924
21025      19        1.00           1    -7.494    51.992    50.884
  
 DOCKMAIN: Grid setup finished
Calling OPLS3e atomtyping ...
Finished parameter assignment

Reading torsion control file '/home/dreano/schrodinger2019-4/glide-v8.5/bin/Linux-x86_64/../../data/torcontrol.txt':
  
  Using generalized torsion control 
  
 Number of rotatable bonds            7
 Using templates for ring conformations.
Glide Extra Precision Mode active.

GlideScore version XP5.0 will be used

  
 Buried polar penalty      0.000
 Coulomb vdW cutoff        0.000
 H bond cutoff             0.000
 Metal-ligand cutoff      10.000
Assigning GlideScore XP5.0 parameters
For Glide Extra Precision mode, will use maxref = 800
NO VALID POSES AFTER MINIMIZATION: SKIPPING.
Ligand #      2(mPP-0293)
SKIP LIG        2 (mPP-0293): GRID-ENERGY MIN FAILED
GLIDE WARNING: Skipping ligand, refinement found nothing
GLIDE WARNING: No report data collected; cannot write PoseViewer, etc.

Exiting Glide
Date: Tuesday, July 20 2021, at 19:27:28 EEST
CPU time (s): 15.0 user, 0.2 system, 16.1 real
Total elapsed time = 16 seconds
[running at reduced cpu priority]
######## end of glide-dock_XP_PP_sites_2-0002.log #########
######## begin of glide-dock_XP_PP_sites_2-0003.log #########
Glide version 85012 (mmshare version 48012)
Copyright (c) Schrodinger, LLC.
All Rights Reserved.

--------------------------------------------------------------------------------
JobId          : dreanos-0-60f6f95f
Name           : glide-dock_XP_PP_sites_2-0003
Program        : Glide
Host           : dreanos
Dir            : /home/dreano/scratch/dreano/glide-dock_XP_PP_sites_2
HostEntry      : localhost
JobHost        : dreanos
JobDir         : /home/dreano/scratch/dreano/glide-dock_XP_PP_sites_2-0003
JobSchrodinger : /home/dreano/schrodinger2019-4
Commandline    : /home/dreano/schrodinger2019-4/glide -RESTART -serial glide-dock_XP_PP_sites_2-0003.inp -HOST localhost
StartTime      : 2021-07-20-19:27:11
--------------------------------------------------------------------------------

[running at reduced cpu priority]
Offsetting ligand numbers by 2
 VdW radii of ligand atoms scaled by   0.800000000000000     
 Charge cutoff for polarity   0.150000000000000     
 After readscreen, (nx, ny, nz) = (          19 ,           19 ,           19 ).
  Receptor setup: (nsites, nx, ny, nz, bsize)=(         125 ,           19 , 
          19 ,           19 ,    1.00000000000000      ).
 Screening setup finished.
 DOCKMAIN: getting receptor.
  DOCKMAIN after grid: (nx, ny, nz) = (          48 ,           48 , 
          48 ).

 Metal   At. Num.  Eff. Charge  Category    x         y         z
20896      12        0.50           1   -34.672   -34.378    35.883
20897      12        0.00           2   -38.834   -36.986    35.864
20898      12        0.50           1   -35.105   -31.906    33.945
20899      12        1.00           1   -39.539   -33.361    35.423
20900      12        1.00           1   -37.415   -34.241    29.767
20901      11        0.00           2   -46.178   -17.052    23.198
20902      19        1.00           1   -40.636   -31.496    29.757
20949      12       -0.17          -1    -9.264   -19.245    33.264
20950      12        2.50           1    -2.674   -18.909    35.245
20951      12        1.50           1    -4.059   -17.817    33.010
20952      12        0.67           1    -7.104   -15.337    35.821
20953      12        0.50           1    -7.796   -21.438    34.748
20963      11       -2.00          -1   -12.979    -3.870    19.535
20964      19        0.67           1    -6.644   -13.114    31.664
20965      12        2.50           1   -34.581    34.061    57.789
20966      12        0.25           1   -40.166    33.813    57.370
20967      12        1.50           1   -35.527    35.757    55.821
20968      12        1.25           1   -39.558    31.354    58.873
20969      12        0.00           2   -37.750    32.544    52.777
21010      12       -1.33          -1    -7.779    45.220    54.763
21011      12        0.50           1    -2.250    47.243    54.421
21012      12        1.50           1    -5.236    50.812    52.626
21013      12        0.67           1    -7.555    50.242    55.572
21014      12        0.33           1    -9.936    48.684    53.030
21024      11        2.00           1   -13.440    60.914    37.924
21025      19        1.00           1    -7.494    51.992    50.884
  
 DOCKMAIN: Grid setup finished
Calling OPLS3e atomtyping ...
Finished parameter assignment

Reading torsion control file '/home/dreano/schrodinger2019-4/glide-v8.5/bin/Linux-x86_64/../../data/torcontrol.txt':
  
  Using generalized torsion control 
  
 Number of rotatable bonds            7
 Using templates for ring conformations.
Glide Extra Precision Mode active.

GlideScore version XP5.0 will be used

  
 Buried polar penalty      0.000
 Coulomb vdW cutoff        0.000
 H bond cutoff             0.000
 Metal-ligand cutoff      10.000
Assigning GlideScore XP5.0 parameters
For Glide Extra Precision mode, will use maxref = 800
NO VALID POSES AFTER MINIMIZATION: SKIPPING.
Ligand #      3(mPP-0293)
SKIP LIG        3 (mPP-0293): GRID-ENERGY MIN FAILED
GLIDE WARNING: Skipping ligand, refinement found nothing
GLIDE WARNING: No report data collected; cannot write PoseViewer, etc.

Exiting Glide
Date: Tuesday, July 20 2021, at 19:27:30 EEST
CPU time (s): 15.2 user, 0.2 system, 16.2 real
Total elapsed time = 16 seconds
[running at reduced cpu priority]
######## end of glide-dock_XP_PP_sites_2-0003.log #########
######## begin of glide-dock_XP_PP_sites_2-0004.log #########
Glide version 85012 (mmshare version 48012)
Copyright (c) Schrodinger, LLC.
All Rights Reserved.

--------------------------------------------------------------------------------
JobId          : dreanos-0-60f6f961
Name           : glide-dock_XP_PP_sites_2-0004
Program        : Glide
Host           : dreanos
Dir            : /home/dreano/scratch/dreano/glide-dock_XP_PP_sites_2
HostEntry      : localhost
JobHost        : dreanos
JobDir         : /home/dreano/scratch/dreano/glide-dock_XP_PP_sites_2-0004
JobSchrodinger : /home/dreano/schrodinger2019-4
Commandline    : /home/dreano/schrodinger2019-4/glide -RESTART -serial glide-dock_XP_PP_sites_2-0004.inp -HOST localhost
StartTime      : 2021-07-20-19:27:14
--------------------------------------------------------------------------------

[running at reduced cpu priority]
Offsetting ligand numbers by 3
 VdW radii of ligand atoms scaled by   0.800000000000000     
 Charge cutoff for polarity   0.150000000000000     
 After readscreen, (nx, ny, nz) = (          19 ,           19 ,           19 ).
  Receptor setup: (nsites, nx, ny, nz, bsize)=(         125 ,           19 , 
          19 ,           19 ,    1.00000000000000      ).
 Screening setup finished.
 DOCKMAIN: getting receptor.
  DOCKMAIN after grid: (nx, ny, nz) = (          48 ,           48 , 
          48 ).

 Metal   At. Num.  Eff. Charge  Category    x         y         z
20896      12        0.50           1   -34.672   -34.378    35.883
20897      12        0.00           2   -38.834   -36.986    35.864
20898      12        0.50           1   -35.105   -31.906    33.945
20899      12        1.00           1   -39.539   -33.361    35.423
20900      12        1.00           1   -37.415   -34.241    29.767
20901      11        0.00           2   -46.178   -17.052    23.198
20902      19        1.00           1   -40.636   -31.496    29.757
20949      12       -0.17          -1    -9.264   -19.245    33.264
20950      12        2.50           1    -2.674   -18.909    35.245
20951      12        1.50           1    -4.059   -17.817    33.010
20952      12        0.67           1    -7.104   -15.337    35.821
20953      12        0.50           1    -7.796   -21.438    34.748
20963      11       -2.00          -1   -12.979    -3.870    19.535
20964      19        0.67           1    -6.644   -13.114    31.664
20965      12        2.50           1   -34.581    34.061    57.789
20966      12        0.25           1   -40.166    33.813    57.370
20967      12        1.50           1   -35.527    35.757    55.821
20968      12        1.25           1   -39.558    31.354    58.873
20969      12        0.00           2   -37.750    32.544    52.777
21010      12       -1.33          -1    -7.779    45.220    54.763
21011      12        0.50           1    -2.250    47.243    54.421
21012      12        1.50           1    -5.236    50.812    52.626
21013      12        0.67           1    -7.555    50.242    55.572
21014      12        0.33           1    -9.936    48.684    53.030
21024      11        2.00           1   -13.440    60.914    37.924
21025      19        1.00           1    -7.494    51.992    50.884
  
 DOCKMAIN: Grid setup finished
Calling OPLS3e atomtyping ...
Finished parameter assignment

Reading torsion control file '/home/dreano/schrodinger2019-4/glide-v8.5/bin/Linux-x86_64/../../data/torcontrol.txt':
  
  Using generalized torsion control 
  
 Number of rotatable bonds            7
 Using templates for ring conformations.
Glide Extra Precision Mode active.

GlideScore version XP5.0 will be used

  
 Buried polar penalty      0.000
 Coulomb vdW cutoff        0.000
 H bond cutoff             0.000
 Metal-ligand cutoff      10.000
Assigning GlideScore XP5.0 parameters
For Glide Extra Precision mode, will use maxref = 800
NO VALID POSES AFTER MINIMIZATION: SKIPPING.
Ligand #      4(mPP-0293)
SKIP LIG        4 (mPP-0293): GRID-ENERGY MIN FAILED
GLIDE WARNING: Skipping ligand, refinement found nothing
GLIDE WARNING: No report data collected; cannot write PoseViewer, etc.

Exiting Glide
Date: Tuesday, July 20 2021, at 19:27:32 EEST
CPU time (s): 14.9 user, 0.2 system, 16.2 real
Total elapsed time = 16 seconds
[running at reduced cpu priority]
######## end of glide-dock_XP_PP_sites_2-0004.log #########
######## begin of glide-dock_XP_PP_sites_2-0005.log #########
Glide version 85012 (mmshare version 48012)
Copyright (c) Schrodinger, LLC.
All Rights Reserved.

--------------------------------------------------------------------------------
JobId          : dreanos-0-60f6f96e
Name           : glide-dock_XP_PP_sites_2-0005
Program        : Glide
Host           : dreanos
Dir            : /home/dreano/scratch/dreano/glide-dock_XP_PP_sites_2
HostEntry      : localhost
JobHost        : dreanos
JobDir         : /home/dreano/scratch/dreano/glide-dock_XP_PP_sites_2-0005
JobSchrodinger : /home/dreano/schrodinger2019-4
Commandline    : /home/dreano/schrodinger2019-4/glide -RESTART -serial glide-dock_XP_PP_sites_2-0005.inp -HOST localhost
StartTime      : 2021-07-20-19:27:27
--------------------------------------------------------------------------------

[running at reduced cpu priority]
Offsetting ligand numbers by 4
 VdW radii of ligand atoms scaled by   0.800000000000000     
 Charge cutoff for polarity   0.150000000000000     
 After readscreen, (nx, ny, nz) = (          19 ,           19 ,           19 ).
  Receptor setup: (nsites, nx, ny, nz, bsize)=(         125 ,           19 , 
          19 ,           19 ,    1.00000000000000      ).
 Screening setup finished.
 DOCKMAIN: getting receptor.
  DOCKMAIN after grid: (nx, ny, nz) = (          48 ,           48 , 
          48 ).

 Metal   At. Num.  Eff. Charge  Category    x         y         z
20896      12        0.50           1   -34.672   -34.378    35.883
20897      12        0.00           2   -38.834   -36.986    35.864
20898      12        0.50           1   -35.105   -31.906    33.945
20899      12        1.00           1   -39.539   -33.361    35.423
20900      12        1.00           1   -37.415   -34.241    29.767
20901      11        0.00           2   -46.178   -17.052    23.198
20902      19        1.00           1   -40.636   -31.496    29.757
20949      12       -0.17          -1    -9.264   -19.245    33.264
20950      12        2.50           1    -2.674   -18.909    35.245
20951      12        1.50           1    -4.059   -17.817    33.010
20952      12        0.67           1    -7.104   -15.337    35.821
20953      12        0.50           1    -7.796   -21.438    34.748
20963      11       -2.00          -1   -12.979    -3.870    19.535
20964      19        0.67           1    -6.644   -13.114    31.664
20965      12        2.50           1   -34.581    34.061    57.789
20966      12        0.25           1   -40.166    33.813    57.370
20967      12        1.50           1   -35.527    35.757    55.821
20968      12        1.25           1   -39.558    31.354    58.873
20969      12        0.00           2   -37.750    32.544    52.777
21010      12       -1.33          -1    -7.779    45.220    54.763
21011      12        0.50           1    -2.250    47.243    54.421
21012      12        1.50           1    -5.236    50.812    52.626
21013      12        0.67           1    -7.555    50.242    55.572
21014      12        0.33           1    -9.936    48.684    53.030
21024      11        2.00           1   -13.440    60.914    37.924
21025      19        1.00           1    -7.494    51.992    50.884
  
 DOCKMAIN: Grid setup finished
Calling OPLS3e atomtyping ...
Finished parameter assignment

Reading torsion control file '/home/dreano/schrodinger2019-4/glide-v8.5/bin/Linux-x86_64/../../data/torcontrol.txt':
  
  Using generalized torsion control 
  
 Number of rotatable bonds            7
 Using templates for ring conformations.
Glide Extra Precision Mode active.

GlideScore version XP5.0 will be used

  
 Buried polar penalty      0.000
 Coulomb vdW cutoff        0.000
 H bond cutoff             0.000
 Metal-ligand cutoff      10.000
Assigning GlideScore XP5.0 parameters
For Glide Extra Precision mode, will use maxref = 800
NO VALID POSES AFTER MINIMIZATION: SKIPPING.
Ligand #      5(mPP-0293)
SKIP LIG        5 (mPP-0293): GRID-ENERGY MIN FAILED
GLIDE WARNING: Skipping ligand, refinement found nothing
GLIDE WARNING: No report data collected; cannot write PoseViewer, etc.

Exiting Glide
Date: Tuesday, July 20 2021, at 19:27:44 EEST
CPU time (s): 14.6 user, 0.2 system, 15.0 real
Total elapsed time = 15 seconds
[running at reduced cpu priority]
######## end of glide-dock_XP_PP_sites_2-0005.log #########
