######## begin of xp_docking_6QXA_cmpd_2_13_2-0001.log #########
Glide version 85012 (mmshare version 48012)
Copyright (c) Schrodinger, LLC.
All Rights Reserved.

--------------------------------------------------------------------------------
JobId          : dreanos-0-60ed8b26
Name           : xp_docking_6QXA_cmpd_2_13_2-0001
Program        : Glide
Host           : dreanos
Dir            : /home/dreano/scratch/dreano/xp_docking_6QXA_cmpd_2_13_2
HostEntry      : localhost
JobHost        : dreanos
JobDir         : /home/dreano/scratch/dreano/xp_docking_6QXA_cmpd_2_13_2-0001
JobSchrodinger : /home/dreano/schrodinger2019-4
Commandline    : /home/dreano/schrodinger2019-4/glide -RESTART -serial xp_docking_6QXA_cmpd_2_13_2-0001.inp -HOST localhost
StartTime      : 2021-07-13-15:46:30
--------------------------------------------------------------------------------

[running at reduced cpu priority]
 VdW radii of ligand atoms scaled by   0.800000000000000     
 Charge cutoff for polarity   0.150000000000000     
 After readscreen, (nx, ny, nz) = (          26 ,           26 ,           26 ).
  Receptor setup: (nsites, nx, ny, nz, bsize)=(         125 ,           26 , 
          26 ,           26 ,    1.00000000000000      ).
 Screening setup finished.
 DOCKMAIN: getting receptor.
  DOCKMAIN after grid: (nx, ny, nz) = (          72 ,           72 , 
          72 ).

 Metal   At. Num.  Eff. Charge  Category    x         y         z
20896      12        0.50           1   -34.672   -34.378    35.883
20897      12       -0.25          -1   -38.834   -36.986    35.864
20898      12       -0.17          -1   -35.105   -31.906    33.945
20899      12        0.08           1   -39.539   -33.361    35.423
20900      12        1.00           1   -37.415   -34.241    29.767
20910      11        0.00           2   -46.178   -17.052    23.198
20911      19        0.33           1   -40.636   -31.496    29.757
20958      12       -0.17          -1    -9.264   -19.245    33.264
20959      12        2.50           1    -2.674   -18.909    35.245
20960      12        1.50           1    -4.059   -17.817    33.010
20961      12        0.67           1    -7.104   -15.337    35.821
20962      12        0.50           1    -7.796   -21.438    34.748
20972      11       -2.00          -1   -12.979    -3.870    19.535
20973      19        0.67           1    -6.644   -13.114    31.664
20974      12        2.50           1   -34.581    34.061    57.789
20975      12        0.25           1   -40.166    33.813    57.370
20976      12        1.50           1   -35.527    35.757    55.821
20977      12        1.25           1   -39.558    31.354    58.873
20978      12        0.00           2   -37.750    32.544    52.777
20996      12       -1.33          -1    -7.779    45.220    54.763
20997      12        0.50           1    -2.250    47.243    54.421
20998      12        1.50           1    -5.236    50.812    52.626
20999      12        0.67           1    -7.555    50.242    55.572
21000      12        0.33           1    -9.936    48.684    53.030
21010      11        2.00           1   -13.440    60.914    37.924
21011      19        1.00           1    -7.494    51.992    50.884
  
 DOCKMAIN: Grid setup finished
Calling OPLS3e atomtyping ...
Finished parameter assignment

Reading torsion control file '/home/dreano/schrodinger2019-4/glide-v8.5/bin/Linux-x86_64/../../data/torcontrol.txt':
  
  Using generalized torsion control 
  
 Number of rotatable bonds            4
 Using templates for ring conformations.
Glide Extra Precision Mode active.

GlideScore version XP5.0 will be used

  
 Buried polar penalty      0.000
 Coulomb vdW cutoff        0.000
 H bond cutoff             0.000
 Metal-ligand cutoff      10.000
Assigning GlideScore XP5.0 parameters
For Glide Extra Precision mode, will use maxref = 800
 res reso default   16.0000000000000        16.0000000000000     
 res reso fin   16.0000000000000        16.0000000000000     
 Use grow mode-t
  
 res reso default   4.00000000000000        4.00000000000000     
 res reso fin   4.00000000000000        4.00000000000000     
 res reso default   4.00000000000000        4.00000000000000     
 res reso fin   4.00000000000000        4.00000000000000     
 res reso default   4.00000000000000        4.00000000000000     
 res reso fin   4.00000000000000        4.00000000000000     
 in ligrese
 RESIDUE MOL/CH/INS  EvdW    ECoul  HB  DCLOSE
 --------------------------------------------
RES    265    5 C      -0.88945   0.06722   0.00000   3.33138
RES    266    5 C    **********   5.66544   0.00000   0.30915
RES    267    5 C      -1.66599  -0.36477   0.00000   2.73858
RES    268    5 C    **********   2.71414   0.00000   0.40183
RES    269    5 C     303.54541   1.61771   0.00000   1.01658
RES    270    5 C      -0.53148  -0.07599   0.00000   3.22789
RES    271    5 C      -0.02791   0.06461   0.00000   6.16130
RES    272    5 C      -0.02477  -0.98965   0.00000   6.98893
RES    273    5 C      -0.05398  -0.11846   0.00000   5.55917
RES    274    5 C      -0.13746   0.16224   0.00000   4.69053
RES    275    5 C      -0.15659  -0.14545   0.00000   4.61835
RES    276    5 C      -0.09025   0.07516   0.00000   6.81910
RES    277    5 C      -0.45799  -1.35261  -1.00000   1.95396
RES    278    5 C      -0.18574  -0.01816   0.00000   4.62806
RES    351    5 C      -0.07464  -0.93354   0.00000   6.28039
RES    352    5 C      -1.74059  -0.17082   0.00000   2.40125
RES    528    5 C      -0.72563  -0.01850   0.00000   3.17555
RES    529    5 C      -0.68233   0.52028   0.00000   4.48999
RES    530    5 C       1.16633  -0.79571   0.00000   2.68274
RES    531    5 C    **********   0.25969   0.00000   1.01808
RES    532    5 C      -1.98931  -0.66790   0.00000   2.46656
 REPORT POSE ANCH_2           1           0          43
 REPORT POSE ANCH_2           2           0           1
 REPORT POSE ANCH_2           3           0          41
 REPORT POSE ANCH_2           4           0          48
 REPORT POSE ANCH_2           5           0          57
 REPORT POSE ANCH_2           6           0          53
 REPORT POSE ANCH_2           7           0          40
 REPORT POSE ANCH_2           8           0          33
Full force-field refinement in receptor field for up to   30 poses
    8 poses will be postminimized for this ligand
 iancorig for REPORT pose           1           0
 iancorig for REPORT pose           2           0
 iancorig for REPORT pose           3           0
 iancorig for REPORT pose           4           0
 iancorig for REPORT pose           5           0
 iancorig for REPORT pose           6           0
 iancorig for REPORT pose           7           0
 iancorig for REPORT pose           8           0
 Number of poses to report:           8
Reporting postminimized pose   1 GlideScore =     -0.948
Pose   43   GlideScore =   -0.95
 in ligrese
 RESIDUE MOL/CH/INS  EvdW    ECoul  HB  DCLOSE
 --------------------------------------------
RES    265    5 C      -0.12239   0.04602   0.00000   6.48050
RES    266    5 C      -2.48104   0.15154   0.00000   2.75153
RES    267    5 C      -0.09734   0.05842   0.00000   6.66498
RES    268    5 C      -0.74749  -0.83948   0.00000   2.42290
RES    269    5 C      -0.01604   0.35485   0.00000   8.31700
RES    270    5 C      -0.01714   0.00443   0.00000   7.12589
RES    271    5 C      -0.00130  -0.00918   0.00000  12.79711
RES    272    5 C      -0.00171  -0.37280   0.00000  14.30472
RES    273    5 C      -0.00385  -0.00225   0.00000  11.42868
RES    274    5 C      -0.00898   0.01168   0.00000  10.59583
RES    275    5 C      -0.02955  -0.02369   0.00000   7.00196
RES    276    5 C      -0.04192  -0.01557   0.00000   6.95920
RES    277    5 C      -2.37627  -0.94229   0.00000   2.34944
RES    278    5 C      -0.12593   0.00590   0.00000   6.37161
RES    351    5 C      -0.74549  -2.52586   0.00000   3.55879
RES    352    5 C      -4.50712  -0.57480   0.00000   2.46268
RES    528    5 C      -0.01726  -0.00640   0.00000   8.99522
RES    529    5 C      -0.05009   0.10484   0.00000   7.91614
RES    530    5 C      -0.37455  -0.07641   0.00000   4.95266
RES    531    5 C      -2.42175  -0.24239   0.00000   3.30257
RES    532    5 C      -2.42060  -0.70553   0.00000   2.81598
GlideScore(   -0.95)+Epik State Penalty(    0.00) =    -0.95 kcal/mol
Reporting original pose   3 GlideScore =     -0.305
Pose   41   GlideScore =   -0.31
 in ligrese
 RESIDUE MOL/CH/INS  EvdW    ECoul  HB  DCLOSE
 --------------------------------------------
RES    265    5 C      -0.14073  -0.05698   0.00000   6.65668
RES    266    5 C      -2.28275  -0.21118   0.00000   2.45273
RES    267    5 C      -0.59074   0.03682   0.00000   4.55840
RES    268    5 C      -4.49656  -0.18920   0.00000   2.68156
RES    269    5 C      -1.95118   1.80037   0.00000   1.85720
RES    270    5 C      -0.63055  -0.00226   0.00000   3.05366
RES    271    5 C      -0.02481   0.06140   0.00000   6.31046
RES    272    5 C      -0.02038  -0.84329   0.00000   7.04371
RES    273    5 C      -0.03754  -0.05161   0.00000   6.94474
RES    274    5 C      -0.07337   0.04102   0.00000   5.84191
RES    275    5 C      -0.10175  -0.00116   0.00000   6.28296
RES    276    5 C      -0.05314  -0.10375   0.00000   8.80397
RES    277    5 C      -2.41283  -1.08195   0.00000   2.63006
RES    278    5 C      -0.07674   0.00613   0.00000   5.91946
RES    351    5 C      -0.13308  -0.70632   0.00000   5.43134
RES    352    5 C      -0.33120  -0.81779   0.00000   2.26918
RES    528    5 C      -0.67625  -0.45648   0.00000   2.56429
RES    529    5 C      -0.50087   0.92698   0.00000   4.26182
RES    530    5 C      -3.88488  -0.61807   0.00000   2.61847
RES    531    5 C      -2.39289  -0.70528   0.00000   2.43653
RES    532    5 C      -2.82605  -0.45238  -0.85957   2.15617
GlideScore(   -0.31)+Epik State Penalty(    0.00) =    -0.31 kcal/mol
Reporting postminimized pose   5 GlideScore =      0.101
Pose   57   GlideScore =    0.10
 in ligrese
 RESIDUE MOL/CH/INS  EvdW    ECoul  HB  DCLOSE
 --------------------------------------------
RES    265    5 C      -0.11481  -0.06641   0.00000   6.78462
RES    266    5 C      -3.47113  -0.07973   0.00000   2.80324
RES    267    5 C      -0.07416   0.08248   0.00000   6.74526
RES    268    5 C      -0.52328  -0.54591   0.00000   3.05841
RES    269    5 C      -0.01221   0.18258   0.00000   8.66308
RES    270    5 C      -0.01139   0.00873   0.00000   7.94484
RES    271    5 C      -0.00103  -0.00596   0.00000  13.52776
RES    272    5 C      -0.00141  -0.25541   0.00000  14.87931
RES    273    5 C      -0.00296   0.00902   0.00000  12.16078
RES    274    5 C      -0.00707  -0.00802   0.00000  11.25304
RES    275    5 C      -0.01987  -0.00082   0.00000   7.96573
RES    276    5 C      -0.03009  -0.08261   0.00000   8.08660
RES    277    5 C      -1.57176  -1.01661   0.00000   2.38316
RES    278    5 C      -0.09928   0.01766   0.00000   6.84156
RES    351    5 C      -0.90714  -2.97967   0.00000   2.77059
RES    352    5 C      -4.10373  -0.35333   0.00000   2.36354
RES    528    5 C      -0.01501  -0.01268   0.00000   9.31257
RES    529    5 C      -0.04755  -0.11780   0.00000   7.92857
RES    530    5 C      -0.35428  -0.03208   0.00000   5.17486
RES    531    5 C      -2.60455  -0.02023   0.00000   2.84445
RES    532    5 C      -2.39316  -0.31035   0.00000   2.51267
GlideScore(    0.10)+Epik State Penalty(    0.00) =     0.10 kcal/mol
Reporting postminimized pose   4 GlideScore =      0.130
Pose   48   GlideScore =    0.13
 in ligrese
 RESIDUE MOL/CH/INS  EvdW    ECoul  HB  DCLOSE
 --------------------------------------------
RES    265    5 C      -0.13029  -0.04581   0.00000   6.57671
RES    266    5 C      -3.95238   0.34309   0.00000   2.78098
RES    267    5 C      -0.09191   0.10697   0.00000   6.72106
RES    268    5 C      -0.78578  -0.65892   0.00000   2.65189
RES    269    5 C      -0.01456   0.21188   0.00000   8.59908
RES    270    5 C      -0.01445   0.00915   0.00000   7.42846
RES    271    5 C      -0.00120  -0.00523   0.00000  13.30724
RES    272    5 C      -0.00161  -0.27366   0.00000  14.66991
RES    273    5 C      -0.00350   0.00820   0.00000  11.73367
RES    274    5 C      -0.00834  -0.00815   0.00000  10.88242
RES    275    5 C      -0.02526   0.00072   0.00000   7.41726
RES    276    5 C      -0.03712  -0.09473   0.00000   7.45191
RES    277    5 C      -1.99728  -1.15931   0.00000   2.32108
RES    278    5 C      -0.11637   0.00915   0.00000   6.65706
RES    351    5 C      -0.80408  -2.51957   0.00000   3.03618
RES    352    5 C      -4.51913  -0.38536   0.00000   2.26651
RES    528    5 C      -0.01758   0.00290   0.00000   9.18278
RES    529    5 C      -0.05527   0.02009   0.00000   7.59261
RES    530    5 C      -0.43071  -0.14987   0.00000   4.93336
RES    531    5 C      -2.97215  -0.48590   0.00000   2.67134
RES    532    5 C      -2.68593   0.15249   0.00000   2.75241
GlideScore(    0.13)+Epik State Penalty(    0.00) =     0.13 kcal/mol
Reporting postminimized pose   6 GlideScore =      0.217
Pose   53   GlideScore =    0.22
 in ligrese
 RESIDUE MOL/CH/INS  EvdW    ECoul  HB  DCLOSE
 --------------------------------------------
RES    265    5 C      -0.13089   0.03431   0.00000   6.57150
RES    266    5 C      -3.60738  -0.16524   0.00000   2.50494
RES    267    5 C      -0.09363   0.09903   0.00000   6.72723
RES    268    5 C      -0.83129  -0.69656   0.00000   2.64400
RES    269    5 C      -0.01493   0.16574   0.00000   8.61877
RES    270    5 C      -0.01483   0.00573   0.00000   7.38148
RES    271    5 C      -0.00122  -0.01192   0.00000  13.25783
RES    272    5 C      -0.00163  -0.27236   0.00000  14.66879
RES    273    5 C      -0.00355   0.00629   0.00000  11.68672
RES    274    5 C      -0.00844  -0.00511   0.00000  10.83731
RES    275    5 C      -0.02568  -0.00210   0.00000   7.32917
RES    276    5 C      -0.03723  -0.04032   0.00000   7.32926
RES    277    5 C      -2.09656  -1.03458   0.00000   2.33706
RES    278    5 C      -0.11218   0.02831   0.00000   6.55862
RES    351    5 C      -0.74407  -2.94965   0.00000   3.13879
RES    352    5 C      -4.35916  -0.53395   0.00000   2.34763
RES    528    5 C      -0.01797   0.00311   0.00000   9.12178
RES    529    5 C      -0.05666  -0.13603   0.00000   7.57368
RES    530    5 C      -0.44365  -0.10471   0.00000   4.90906
RES    531    5 C      -3.01148  -0.38451   0.00000   2.66667
RES    532    5 C      -2.84266  -0.21041   0.00000   2.74905
GlideScore(    0.22)+Epik State Penalty(    0.00) =     0.22 kcal/mol
Reporting postminimized pose   8 GlideScore =      1.019
Pose   33   GlideScore =    1.02
 in ligrese
 RESIDUE MOL/CH/INS  EvdW    ECoul  HB  DCLOSE
 --------------------------------------------
RES    265    5 C      -0.20924  -0.18524   0.00000   5.71637
RES    266    5 C      -3.47899  -0.52458   0.00000   2.72125
RES    267    5 C      -0.97193  -0.32758   0.00000   3.32893
RES    268    5 C      -4.57411   0.42568   0.00000   2.28026
RES    269    5 C      -1.79858   2.21328   0.00000   1.75401
RES    270    5 C      -0.38221  -0.00293   0.00000   4.24495
RES    271    5 C      -0.02095   0.08020   0.00000   6.59033
RES    272    5 C      -0.01886  -0.89392   0.00000   7.24730
RES    273    5 C      -0.03462  -0.05635   0.00000   7.05766
RES    274    5 C      -0.08234   0.06954   0.00000   5.28061
RES    275    5 C      -0.09918  -0.00767   0.00000   6.41587
RES    276    5 C      -0.05927  -0.10511   0.00000   8.19000
RES    277    5 C      -2.44127  -1.65482  -0.96471   2.11412
RES    278    5 C      -0.07754   0.00943   0.00000   6.74183
RES    351    5 C      -0.17438   0.10275   0.00000   4.83324
RES    352    5 C      -1.77221  -0.12749   0.00000   2.62018
RES    528    5 C      -0.89326  -0.69338   0.00000   2.42443
RES    529    5 C      -0.60715   1.36439   0.00000   3.94790
RES    530    5 C      -3.29025  -0.02707   0.00000   2.69560
RES    531    5 C      -3.57412   0.02164   0.00000   2.35246
RES    532    5 C      -2.48864  -0.25783   0.00000   2.31697
GlideScore(    1.02)+Epik State Penalty(    0.00) =     1.02 kcal/mol
Reporting postminimized pose   7 GlideScore =      1.257
Pose   40   GlideScore =    1.26
 in ligrese
 RESIDUE MOL/CH/INS  EvdW    ECoul  HB  DCLOSE
 --------------------------------------------
RES    265    5 C      -0.19245  -0.16800   0.00000   5.70818
RES    266    5 C      -2.55639  -0.27462   0.00000   2.96649
RES    267    5 C      -0.97276  -0.14077   0.00000   3.72091
RES    268    5 C      -4.63355  -0.09334   0.00000   2.75776
RES    269    5 C      -2.48805   2.15403   0.00000   1.65638
RES    270    5 C      -0.56253   0.01784   0.00000   3.39739
RES    271    5 C      -0.02814   0.08526   0.00000   6.06665
RES    272    5 C      -0.02436  -0.94117   0.00000   7.13355
RES    273    5 C      -0.04258  -0.04371   0.00000   7.16003
RES    274    5 C      -0.09753   0.04597   0.00000   5.04601
RES    275    5 C      -0.10838   0.00169   0.00000   6.48445
RES    276    5 C      -0.06015  -0.15087   0.00000   8.02616
RES    277    5 C      -2.16936  -2.40423  -1.00000   2.05194
RES    278    5 C      -0.07060   0.01535   0.00000   6.91545
RES    351    5 C      -0.21662  -1.51832   0.00000   4.54843
RES    352    5 C      -1.60999   0.08296   0.00000   3.03355
RES    528    5 C      -1.03212  -0.68203   0.00000   2.36028
RES    529    5 C      -0.73951   1.15770   0.00000   3.58205
RES    530    5 C      -3.64048  -0.25919   0.00000   2.86844
RES    531    5 C      -3.31890  -0.58518   0.00000   2.57494
RES    532    5 C      -1.99771  -0.34775   0.00000   2.56655
GlideScore(    1.26)+Epik State Penalty(    0.00) =     1.26 kcal/mol
Reporting postminimized pose   2 GlideScore =      5.067
Pose    1   GlideScore =    5.07
 in ligrese
 RESIDUE MOL/CH/INS  EvdW    ECoul  HB  DCLOSE
 --------------------------------------------
RES    265    5 C      -0.19627  -0.10696   0.00000   5.71616
RES    266    5 C      -2.73525  -0.69693   0.00000   3.05039
RES    267    5 C      -0.95553  -0.15896   0.00000   3.58907
RES    268    5 C      -4.41566   0.13452   0.00000   2.70017
RES    269    5 C      -2.82548   2.13879   0.00000   2.14742
RES    270    5 C      -0.65823   0.02726   0.00000   2.92444
RES    271    5 C      -0.03248   0.10043   0.00000   5.86205
RES    272    5 C      -0.02753  -0.95186   0.00000   7.11622
RES    273    5 C      -0.04551  -0.04679   0.00000   7.19753
RES    274    5 C      -0.10148   0.04254   0.00000   5.20909
RES    275    5 C      -0.10754   0.00927   0.00000   6.39002
RES    276    5 C      -0.05957  -0.10752   0.00000   8.02538
RES    277    5 C      -2.31137  -1.90819  -1.00000   2.03975
RES    278    5 C      -0.06933   0.01924   0.00000   7.05255
RES    351    5 C      -0.14643  -0.22969   0.00000   4.82245
RES    352    5 C      -1.39898  -0.52618   0.00000   2.60312
RES    528    5 C      -1.03153  -0.59026   0.00000   2.37368
RES    529    5 C      -0.89309   1.72041   0.00000   3.27127
RES    530    5 C      -3.92899  -0.19023   0.00000   2.84438
RES    531    5 C      -2.75409  -0.04334   0.00000   2.45791
RES    532    5 C      -2.25954  -0.05405   0.00000   2.10601
GlideScore(    5.07)+Epik State Penalty(    0.00) =     5.07 kcal/mol
DOCKING RESULTS FOR LIGAND        1 (mPP-0224)
Best XP pose:    43;  GlideScore =     -0.95 Emodel =    -32.99 E =    -28.31 Eint =     0.00
  
 REPORT OF DOCKED POSES
  
 The ligand structures were written to the file
xp_docking_6QXA_cmpd_2_13_2-0001_raw.maegz

Exiting Glide
Date: Tuesday, July 13 2021, at 15:47:30 EEST
CPU time (s): 48.6 user, 0.4 system, 58.8 real
Total elapsed time = 59 seconds
[running at reduced cpu priority]
######## end of xp_docking_6QXA_cmpd_2_13_2-0001.log #########
######## begin of xp_docking_6QXA_cmpd_2_13_2-0002.log #########
Glide version 85012 (mmshare version 48012)
Copyright (c) Schrodinger, LLC.
All Rights Reserved.

--------------------------------------------------------------------------------
JobId          : dreanos-0-60ed8b27
Name           : xp_docking_6QXA_cmpd_2_13_2-0002
Program        : Glide
Host           : dreanos
Dir            : /home/dreano/scratch/dreano/xp_docking_6QXA_cmpd_2_13_2
HostEntry      : localhost
JobHost        : dreanos
JobDir         : /home/dreano/scratch/dreano/xp_docking_6QXA_cmpd_2_13_2-0002
JobSchrodinger : /home/dreano/schrodinger2019-4
Commandline    : /home/dreano/schrodinger2019-4/glide -RESTART -serial xp_docking_6QXA_cmpd_2_13_2-0002.inp -HOST localhost
StartTime      : 2021-07-13-15:46:32
--------------------------------------------------------------------------------

[running at reduced cpu priority]
Offsetting ligand numbers by 1
 VdW radii of ligand atoms scaled by   0.800000000000000     
 Charge cutoff for polarity   0.150000000000000     
 After readscreen, (nx, ny, nz) = (          26 ,           26 ,           26 ).
  Receptor setup: (nsites, nx, ny, nz, bsize)=(         125 ,           26 , 
          26 ,           26 ,    1.00000000000000      ).
 Screening setup finished.
 DOCKMAIN: getting receptor.
  DOCKMAIN after grid: (nx, ny, nz) = (          72 ,           72 , 
          72 ).

 Metal   At. Num.  Eff. Charge  Category    x         y         z
20896      12        0.50           1   -34.672   -34.378    35.883
20897      12       -0.25          -1   -38.834   -36.986    35.864
20898      12       -0.17          -1   -35.105   -31.906    33.945
20899      12        0.08           1   -39.539   -33.361    35.423
20900      12        1.00           1   -37.415   -34.241    29.767
20910      11        0.00           2   -46.178   -17.052    23.198
20911      19        0.33           1   -40.636   -31.496    29.757
20958      12       -0.17          -1    -9.264   -19.245    33.264
20959      12        2.50           1    -2.674   -18.909    35.245
20960      12        1.50           1    -4.059   -17.817    33.010
20961      12        0.67           1    -7.104   -15.337    35.821
20962      12        0.50           1    -7.796   -21.438    34.748
20972      11       -2.00          -1   -12.979    -3.870    19.535
20973      19        0.67           1    -6.644   -13.114    31.664
20974      12        2.50           1   -34.581    34.061    57.789
20975      12        0.25           1   -40.166    33.813    57.370
20976      12        1.50           1   -35.527    35.757    55.821
20977      12        1.25           1   -39.558    31.354    58.873
20978      12        0.00           2   -37.750    32.544    52.777
20996      12       -1.33          -1    -7.779    45.220    54.763
20997      12        0.50           1    -2.250    47.243    54.421
20998      12        1.50           1    -5.236    50.812    52.626
20999      12        0.67           1    -7.555    50.242    55.572
21000      12        0.33           1    -9.936    48.684    53.030
21010      11        2.00           1   -13.440    60.914    37.924
21011      19        1.00           1    -7.494    51.992    50.884
  
 DOCKMAIN: Grid setup finished
Calling OPLS3e atomtyping ...
Finished parameter assignment

Reading torsion control file '/home/dreano/schrodinger2019-4/glide-v8.5/bin/Linux-x86_64/../../data/torcontrol.txt':
  
  Using generalized torsion control 
  
 Number of rotatable bonds            7
 Using templates for ring conformations.
Glide Extra Precision Mode active.

GlideScore version XP5.0 will be used

  
 Buried polar penalty      0.000
 Coulomb vdW cutoff        0.000
 H bond cutoff             0.000
 Metal-ligand cutoff      10.000
Assigning GlideScore XP5.0 parameters
For Glide Extra Precision mode, will use maxref = 800
 res reso default   16.0000000000000        16.0000000000000     
 res reso fin   16.0000000000000        16.0000000000000     
 Use grow mode-t
  
 res reso default   4.00000000000000        4.00000000000000     
 res reso fin   4.00000000000000        4.00000000000000     
 res reso default   4.00000000000000        4.00000000000000     
 res reso fin   4.00000000000000        4.00000000000000     
 res reso default   4.00000000000000        4.00000000000000     
 res reso fin   4.00000000000000        4.00000000000000     
 in ligrese
 RESIDUE MOL/CH/INS  EvdW    ECoul  HB  DCLOSE
 --------------------------------------------
RES    265    5 C      -0.41194   0.57764   0.00000   4.31783
RES    266    5 C      -0.58161  -0.13308   0.00000   4.13854
RES    267    5 C      -1.19833   0.74050   0.00000   2.82884
RES    268    5 C      -1.25017  -0.30192   0.00000   3.63522
RES    269    5 C      -0.28373  -1.71346   0.00000   5.40852
RES    270    5 C      -0.07097   0.00157   0.00000   8.24227
RES    271    5 C      -0.00939  -0.02981   0.00000  11.62969
RES    272    5 C      -0.01310   0.87168   0.00000  11.69849
RES    273    5 C      -0.01697   0.05538   0.00000  10.29960
RES    274    5 C      -0.05659  -0.11636   0.00000   6.86342
RES    275    5 C      -0.05122   0.09747   0.00000   7.08050
RES    276    5 C      -0.04030  -0.03445   0.00000   7.76415
RES    277    5 C      -1.38411  -0.50205   0.00000   3.37054
RES    278    5 C      -0.03025   0.03144   0.00000   7.95973
RES    351    5 C      -0.03617   0.76424   0.00000   6.82193
RES    352    5 C      -0.24880  -0.08687   0.00000   4.49950
RES    528    5 C       7.42571   1.57778   0.00000   2.16478
RES    529    5 C    **********  -8.08625   0.00000   1.11274
RES    530    5 C    **********   2.15881   0.00000   0.55428
RES    531    5 C       1.62011  -0.59649   0.00000   2.39257
RES    532    5 C      -2.95960   0.19993   0.00000   2.58460
 REPORT POSE ANCH_2           1           0          15
 REPORT POSE ANCH_2           2           0          32
 REPORT POSE ANCH_2           3           0          14
 REPORT POSE ANCH_2           4           0          26
 REPORT POSE ANCH_2           5           0          20
 REPORT POSE ANCH_2           6           0           5
 REPORT POSE ANCH_2           7           0           2
 REPORT POSE ANCH_2           8           0          22
 REPORT POSE ANCH_2           9           0          16
 REPORT POSE ANCH_2          10           0          34
Full force-field refinement in receptor field for up to   30 poses
   10 poses will be postminimized for this ligand
 iancorig for REPORT pose           1           0
 iancorig for REPORT pose           2           0
 iancorig for REPORT pose           3           0
 iancorig for REPORT pose           4           0
 iancorig for REPORT pose           5           0
 iancorig for REPORT pose           6           0
 iancorig for REPORT pose           7           0
 iancorig for REPORT pose           8           0
 iancorig for REPORT pose           9           0
 iancorig for REPORT pose          10           0
 Number of poses to report:          10
Reporting postminimized pose   6 GlideScore =     -3.466
Pose    5   GlideScore =   -3.47
 in ligrese
 RESIDUE MOL/CH/INS  EvdW    ECoul  HB  DCLOSE
 --------------------------------------------
RES    265    5 C      -0.20015  -0.27287   0.00000   4.93555
RES    266    5 C      -0.70628   0.26824   0.00000   4.01760
RES    267    5 C      -0.08679  -3.59351  -1.00000   1.80019
RES    268    5 C      -6.60793  -1.52420   0.00000   2.47691
RES    269    5 C      -2.18147  -5.37046  -1.00000   1.95239
RES    270    5 C      -0.64137   0.10302   0.00000   3.87643
RES    271    5 C      -0.04167  -0.08682   0.00000   6.51489
RES    272    5 C      -0.03991   1.04906   0.00000   7.66729
RES    273    5 C      -0.06063   0.08203   0.00000   7.52421
RES    274    5 C      -0.14448  -0.04850   0.00000   5.86108
RES    275    5 C      -0.16003  -0.11973   0.00000   6.23643
RES    276    5 C      -0.07764   0.15373   0.00000   7.26586
RES    277    5 C      -2.29935  -2.91229  -1.05377   1.97161
RES    278    5 C      -0.04347  -0.00559   0.00000   7.30365
RES    351    5 C      -0.02925   0.25090   0.00000   8.46067
RES    352    5 C      -0.20397   0.06504   0.00000   5.26215
RES    528    5 C      -1.76377   0.54634   0.00000   3.06956
RES    529    5 C      -1.72247  -1.51834   0.00000   3.25478
RES    530    5 C      -5.44694  -0.11505   0.00000   2.55584
RES    531    5 C      -2.19400  -0.15450   0.00000   3.00147
RES    532    5 C      -1.63428  -0.11040   0.00000   2.66670
GlideScore(   -3.47)+Epik State Penalty(    0.41) =    -3.06 kcal/mol
Reporting postminimized pose   7 GlideScore =     -1.908
Pose    2   GlideScore =   -1.91
 in ligrese
 RESIDUE MOL/CH/INS  EvdW    ECoul  HB  DCLOSE
 --------------------------------------------
RES    265    5 C      -0.16002  -0.28881   0.00000   5.06072
RES    266    5 C      -0.44589   0.23716   0.00000   5.07301
RES    267    5 C      -1.13273  -2.48001  -0.57150   2.15702
RES    268    5 C      -7.44664  -1.03466   0.00000   2.68441
RES    269    5 C      -3.40156  -4.29300  -1.00000   1.93934
RES    270    5 C      -2.36920   0.41017   0.00000   2.18049
RES    271    5 C      -0.10949   0.10870   0.00000   4.25788
RES    272    5 C      -0.06358   0.33396   0.00000   6.45676
RES    273    5 C      -0.09421   0.09515   0.00000   6.51485
RES    274    5 C      -0.18463  -0.08925   0.00000   5.60685
RES    275    5 C      -0.18842  -0.03509   0.00000   6.70348
RES    276    5 C      -0.07693   0.11153   0.00000   7.74516
RES    277    5 C      -1.26496  -0.50238   0.00000   2.29230
RES    278    5 C      -0.04027   0.00329   0.00000   8.08242
RES    351    5 C      -0.03467   1.29313   0.00000   8.07617
RES    352    5 C      -0.27392   0.08498   0.00000   4.54563
RES    528    5 C      -1.54603   0.19567   0.00000   2.81894
RES    529    5 C      -2.24268  -0.92667   0.00000   2.64748
RES    530    5 C      -5.04825   0.08872   0.00000   2.41274
RES    531    5 C      -1.30271   0.05189   0.00000   3.42683
RES    532    5 C      -0.58345  -0.15433   0.00000   4.34078
GlideScore(   -1.91)+Epik State Penalty(    0.41) =    -1.50 kcal/mol
Reporting original pose  10 GlideScore =     -1.713
Pose   34   GlideScore =   -1.71
 in ligrese
 RESIDUE MOL/CH/INS  EvdW    ECoul  HB  DCLOSE
 --------------------------------------------
RES    265    5 C      -0.18206   0.01582   0.00000   4.98186
RES    266    5 C      -0.95945  -0.28156   0.00000   2.52558
RES    267    5 C      -0.96699   0.00564   0.00000   2.61513
RES    268    5 C      -2.98770  -0.65069   0.00000   2.31230
RES    269    5 C      -0.80509  -1.39495   0.00000   2.64164
RES    270    5 C      -0.15694  -0.00289   0.00000   5.55030
RES    271    5 C      -0.01240  -0.03711   0.00000   7.57381
RES    272    5 C      -0.01377   0.75011   0.00000   8.42528
RES    273    5 C      -0.02480   0.04538   0.00000   8.02283
RES    274    5 C      -0.06935  -0.07140   0.00000   5.69043
RES    275    5 C      -0.08951   0.11880   0.00000   6.68566
RES    276    5 C      -0.06219  -0.13623   0.00000   7.91445
RES    277    5 C      -3.50528  -0.40882   0.00000   2.65147
RES    278    5 C      -0.07901   0.03635   0.00000   5.70459
RES    351    5 C      -0.11782   0.21229   0.00000   6.31095
RES    352    5 C      -1.42709   0.15338   0.00000   2.78340
RES    528    5 C      -0.63311   0.07877   0.00000   2.36089
RES    529    5 C      -0.84969  -2.33815   0.00000   4.13711
RES    530    5 C      -5.27442  -0.59359   0.00000   2.38250
RES    531    5 C      -2.57983  -0.31470   0.00000   2.27986
RES    532    5 C      -3.99511  -1.71218  -0.56460   2.27416
GlideScore(   -1.71)+Epik State Penalty(    0.41) =    -1.30 kcal/mol
Reporting original pose   9 GlideScore =     -1.474
Pose   16   GlideScore =   -1.47
 in ligrese
 RESIDUE MOL/CH/INS  EvdW    ECoul  HB  DCLOSE
 --------------------------------------------
RES    265    5 C      -0.19970   0.08957   0.00000   4.59436
RES    266    5 C      -1.39918  -0.16133   0.00000   3.80184
RES    267    5 C      -0.95237  -0.01755   0.00000   2.46133
RES    268    5 C      -5.18898   0.05936   0.00000   2.51793
RES    269    5 C      -0.37866  -0.52938   0.00000   3.49069
RES    270    5 C      -0.13219   0.03047   0.00000   5.38796
RES    271    5 C      -0.00896  -0.00429   0.00000   8.89456
RES    272    5 C      -0.01032   0.36400   0.00000   9.80248
RES    273    5 C      -0.02139   0.03792   0.00000   8.93029
RES    274    5 C      -0.05738  -0.05888   0.00000   6.29910
RES    275    5 C      -0.12361   0.11623   0.00000   6.76518
RES    276    5 C      -0.11287  -0.08487   0.00000   6.97218
RES    277    5 C      -4.20082   1.40658   0.00000   2.38658
RES    278    5 C      -0.17541   0.06384   0.00000   4.86892
RES    351    5 C      -1.10531   0.65313   0.00000   3.05765
RES    352    5 C      -2.74218  -2.62955  -1.00000   1.90911
RES    528    5 C      -0.44563  -0.34051   0.00000   2.25191
RES    529    5 C      -0.85235  -1.37948   0.00000   3.77569
RES    530    5 C      -3.17502  -1.58523   0.00000   2.63029
RES    531    5 C      -2.66735  -0.11956   0.00000   2.55973
RES    532    5 C      -1.94399   0.44841   0.00000   2.57510
GlideScore(   -1.47)+Epik State Penalty(    0.41) =    -1.06 kcal/mol
Reporting original pose   8 GlideScore =     -1.403
Pose   22   GlideScore =   -1.40
 in ligrese
 RESIDUE MOL/CH/INS  EvdW    ECoul  HB  DCLOSE
 --------------------------------------------
RES    265    5 C      -0.15358   0.02380   0.00000   5.25438
RES    266    5 C      -1.36089  -0.00921   0.00000   2.15238
RES    267    5 C      -1.07131  -0.20474   0.00000   2.60491
RES    268    5 C      -2.93052  -0.79315   0.00000   2.29206
RES    269    5 C      -1.02831  -1.16162   0.00000   2.41390
RES    270    5 C      -0.18759  -0.00967   0.00000   5.51878
RES    271    5 C      -0.01479  -0.03296   0.00000   7.19418
RES    272    5 C      -0.01574   0.66892   0.00000   8.14855
RES    273    5 C      -0.02746   0.02706   0.00000   7.92503
RES    274    5 C      -0.07310  -0.03407   0.00000   5.59995
RES    275    5 C      -0.09172   0.04554   0.00000   6.62572
RES    276    5 C      -0.06339  -0.00529   0.00000   7.29594
RES    277    5 C      -3.79749  -0.02064   0.00000   2.61271
RES    278    5 C      -0.08255  -0.01112   0.00000   5.40273
RES    351    5 C      -0.10441   1.41946   0.00000   6.53683
RES    352    5 C      -1.50633   0.27599   0.00000   2.38424
RES    528    5 C      -0.68945   0.08157   0.00000   2.39556
RES    529    5 C      -0.78282  -2.01324   0.00000   4.22408
RES    530    5 C      -5.41261  -0.23524   0.00000   2.40363
RES    531    5 C      -2.04484   0.17431   0.00000   2.13936
RES    532    5 C      -3.67480  -1.86634  -0.55885   2.27646
GlideScore(   -1.40)+Epik State Penalty(    0.41) =    -0.99 kcal/mol
Reporting original pose   3 GlideScore =     -1.199
Pose   14   GlideScore =   -1.20
 in ligrese
 RESIDUE MOL/CH/INS  EvdW    ECoul  HB  DCLOSE
 --------------------------------------------
RES    265    5 C      -0.17573  -0.01740   0.00000   4.96374
RES    266    5 C      -1.07623  -0.12371   0.00000   2.52805
RES    267    5 C      -0.97044  -0.02347   0.00000   2.64317
RES    268    5 C      -3.04065  -1.24908   0.00000   2.33929
RES    269    5 C      -0.87981  -1.20475   0.00000   2.70469
RES    270    5 C      -0.16474  -0.00065   0.00000   5.59037
RES    271    5 C      -0.01310  -0.03647   0.00000   7.48530
RES    272    5 C      -0.01448   0.62428   0.00000   8.34693
RES    273    5 C      -0.02580   0.03631   0.00000   8.05717
RES    274    5 C      -0.07227  -0.04984   0.00000   5.61438
RES    275    5 C      -0.09112   0.06337   0.00000   6.68282
RES    276    5 C      -0.06263  -0.09060   0.00000   7.54502
RES    277    5 C      -3.49340  -0.99255   0.00000   2.36494
RES    278    5 C      -0.07710  -0.01060   0.00000   5.93897
RES    351    5 C      -0.10482   0.46137   0.00000   6.60726
RES    352    5 C      -1.39391   0.20418   0.00000   2.58200
RES    528    5 C      -0.35466   0.01954   0.00000   2.25756
RES    529    5 C      -0.87385  -2.19422   0.00000   4.08504
RES    530    5 C      -5.41708  -0.51533   0.00000   2.40490
RES    531    5 C      -2.52015  -0.26560   0.00000   2.36898
RES    532    5 C      -4.09651  -1.81384  -0.22243   2.41103
GlideScore(   -1.20)+Epik State Penalty(    0.41) =    -0.79 kcal/mol
Reporting postminimized pose   5 GlideScore =     -0.800
Pose   20   GlideScore =   -0.80
 in ligrese
 RESIDUE MOL/CH/INS  EvdW    ECoul  HB  DCLOSE
 --------------------------------------------
RES    265    5 C      -0.18207   0.13227   0.00000   4.96881
RES    266    5 C      -1.57806  -0.24649   0.00000   3.54888
RES    267    5 C      -0.89229  -0.19399   0.00000   2.35967
RES    268    5 C      -4.94761  -0.23455   0.00000   2.46619
RES    269    5 C      -0.36973  -0.58089   0.00000   3.54036
RES    270    5 C      -0.13325   0.01216   0.00000   5.23710
RES    271    5 C      -0.00907  -0.00861   0.00000   9.25392
RES    272    5 C      -0.01037   0.43228   0.00000   9.74816
RES    273    5 C      -0.02111   0.01842   0.00000   9.14101
RES    274    5 C      -0.05470  -0.03798   0.00000   6.77116
RES    275    5 C      -0.12203   0.05641   0.00000   6.85542
RES    276    5 C      -0.11489   0.01868   0.00000   6.60711
RES    277    5 C      -4.75853   0.78780   0.00000   2.36223
RES    278    5 C      -0.19313  -0.02168   0.00000   4.85451
RES    351    5 C      -1.92964  -0.64988   0.00000   2.52321
RES    352    5 C      -3.69751  -2.55188  -1.00000   1.85292
RES    528    5 C      -0.69621  -0.30363   0.00000   2.39743
RES    529    5 C      -0.84566  -1.27577   0.00000   3.93663
RES    530    5 C      -3.57275  -1.62741   0.00000   2.62228
RES    531    5 C      -2.33142  -0.23269   0.00000   2.50067
RES    532    5 C      -1.88519   0.29432   0.00000   2.74827
GlideScore(   -0.80)+Epik State Penalty(    0.41) =    -0.39 kcal/mol
Reporting postminimized pose   2 GlideScore =     -0.575
Pose   32   GlideScore =   -0.58
 in ligrese
 RESIDUE MOL/CH/INS  EvdW    ECoul  HB  DCLOSE
 --------------------------------------------
RES    265    5 C      -0.17516   0.12100   0.00000   5.15686
RES    266    5 C      -1.79893  -0.32606   0.00000   3.14677
RES    267    5 C      -0.71783  -0.37395   0.00000   2.25153
RES    268    5 C      -4.65680  -0.05975   0.00000   2.41916
RES    269    5 C      -0.35188  -0.31466   0.00000   3.29477
RES    270    5 C      -0.13295   0.02580   0.00000   5.14038
RES    271    5 C      -0.00879   0.00665   0.00000   9.09261
RES    272    5 C      -0.00994   0.31278   0.00000   9.66479
RES    273    5 C      -0.02070   0.01974   0.00000   8.85745
RES    274    5 C      -0.05263  -0.03236   0.00000   6.69186
RES    275    5 C      -0.12317   0.06433   0.00000   6.46169
RES    276    5 C      -0.11545  -0.01860   0.00000   6.68455
RES    277    5 C      -3.94208   1.00596   0.00000   2.21903
RES    278    5 C      -0.19537   0.03589   0.00000   4.91526
RES    351    5 C      -2.29641   1.87152   0.00000   2.61680
RES    352    5 C      -5.62320  -1.24738   0.00000   2.35323
RES    528    5 C      -0.67577  -0.15026   0.00000   2.70716
RES    529    5 C      -0.65304  -1.07566   0.00000   4.31886
RES    530    5 C      -3.64847  -1.52607   0.00000   2.73526
RES    531    5 C      -2.43622  -0.21832   0.00000   2.55486
RES    532    5 C      -1.88152   0.19975   0.00000   2.92988
GlideScore(   -0.58)+Epik State Penalty(    0.41) =    -0.16 kcal/mol
Reporting postminimized pose   1 GlideScore =     -0.351
Pose   15   GlideScore =   -0.35
 in ligrese
 RESIDUE MOL/CH/INS  EvdW    ECoul  HB  DCLOSE
 --------------------------------------------
RES    265    5 C      -0.16701   0.17164   0.00000   5.25793
RES    266    5 C      -1.62363  -0.29812   0.00000   3.22910
RES    267    5 C      -0.78010  -0.35217   0.00000   2.29207
RES    268    5 C      -4.25195   0.61125   0.00000   2.76211
RES    269    5 C      -0.35211  -0.67731   0.00000   3.41999
RES    270    5 C      -0.12242  -0.00151   0.00000   6.83830
RES    271    5 C      -0.00874   0.00150   0.00000   9.11014
RES    272    5 C      -0.00994   0.56044   0.00000   9.67551
RES    273    5 C      -0.02015   0.02272   0.00000   9.00974
RES    274    5 C      -0.05142  -0.04769   0.00000   6.76773
RES    275    5 C      -0.11469   0.06633   0.00000   6.54246
RES    276    5 C      -0.10747   0.04828   0.00000   6.69908
RES    277    5 C      -4.35047   0.86318   0.00000   2.21710
RES    278    5 C      -0.18076   0.00205   0.00000   5.06188
RES    351    5 C      -1.93717  -0.31799   0.00000   2.53724
RES    352    5 C      -4.30789  -2.60718  -1.00000   1.88314
RES    528    5 C      -0.70500  -0.15545   0.00000   2.64756
RES    529    5 C      -0.69052  -1.23183   0.00000   4.21639
RES    530    5 C      -3.67388  -1.58243   0.00000   2.77814
RES    531    5 C      -2.14696  -0.29740   0.00000   2.49489
RES    532    5 C      -1.77337   0.18412   0.00000   2.99468
GlideScore(   -0.35)+Epik State Penalty(    0.41) =     0.06 kcal/mol
Reporting postminimized pose   4 GlideScore =      0.145
Pose   26   GlideScore =    0.15
 in ligrese
 RESIDUE MOL/CH/INS  EvdW    ECoul  HB  DCLOSE
 --------------------------------------------
RES    265    5 C      -0.16617   0.11063   0.00000   5.17225
RES    266    5 C      -1.79476  -0.32556   0.00000   2.98337
RES    267    5 C      -0.92557  -0.24653   0.00000   2.55345
RES    268    5 C      -4.42047   0.22987   0.00000   2.42250
RES    269    5 C      -0.27463  -0.37937   0.00000   3.55350
RES    270    5 C      -0.12050   0.00191   0.00000   5.19024
RES    271    5 C      -0.00794  -0.00175   0.00000   9.29837
RES    272    5 C      -0.00897   0.35917   0.00000   9.92580
RES    273    5 C      -0.01866   0.00191   0.00000   9.09384
RES    274    5 C      -0.04591  -0.01258   0.00000   6.96748
RES    275    5 C      -0.11396   0.01810   0.00000   6.76269
RES    276    5 C      -0.11004   0.04095   0.00000   6.49842
RES    277    5 C      -4.37527   1.28266   0.00000   2.32133
RES    278    5 C      -0.19180  -0.06529   0.00000   4.96505
RES    351    5 C      -2.17297   1.08069   0.00000   2.53513
RES    352    5 C      -5.83491  -1.19663  -0.01427   2.45609
RES    528    5 C      -0.56586  -0.15288   0.00000   2.91083
RES    529    5 C      -0.60770  -1.06299   0.00000   4.32445
RES    530    5 C      -3.32929  -1.37813   0.00000   2.77350
RES    531    5 C      -2.61464  -0.28223   0.00000   2.71929
RES    532    5 C      -1.94250   0.01280   0.00000   2.76362
GlideScore(    0.15)+Epik State Penalty(    0.41) =     0.56 kcal/mol
DOCKING RESULTS FOR LIGAND        2 (mPP-0293)
Best XP pose:     5;  GlideScore =     -0.80 Emodel =    -41.81 E =    -35.49 Eint =     2.07
  
 REPORT OF DOCKED POSES
  
 The ligand structures were written to the file
xp_docking_6QXA_cmpd_2_13_2-0002_raw.maegz

Exiting Glide
Date: Tuesday, July 13 2021, at 15:48:00 EEST
CPU time (s): 69.3 user, 0.3 system, 86.1 real
Total elapsed time = 86 seconds (1 minutes, 26 seconds)
[running at reduced cpu priority]
######## end of xp_docking_6QXA_cmpd_2_13_2-0002.log #########
######## begin of xp_docking_6QXA_cmpd_2_13_2-0003.log #########
Glide version 85012 (mmshare version 48012)
Copyright (c) Schrodinger, LLC.
All Rights Reserved.

--------------------------------------------------------------------------------
JobId          : dreanos-0-60ed8b2a
Name           : xp_docking_6QXA_cmpd_2_13_2-0003
Program        : Glide
Host           : dreanos
Dir            : /home/dreano/scratch/dreano/xp_docking_6QXA_cmpd_2_13_2
HostEntry      : localhost
JobHost        : dreanos
JobDir         : /home/dreano/scratch/dreano/xp_docking_6QXA_cmpd_2_13_2-0003
JobSchrodinger : /home/dreano/schrodinger2019-4
Commandline    : /home/dreano/schrodinger2019-4/glide -RESTART -serial xp_docking_6QXA_cmpd_2_13_2-0003.inp -HOST localhost
StartTime      : 2021-07-13-15:46:34
--------------------------------------------------------------------------------

[running at reduced cpu priority]
Offsetting ligand numbers by 2
 VdW radii of ligand atoms scaled by   0.800000000000000     
 Charge cutoff for polarity   0.150000000000000     
 After readscreen, (nx, ny, nz) = (          26 ,           26 ,           26 ).
  Receptor setup: (nsites, nx, ny, nz, bsize)=(         125 ,           26 , 
          26 ,           26 ,    1.00000000000000      ).
 Screening setup finished.
 DOCKMAIN: getting receptor.
  DOCKMAIN after grid: (nx, ny, nz) = (          72 ,           72 , 
          72 ).

 Metal   At. Num.  Eff. Charge  Category    x         y         z
20896      12        0.50           1   -34.672   -34.378    35.883
20897      12       -0.25          -1   -38.834   -36.986    35.864
20898      12       -0.17          -1   -35.105   -31.906    33.945
20899      12        0.08           1   -39.539   -33.361    35.423
20900      12        1.00           1   -37.415   -34.241    29.767
20910      11        0.00           2   -46.178   -17.052    23.198
20911      19        0.33           1   -40.636   -31.496    29.757
20958      12       -0.17          -1    -9.264   -19.245    33.264
20959      12        2.50           1    -2.674   -18.909    35.245
20960      12        1.50           1    -4.059   -17.817    33.010
20961      12        0.67           1    -7.104   -15.337    35.821
20962      12        0.50           1    -7.796   -21.438    34.748
20972      11       -2.00          -1   -12.979    -3.870    19.535
20973      19        0.67           1    -6.644   -13.114    31.664
20974      12        2.50           1   -34.581    34.061    57.789
20975      12        0.25           1   -40.166    33.813    57.370
20976      12        1.50           1   -35.527    35.757    55.821
20977      12        1.25           1   -39.558    31.354    58.873
20978      12        0.00           2   -37.750    32.544    52.777
20996      12       -1.33          -1    -7.779    45.220    54.763
20997      12        0.50           1    -2.250    47.243    54.421
20998      12        1.50           1    -5.236    50.812    52.626
20999      12        0.67           1    -7.555    50.242    55.572
21000      12        0.33           1    -9.936    48.684    53.030
21010      11        2.00           1   -13.440    60.914    37.924
21011      19        1.00           1    -7.494    51.992    50.884
  
 DOCKMAIN: Grid setup finished
Calling OPLS3e atomtyping ...
Finished parameter assignment

Reading torsion control file '/home/dreano/schrodinger2019-4/glide-v8.5/bin/Linux-x86_64/../../data/torcontrol.txt':
  
  Using generalized torsion control 
  
 Number of rotatable bonds            7
 Using templates for ring conformations.
Glide Extra Precision Mode active.

GlideScore version XP5.0 will be used

  
 Buried polar penalty      0.000
 Coulomb vdW cutoff        0.000
 H bond cutoff             0.000
 Metal-ligand cutoff      10.000
Assigning GlideScore XP5.0 parameters
For Glide Extra Precision mode, will use maxref = 800
 res reso default   16.0000000000000        16.0000000000000     
 res reso fin   16.0000000000000        16.0000000000000     
 Use grow mode-t
  
 res reso default   4.00000000000000        4.00000000000000     
 res reso fin   4.00000000000000        4.00000000000000     
 res reso default   4.00000000000000        4.00000000000000     
 res reso fin   4.00000000000000        4.00000000000000     
 res reso default   4.00000000000000        4.00000000000000     
 res reso fin   4.00000000000000        4.00000000000000     
 in ligrese
 RESIDUE MOL/CH/INS  EvdW    ECoul  HB  DCLOSE
 --------------------------------------------
RES    265    5 C      -0.44506   0.14756   0.00000   3.68700
RES    266    5 C      -0.91641   0.34129   0.00000   3.38434
RES    267    5 C    **********  -4.80850   0.00000   0.51797
RES    268    5 C     248.50172  -2.29068   0.00000   1.21681
RES    269    5 C      -1.68733  -0.81920  -0.95502   2.11799
RES    270    5 C      -1.19945   0.04943   0.00000   3.38479
RES    271    5 C      -0.03710   0.01928   0.00000   6.98625
RES    272    5 C      -0.03068   0.45307   0.00000   8.07647
RES    273    5 C      -0.06399   0.07716   0.00000   7.21983
RES    274    5 C      -0.16884  -0.07349   0.00000   5.25169
RES    275    5 C      -0.24899  -0.13513   0.00000   4.42692
RES    276    5 C      -0.10790   0.11860   0.00000   5.38984
RES    277    5 C      -2.64767  -0.14864   0.00000   2.60902
RES    278    5 C      -0.04156  -0.01256   0.00000   7.19324
RES    351    5 C      -0.02119   0.62742   0.00000  10.02361
RES    352    5 C      -0.11235   0.03941   0.00000   6.66585
RES    528    5 C      -0.16772   1.46584   0.00000   2.69611
RES    529    5 C       0.96671  -1.39824   0.00000   2.14670
RES    530    5 C    ********** -11.16111   0.00000   0.55661
RES    531    5 C    4174.95907  -0.08880   0.00000   1.24862
RES    532    5 C    **********  -0.55137  -0.76086   0.95412
 REPORT POSE ANCH_2           1           0          11
 REPORT POSE ANCH_2           2           0          57
 REPORT POSE ANCH_2           3           0          44
 REPORT POSE ANCH_2           4           0          23
Full force-field refinement in receptor field for up to   30 poses
    4 poses will be postminimized for this ligand
 iancorig for REPORT pose           1           0
 iancorig for REPORT pose           2           0
 iancorig for REPORT pose           3           0
 iancorig for REPORT pose           4           0
 Number of poses to report:           4
Reporting original pose   1 GlideScore =     -5.835
Pose   11   GlideScore =   -5.83
 in ligrese
 RESIDUE MOL/CH/INS  EvdW    ECoul  HB  DCLOSE
 --------------------------------------------
RES    265    5 C      -0.19107  -0.20984   0.00000   5.05985
RES    266    5 C      -1.62191  -0.08864   0.00000   2.71979
RES    267    5 C      -1.25834  -0.49082   0.00000   2.45137
RES    268    5 C      -4.37746  -4.67475  -1.00000   1.75967
RES    269    5 C      -2.19545  -3.06289  -0.98010   2.10796
RES    270    5 C      -0.80654   0.01737   0.00000   3.65778
RES    271    5 C      -0.03978  -0.09203   0.00000   5.62790
RES    272    5 C      -0.03109   0.48329   0.00000   7.28196
RES    273    5 C      -0.05549  -0.00163   0.00000   6.55329
RES    274    5 C      -0.12365   0.02511   0.00000   5.36267
RES    275    5 C      -0.14800  -0.04010   0.00000   6.23039
RES    276    5 C      -0.07689  -0.00924   0.00000   8.02311
RES    277    5 C      -3.23851  -1.21600   0.00000   2.56612
RES    278    5 C      -0.07579  -0.02852   0.00000   6.25574
RES    351    5 C      -0.08284   0.11283   0.00000   5.56244
RES    352    5 C      -1.47298  -0.19599   0.00000   2.60449
RES    528    5 C       0.39916  -2.90517  -1.00000   1.77336
RES    529    5 C      -1.07854  -1.73615   0.00000   3.67450
RES    530    5 C      -4.69730   0.18582   0.00000   2.16509
RES    531    5 C      -2.79291   0.14328   0.00000   1.97114
RES    532    5 C      -1.14922  -2.51356  -0.67289   1.98738
GlideScore(   -5.83)+Epik State Penalty(    0.41) =    -5.42 kcal/mol
Reporting original pose   3 GlideScore =     -5.204
Pose   44   GlideScore =   -5.20
 in ligrese
 RESIDUE MOL/CH/INS  EvdW    ECoul  HB  DCLOSE
 --------------------------------------------
RES    265    5 C      -0.18202  -0.16807   0.00000   5.32801
RES    266    5 C      -1.76810  -0.10058   0.00000   2.74943
RES    267    5 C      -1.24765  -0.57355   0.00000   2.61073
RES    268    5 C      -3.43339  -5.58477  -1.00000   1.71472
RES    269    5 C      -1.37313  -2.17190  -0.73760   2.20496
RES    270    5 C      -0.51620   0.08747   0.00000   4.08729
RES    271    5 C      -0.02916  -0.10212   0.00000   7.19941
RES    272    5 C      -0.02487   0.70405   0.00000   8.46377
RES    273    5 C      -0.04417   0.07534   0.00000   7.77880
RES    274    5 C      -0.09902  -0.02124   0.00000   5.56488
RES    275    5 C      -0.13250  -0.01969   0.00000   6.85631
RES    276    5 C      -0.07455   0.02449   0.00000   8.16564
RES    277    5 C      -3.05713  -1.47088   0.00000   2.38866
RES    278    5 C      -0.08196  -0.01882   0.00000   5.88162
RES    351    5 C      -0.08650   0.18406   0.00000   5.53669
RES    352    5 C      -1.57138  -0.30502   0.00000   2.51879
RES    528    5 C      -1.04608  -1.89011  -0.86179   2.15528
RES    529    5 C      -0.88733  -1.48613   0.00000   3.83853
RES    530    5 C      -4.69090   0.23047   0.00000   2.18716
RES    531    5 C      -2.83598   0.08415   0.00000   1.98719
RES    532    5 C      -1.11138  -2.70547  -0.71437   1.95070
GlideScore(   -5.20)+Epik State Penalty(    0.41) =    -4.79 kcal/mol
Reporting postminimized pose   2 GlideScore =     -4.632
Pose   57   GlideScore =   -4.63
 in ligrese
 RESIDUE MOL/CH/INS  EvdW    ECoul  HB  DCLOSE
 --------------------------------------------
RES    265    5 C      -0.17922  -0.17851   0.00000   5.34306
RES    266    5 C      -1.62077  -0.01514   0.00000   2.51955
RES    267    5 C      -1.05510  -0.80726   0.00000   2.33100
RES    268    5 C      -3.59852  -4.88742  -1.00000   1.75784
RES    269    5 C      -1.67801  -3.08508  -0.35686   2.35725
RES    270    5 C      -0.87213   0.08085   0.00000   2.87033
RES    271    5 C      -0.03840  -0.13185   0.00000   6.52587
RES    272    5 C      -0.02987   0.75618   0.00000   8.42404
RES    273    5 C      -0.04987   0.06295   0.00000   7.96397
RES    274    5 C      -0.10816  -0.00736   0.00000   5.56073
RES    275    5 C      -0.13760  -0.05266   0.00000   6.74648
RES    276    5 C      -0.07260   0.04420   0.00000   7.86862
RES    277    5 C      -3.06429  -1.64406   0.00000   2.43539
RES    278    5 C      -0.07268  -0.02849   0.00000   5.85935
RES    351    5 C      -0.07127   0.26566   0.00000   5.90834
RES    352    5 C      -1.24722  -0.27117   0.00000   2.68752
RES    528    5 C       1.91731  -3.67235  -1.00000   1.63365
RES    529    5 C      -1.02883  -1.70923   0.00000   3.85364
RES    530    5 C      -4.83837   0.08265   0.00000   2.02909
RES    531    5 C      -2.90446  -0.00066   0.00000   2.24507
RES    532    5 C      -2.48892  -1.72146  -0.00257   2.10403
GlideScore(   -4.63)+Epik State Penalty(    0.41) =    -4.22 kcal/mol
Reporting postminimized pose   4 GlideScore =     -2.872
Pose   23   GlideScore =   -2.87
 in ligrese
 RESIDUE MOL/CH/INS  EvdW    ECoul  HB  DCLOSE
 --------------------------------------------
RES    265    5 C      -0.20008  -0.29442   0.00000   4.90275
RES    266    5 C      -0.72749   0.27149   0.00000   4.06014
RES    267    5 C      -0.99079  -3.05918  -1.00000   1.92111
RES    268    5 C      -6.43815  -2.19745   0.00000   2.39322
RES    269    5 C      -2.54054  -3.59440  -1.00000   2.04903
RES    270    5 C      -1.97136   0.11763   0.00000   2.69921
RES    271    5 C      -0.07383  -0.07177   0.00000   6.15837
RES    272    5 C      -0.04431   0.74828   0.00000   7.85950
RES    273    5 C      -0.07795   0.13416   0.00000   7.59738
RES    274    5 C      -0.14108  -0.06377   0.00000   6.02158
RES    275    5 C      -0.18502  -0.12471   0.00000   5.86970
RES    276    5 C      -0.07692   0.10289   0.00000   7.31451
RES    277    5 C      -2.41634  -3.18450  -1.00000   2.00996
RES    278    5 C      -0.04252  -0.02139   0.00000   7.30764
RES    351    5 C      -0.02802   0.39748   0.00000   8.19815
RES    352    5 C      -0.21768   0.14303   0.00000   4.98750
RES    528    5 C      -1.41443   0.55605   0.00000   3.23561
RES    529    5 C      -1.23376  -1.31710   0.00000   4.17845
RES    530    5 C      -5.79843  -0.01459   0.00000   2.10743
RES    531    5 C      -2.24409  -0.13393   0.00000   2.80164
RES    532    5 C      -2.26865  -0.50972   0.00000   2.52382
GlideScore(   -2.87)+Epik State Penalty(    0.41) =    -2.46 kcal/mol
DOCKING RESULTS FOR LIGAND        3 (mPP-0293)
Best XP pose:    11;  GlideScore =     -5.83 Emodel =    -52.28 E =    -39.67 Eint =     5.79
  
 REPORT OF DOCKED POSES
  
 The ligand structures were written to the file
xp_docking_6QXA_cmpd_2_13_2-0003_raw.maegz

Exiting Glide
Date: Tuesday, July 13 2021, at 15:48:33 EEST
CPU time (s): 102.1 user, 0.3 system, 115.0 real
Total elapsed time = 115 seconds (1 minutes, 55 seconds)
[running at reduced cpu priority]
######## end of xp_docking_6QXA_cmpd_2_13_2-0003.log #########
######## begin of xp_docking_6QXA_cmpd_2_13_2-0004.log #########
Glide version 85012 (mmshare version 48012)
Copyright (c) Schrodinger, LLC.
All Rights Reserved.

--------------------------------------------------------------------------------
JobId          : dreanos-0-60ed8b2c
Name           : xp_docking_6QXA_cmpd_2_13_2-0004
Program        : Glide
Host           : dreanos
Dir            : /home/dreano/scratch/dreano/xp_docking_6QXA_cmpd_2_13_2
HostEntry      : localhost
JobHost        : dreanos
JobDir         : /home/dreano/scratch/dreano/xp_docking_6QXA_cmpd_2_13_2-0004
JobSchrodinger : /home/dreano/schrodinger2019-4
Commandline    : /home/dreano/schrodinger2019-4/glide -RESTART -serial xp_docking_6QXA_cmpd_2_13_2-0004.inp -HOST localhost
StartTime      : 2021-07-13-15:46:36
--------------------------------------------------------------------------------

[running at reduced cpu priority]
Offsetting ligand numbers by 3
 VdW radii of ligand atoms scaled by   0.800000000000000     
 Charge cutoff for polarity   0.150000000000000     
 After readscreen, (nx, ny, nz) = (          26 ,           26 ,           26 ).
  Receptor setup: (nsites, nx, ny, nz, bsize)=(         125 ,           26 , 
          26 ,           26 ,    1.00000000000000      ).
 Screening setup finished.
 DOCKMAIN: getting receptor.
  DOCKMAIN after grid: (nx, ny, nz) = (          72 ,           72 , 
          72 ).

 Metal   At. Num.  Eff. Charge  Category    x         y         z
20896      12        0.50           1   -34.672   -34.378    35.883
20897      12       -0.25          -1   -38.834   -36.986    35.864
20898      12       -0.17          -1   -35.105   -31.906    33.945
20899      12        0.08           1   -39.539   -33.361    35.423
20900      12        1.00           1   -37.415   -34.241    29.767
20910      11        0.00           2   -46.178   -17.052    23.198
20911      19        0.33           1   -40.636   -31.496    29.757
20958      12       -0.17          -1    -9.264   -19.245    33.264
20959      12        2.50           1    -2.674   -18.909    35.245
20960      12        1.50           1    -4.059   -17.817    33.010
20961      12        0.67           1    -7.104   -15.337    35.821
20962      12        0.50           1    -7.796   -21.438    34.748
20972      11       -2.00          -1   -12.979    -3.870    19.535
20973      19        0.67           1    -6.644   -13.114    31.664
20974      12        2.50           1   -34.581    34.061    57.789
20975      12        0.25           1   -40.166    33.813    57.370
20976      12        1.50           1   -35.527    35.757    55.821
20977      12        1.25           1   -39.558    31.354    58.873
20978      12        0.00           2   -37.750    32.544    52.777
20996      12       -1.33          -1    -7.779    45.220    54.763
20997      12        0.50           1    -2.250    47.243    54.421
20998      12        1.50           1    -5.236    50.812    52.626
20999      12        0.67           1    -7.555    50.242    55.572
21000      12        0.33           1    -9.936    48.684    53.030
21010      11        2.00           1   -13.440    60.914    37.924
21011      19        1.00           1    -7.494    51.992    50.884
  
 DOCKMAIN: Grid setup finished
Calling OPLS3e atomtyping ...
Finished parameter assignment

Reading torsion control file '/home/dreano/schrodinger2019-4/glide-v8.5/bin/Linux-x86_64/../../data/torcontrol.txt':
  
  Using generalized torsion control 
  
 Number of rotatable bonds            7
 Using templates for ring conformations.
Glide Extra Precision Mode active.

GlideScore version XP5.0 will be used

  
 Buried polar penalty      0.000
 Coulomb vdW cutoff        0.000
 H bond cutoff             0.000
 Metal-ligand cutoff      10.000
Assigning GlideScore XP5.0 parameters
For Glide Extra Precision mode, will use maxref = 800
 res reso default   16.0000000000000        16.0000000000000     
 res reso fin   16.0000000000000        16.0000000000000     
 Use grow mode-t
  
 res reso default   4.00000000000000        4.00000000000000     
 res reso fin   4.00000000000000        4.00000000000000     
 res reso default   4.00000000000000        4.00000000000000     
 res reso fin   4.00000000000000        4.00000000000000     
 res reso default   4.00000000000000        4.00000000000000     
 res reso fin   4.00000000000000        4.00000000000000     
 in ligrese
 RESIDUE MOL/CH/INS  EvdW    ECoul  HB  DCLOSE
 --------------------------------------------
RES    265    5 C      -0.13376   0.22874   0.00000   6.04735
RES    266    5 C      -0.37396   0.01615   0.00000   4.99844
RES    267    5 C      -1.36794   0.24385   0.00000   3.19982
RES    268    5 C      -6.52050  -1.68295   0.00000   2.62166
RES    269    5 C     151.37726  -4.73267  -1.00000   1.84599
RES    270    5 C      18.18736   0.03261   0.00000   1.46344
RES    271    5 C      -0.20781  -0.23555   0.00000   4.00587
RES    272    5 C      -0.07870   1.23646   0.00000   5.96680
RES    273    5 C      -0.12134   0.13758   0.00000   5.40969
RES    274    5 C      -0.16697  -0.23001   0.00000   5.88982
RES    275    5 C      -0.18087   0.12451   0.00000   6.18597
RES    276    5 C      -0.06972   0.14390   0.00000   8.36364
RES    277    5 C      -0.88037   1.05423   0.00000   2.69972
RES    278    5 C      -0.03429   0.04951   0.00000   7.82048
RES    351    5 C      -0.02494  -1.14308   0.00000   8.74021
RES    352    5 C      -0.14761  -0.21008   0.00000   4.64919
RES    528    5 C      -1.30845   1.45055   0.00000   3.04456
RES    529    5 C      -0.94680  -1.48077   0.00000   4.78024
RES    530    5 C      -3.91608   0.43182   0.00000   2.82501
RES    531    5 C      -1.21997   0.31156   0.00000   2.54626
RES    532    5 C      -0.69703   0.16330   0.00000   3.93647
 REPORT POSE ANCH_2           1           0          11
 REPORT POSE ANCH_2           2           0           1
 REPORT POSE ANCH_2           3           0           3
 REPORT POSE ANCH_2           4           0          28
 REPORT POSE ANCH_2           5           0           5
 REPORT POSE ANCH_2           6           0           9
 REPORT POSE ANCH_2           7           0          20
 REPORT POSE ANCH_2           8           0          44
 REPORT POSE ANCH_2           9           0          35
 REPORT POSE ANCH_2          10           0          30
 REPORT POSE ANCH_2          11           0          41
Full force-field refinement in receptor field for up to   30 poses
   11 poses will be postminimized for this ligand
 iancorig for REPORT pose           1           0
 iancorig for REPORT pose           2           0
 iancorig for REPORT pose           3           0
 iancorig for REPORT pose           4           0
 iancorig for REPORT pose           5           0
 iancorig for REPORT pose           6           0
 iancorig for REPORT pose           7           0
 iancorig for REPORT pose           8           0
 iancorig for REPORT pose           9           0
 iancorig for REPORT pose          10           0
 iancorig for REPORT pose          11           0
 Number of poses to report:          11
Reporting postminimized pose   6 GlideScore =     -4.138
Pose    9   GlideScore =   -4.14
 in ligrese
 RESIDUE MOL/CH/INS  EvdW    ECoul  HB  DCLOSE
 --------------------------------------------
RES    265    5 C      -0.10885  -0.00276   0.00000   6.33853
RES    266    5 C      -0.74232   0.16019   0.00000   2.76396
RES    267    5 C      -0.73963  -0.11606   0.00000   3.78414
RES    268    5 C      -4.48829  -3.70764   0.00000   2.25455
RES    269    5 C      -2.52600  -3.31498  -1.00000   1.99476
RES    270    5 C      -0.91688   0.28176   0.00000   2.02469
RES    271    5 C      -0.05052  -0.09007   0.00000   5.76189
RES    272    5 C      -0.03786   0.42534   0.00000   7.49938
RES    273    5 C      -0.06173   0.11860   0.00000   6.17831
RES    274    5 C      -0.12284  -0.10495   0.00000   5.53753
RES    275    5 C      -0.11963   0.01482   0.00000   5.72369
RES    276    5 C      -0.05076   0.08604   0.00000   8.28734
RES    277    5 C      -2.19628  -0.51266   0.00000   1.84066
RES    278    5 C      -0.03684  -0.01489   0.00000   6.34200
RES    351    5 C      -0.02804  -1.04504   0.00000   7.40141
RES    352    5 C      -0.30821  -0.08197   0.00000   3.54455
RES    528    5 C       0.46691  -3.68339  -1.00000   1.70650
RES    529    5 C      -1.04869  -0.42378   0.00000   3.14252
RES    530    5 C      -5.15744  -0.16729   0.00000   2.23696
RES    531    5 C      -2.08159  -0.08225   0.00000   2.92430
RES    532    5 C      -1.23055   0.75070   0.00000   1.97684
GlideScore(   -4.14)+Epik State Penalty(    0.41) =    -3.73 kcal/mol
Reporting original pose   1 GlideScore =     -2.673
Pose   11   GlideScore =   -2.67
 in ligrese
 RESIDUE MOL/CH/INS  EvdW    ECoul  HB  DCLOSE
 --------------------------------------------
RES    265    5 C      -0.08791  -0.10049   0.00000   5.87063
RES    266    5 C      -0.21926   0.06898   0.00000   5.97187
RES    267    5 C      -0.90858  -0.42587   0.00000   3.01559
RES    268    5 C      -6.85159  -2.12224   0.00000   2.66287
RES    269    5 C      -3.00531  -2.55545  -1.00000   2.07787
RES    270    5 C      -2.17290   0.26732   0.00000   2.09330
RES    271    5 C      -0.06662  -0.08842   0.00000   5.86050
RES    272    5 C      -0.04439   0.13680   0.00000   7.40741
RES    273    5 C      -0.07700   0.18500   0.00000   6.92401
RES    274    5 C      -0.13556  -0.09850   0.00000   5.38751
RES    275    5 C      -0.16876   0.05026   0.00000   6.23956
RES    276    5 C      -0.06100  -0.05262   0.00000   8.55827
RES    277    5 C      -1.46389  -0.21067   0.00000   4.08699
RES    278    5 C      -0.02902  -0.00518   0.00000   9.45137
RES    351    5 C      -0.02232   0.08980   0.00000  10.01045
RES    352    5 C      -0.11059   0.22174   0.00000   6.31330
RES    528    5 C       0.31665  -3.00988  -1.00000   1.76971
RES    529    5 C      -0.99131  -1.02751   0.00000   3.93735
RES    530    5 C      -3.91689  -0.21007   0.00000   2.14291
RES    531    5 C      -0.69265  -0.18338   0.00000   3.74119
RES    532    5 C      -1.26022  -1.32196   0.00000   2.79181
GlideScore(   -2.67)+Epik State Penalty(    0.41) =    -2.26 kcal/mol
Reporting original pose   3 GlideScore =     -2.365
Pose    3   GlideScore =   -2.36
 in ligrese
 RESIDUE MOL/CH/INS  EvdW    ECoul  HB  DCLOSE
 --------------------------------------------
RES    265    5 C      -0.02435   0.04510   0.00000  10.17815
RES    266    5 C      -0.15038   0.01534   0.00000   6.33626
RES    267    5 C      -0.13233  -0.12891   0.00000   6.72792
RES    268    5 C      -0.45489  -0.54329   0.00000   4.43295
RES    269    5 C      -0.02236  -0.17501   0.00000  10.09849
RES    270    5 C      -0.09347   0.00242   0.00000   6.33805
RES    271    5 C      -0.00486   0.02300   0.00000  12.84418
RES    272    5 C      -0.00684   0.26154   0.00000  12.79474
RES    273    5 C      -0.04948  -0.00070   0.00000   7.67847
RES    274    5 C      -0.11070   0.06186   0.00000   6.33841
RES    275    5 C      -1.39954  -0.22369   0.00000   3.22385
RES    276    5 C      -4.89229  -0.55400   0.00000   2.40059
RES    277    5 C      -2.73233  -3.55334  -1.00000   1.86412
RES    278    5 C      -3.40281  -0.44293   0.00000   2.52993
RES    351    5 C      -1.35026  -4.72252   0.00000   2.58514
RES    352    5 C      -1.39128   0.43278   0.00000   2.32030
RES    528    5 C      -0.00590  -0.01016   0.00000  12.01436
RES    529    5 C      -0.00562  -0.03263   0.00000  12.55641
RES    530    5 C      -0.00749   0.03455   0.00000  10.99084
RES    531    5 C      -0.01370   0.04759   0.00000   9.31432
RES    532    5 C      -0.00384   0.02946   0.00000  11.98026
GlideScore(   -2.36)+Epik State Penalty(    0.41) =    -1.95 kcal/mol
Reporting postminimized pose   5 GlideScore =     -2.157
Pose    5   GlideScore =   -2.16
 in ligrese
 RESIDUE MOL/CH/INS  EvdW    ECoul  HB  DCLOSE
 --------------------------------------------
RES    265    5 C      -0.16174  -0.14380   0.00000   4.41136
RES    266    5 C      -0.41643  -0.20152   0.00000   4.60919
RES    267    5 C      -1.07239  -0.71521   0.00000   2.33541
RES    268    5 C      -7.78720   0.65637   0.00000   2.17681
RES    269    5 C      -3.20058   0.48949  -1.30791   2.11488
RES    270    5 C      -1.88735  -0.20684   0.00000   2.88419
RES    271    5 C      -0.07389   0.18907   0.00000   5.35570
RES    272    5 C      -0.05252  -0.29836   0.00000   6.75446
RES    273    5 C      -0.08610  -0.08416   0.00000   6.84433
RES    274    5 C      -0.14844   0.06989   0.00000   5.67195
RES    275    5 C      -0.19007   0.03976   0.00000   6.47292
RES    276    5 C      -0.07187  -0.02101   0.00000   7.78106
RES    277    5 C      -2.29212   0.91584   0.00000   3.35659
RES    278    5 C      -0.03274   0.04007   0.00000   8.91878
RES    351    5 C      -0.01876   0.81008   0.00000   9.82613
RES    352    5 C      -0.10266  -0.06593   0.00000   6.36005
RES    528    5 C      -1.73909  -3.01561  -1.00000   2.05781
RES    529    5 C      -2.25294   3.32911   0.00000   2.61704
RES    530    5 C      -4.48797  -1.09921   0.00000   2.23994
RES    531    5 C      -1.53724  -0.56284   0.00000   2.57612
RES    532    5 C      -0.53664   0.14582   0.00000   3.71777
GlideScore(   -2.16)+Epik State Penalty(    0.41) =    -1.75 kcal/mol
Reporting postminimized pose  10 GlideScore =     -2.107
Pose   30   GlideScore =   -2.11
 in ligrese
 RESIDUE MOL/CH/INS  EvdW    ECoul  HB  DCLOSE
 --------------------------------------------
RES    265    5 C      -0.17344  -0.05341   0.00000   5.48353
RES    266    5 C      -0.54890   0.32557   0.00000   4.27914
RES    267    5 C      -0.48614  -0.50141   0.00000   2.82823
RES    268    5 C      -5.82625  -1.72878   0.00000   2.57993
RES    269    5 C      -2.40211  -5.79869  -1.00000   1.93031
RES    270    5 C      -1.10853   0.13399   0.00000   2.53392
RES    271    5 C      -0.05060  -0.13030   0.00000   6.48565
RES    272    5 C      -0.04758   0.87125   0.00000   7.47564
RES    273    5 C      -0.06726   0.08453   0.00000   7.35485
RES    274    5 C      -0.15508  -0.08790   0.00000   5.83286
RES    275    5 C      -0.15576  -0.11958   0.00000   6.07554
RES    276    5 C      -0.06922   0.20803   0.00000   8.03429
RES    277    5 C      -1.52801  -4.53336  -1.00000   1.84317
RES    278    5 C      -0.03542  -0.02777   0.00000   7.39965
RES    351    5 C      -0.02222  -0.65258   0.00000   8.74736
RES    352    5 C      -0.14851  -0.07089   0.00000   5.49840
RES    528    5 C      -2.10530   0.72161   0.00000   3.15748
RES    529    5 C      -2.41836  -1.25235   0.00000   2.48239
RES    530    5 C      -5.27984   0.21818   0.00000   2.67306
RES    531    5 C      -1.75605   0.12015   0.00000   2.75880
RES    532    5 C      -1.05826   0.12265   0.00000   3.12243
GlideScore(   -2.11)+Epik State Penalty(    0.41) =    -1.70 kcal/mol
Reporting postminimized pose   7 GlideScore =     -1.368
Pose   20   GlideScore =   -1.37
 in ligrese
 RESIDUE MOL/CH/INS  EvdW    ECoul  HB  DCLOSE
 --------------------------------------------
RES    265    5 C      -0.14125   0.04104   0.00000   6.07717
RES    266    5 C      -0.37429   0.25904   0.00000   4.85610
RES    267    5 C      -1.27152  -0.04556   0.00000   3.06765
RES    268    5 C      -5.87741  -2.27251   0.00000   2.54403
RES    269    5 C      -2.43696  -4.87740  -1.00000   1.98722
RES    270    5 C      -1.25304   0.10241   0.00000   2.41618
RES    271    5 C      -0.04816  -0.09367   0.00000   6.29654
RES    272    5 C      -0.04387   0.73911   0.00000   7.58016
RES    273    5 C      -0.06408   0.06955   0.00000   7.28115
RES    274    5 C      -0.14080  -0.10925   0.00000   5.88189
RES    275    5 C      -0.15552  -0.06511   0.00000   5.93383
RES    276    5 C      -0.06778   0.17830   0.00000   8.18310
RES    277    5 C      -1.99509  -2.65167  -0.24522   2.30565
RES    278    5 C      -0.03357  -0.01358   0.00000   8.18997
RES    351    5 C      -0.02405  -0.33891   0.00000   8.99781
RES    352    5 C      -0.13900  -0.08766   0.00000   5.72660
RES    528    5 C      -1.92743   1.13643   0.00000   2.89007
RES    529    5 C      -2.37591  -0.70585   0.00000   2.08456
RES    530    5 C      -4.72624   0.42944   0.00000   2.10071
RES    531    5 C      -1.21757   0.35040   0.00000   2.85717
RES    532    5 C      -1.24117  -0.52447   0.00000   2.34576
GlideScore(   -1.37)+Epik State Penalty(    0.41) =    -0.96 kcal/mol
Reporting postminimized pose   8 GlideScore =     -1.104
Pose   44   GlideScore =   -1.10
 in ligrese
 RESIDUE MOL/CH/INS  EvdW    ECoul  HB  DCLOSE
 --------------------------------------------
RES    265    5 C      -0.14809   0.20661   0.00000   6.03911
RES    266    5 C      -0.40613   0.00472   0.00000   4.88888
RES    267    5 C      -1.36717   0.22171   0.00000   3.17890
RES    268    5 C      -6.17253  -1.51177   0.00000   2.45597
RES    269    5 C      -2.47533  -5.52333  -1.00000   2.00293
RES    270    5 C      -1.35872   0.10994   0.00000   2.29208
RES    271    5 C      -0.04978  -0.09918   0.00000   6.24074
RES    272    5 C      -0.04437   0.99650   0.00000   7.49723
RES    273    5 C      -0.06506   0.10038   0.00000   7.20902
RES    274    5 C      -0.13897  -0.17515   0.00000   5.88941
RES    275    5 C      -0.15473   0.05128   0.00000   5.74721
RES    276    5 C      -0.06521   0.14041   0.00000   8.36084
RES    277    5 C      -2.03669  -0.18114   0.00000   2.85123
RES    278    5 C      -0.03195   0.02850   0.00000   8.37628
RES    351    5 C      -0.02406  -0.56066   0.00000   9.22855
RES    352    5 C      -0.12682  -0.25395   0.00000   6.86818
RES    528    5 C      -1.85411   1.31206   0.00000   2.92666
RES    529    5 C      -2.22648  -1.22931   0.00000   2.35640
RES    530    5 C      -5.33840  -0.08581   0.00000   2.78520
RES    531    5 C      -1.67158   0.38408   0.00000   2.60697
RES    532    5 C      -1.08687   0.77883   0.00000   2.79470
GlideScore(   -1.10)+Epik State Penalty(    0.41) =    -0.69 kcal/mol
Reporting postminimized pose   4 GlideScore =     -0.800
Pose   28   GlideScore =   -0.80
 in ligrese
 RESIDUE MOL/CH/INS  EvdW    ECoul  HB  DCLOSE
 --------------------------------------------
RES    265    5 C      -0.15336   0.04244   0.00000   5.75657
RES    266    5 C      -0.42600   0.27581   0.00000   4.71530
RES    267    5 C      -0.63315  -0.27158   0.00000   2.85707
RES    268    5 C      -5.80802  -1.54341   0.00000   2.52300
RES    269    5 C      -3.61131  -7.50588  -1.00000   1.91987
RES    270    5 C      -1.26173   0.12891   0.00000   2.41455
RES    271    5 C      -0.06004  -0.14831   0.00000   6.17882
RES    272    5 C      -0.05971   1.07108   0.00000   7.40817
RES    273    5 C      -0.07298   0.10684   0.00000   7.18540
RES    274    5 C      -0.16710  -0.14166   0.00000   5.75619
RES    275    5 C      -0.15678  -0.04497   0.00000   6.00940
RES    276    5 C      -0.06857   0.18453   0.00000   8.04007
RES    277    5 C      -1.21137  -1.82082   0.00000   2.30780
RES    278    5 C      -0.03570  -0.00161   0.00000   8.07700
RES    351    5 C      -0.02974  -0.10081   0.00000   7.86400
RES    352    5 C      -0.22890  -0.03618   0.00000   4.33602
RES    528    5 C      -2.21820   1.08043   0.00000   2.74208
RES    529    5 C      -2.59743  -1.36810   0.00000   2.11587
RES    530    5 C      -4.77992   0.14155   0.00000   2.63598
RES    531    5 C      -1.27799   0.30630   0.00000   2.94334
RES    532    5 C      -0.77532   0.47644   0.00000   3.56458
GlideScore(   -0.80)+Epik State Penalty(    0.41) =    -0.39 kcal/mol
Reporting postminimized pose   9 GlideScore =     -0.745
Pose   35   GlideScore =   -0.75
 in ligrese
 RESIDUE MOL/CH/INS  EvdW    ECoul  HB  DCLOSE
 --------------------------------------------
RES    265    5 C      -0.17174  -0.10385   0.00000   5.52186
RES    266    5 C      -0.55979   0.40463   0.00000   4.50793
RES    267    5 C      -0.22713  -0.55066   0.00000   2.79340
RES    268    5 C      -5.53152  -2.03237   0.00000   2.44881
RES    269    5 C      -2.24681  -5.30373  -1.00000   1.92758
RES    270    5 C      -0.57865   0.13352   0.00000   3.46925
RES    271    5 C      -0.04213  -0.11090   0.00000   6.64478
RES    272    5 C      -0.04307   0.79731   0.00000   7.61776
RES    273    5 C      -0.05884   0.09847   0.00000   7.46217
RES    274    5 C      -0.14599  -0.09269   0.00000   5.84198
RES    275    5 C      -0.14054  -0.10954   0.00000   6.79584
RES    276    5 C      -0.06828   0.21507   0.00000   7.91265
RES    277    5 C      -1.11820  -1.81056   0.00000   2.27452
RES    278    5 C      -0.03968  -0.02699   0.00000   7.60760
RES    351    5 C      -0.03338  -0.11620   0.00000   7.59564
RES    352    5 C      -0.30899   0.04080   0.00000   4.07224
RES    528    5 C      -2.13680   0.71593   0.00000   2.99897
RES    529    5 C      -2.67422  -0.70335   0.00000   2.12909
RES    530    5 C      -5.20928   0.49329   0.00000   2.22421
RES    531    5 C      -1.65448   0.38829   0.00000   2.82436
RES    532    5 C      -1.09189   0.14074   0.00000   3.15603
GlideScore(   -0.75)+Epik State Penalty(    0.41) =    -0.33 kcal/mol
Reporting postminimized pose  11 GlideScore =     -0.703
Pose   41   GlideScore =   -0.70
 in ligrese
 RESIDUE MOL/CH/INS  EvdW    ECoul  HB  DCLOSE
 --------------------------------------------
RES    265    5 C      -0.16635   0.20671   0.00000   5.89918
RES    266    5 C      -0.54620   0.11763   0.00000   3.91763
RES    267    5 C      -1.10430   0.12005   0.00000   2.96876
RES    268    5 C      -5.22495  -3.05709   0.00000   2.44731
RES    269    5 C      -2.26739  -5.64610  -1.00000   1.98695
RES    270    5 C      -0.43589   0.11858   0.00000   4.17154
RES    271    5 C      -0.03844  -0.11039   0.00000   6.62513
RES    272    5 C      -0.04065   1.08025   0.00000   7.64940
RES    273    5 C      -0.05391   0.14980   0.00000   7.56962
RES    274    5 C      -0.13482  -0.19067   0.00000   5.88185
RES    275    5 C      -0.13144   0.02862   0.00000   6.76020
RES    276    5 C      -0.06541   0.18699   0.00000   8.12463
RES    277    5 C      -2.48015  -0.22770   0.00000   2.59310
RES    278    5 C      -0.03583   0.01948   0.00000   7.46438
RES    351    5 C      -0.02499  -1.14651   0.00000   8.54785
RES    352    5 C      -0.16550  -0.35901   0.00000   4.78888
RES    528    5 C      -2.05697   1.25262   0.00000   2.79091
RES    529    5 C      -2.40784  -1.11942   0.00000   1.95390
RES    530    5 C      -5.40223   0.00188   0.00000   2.69590
RES    531    5 C      -1.80461   0.24519   0.00000   2.72393
RES    532    5 C      -1.11080   0.27057   0.00000   3.48333
GlideScore(   -0.70)+Epik State Penalty(    0.41) =    -0.29 kcal/mol
Reporting postminimized pose   2 GlideScore =     -0.214
Pose    1   GlideScore =   -0.21
 in ligrese
 RESIDUE MOL/CH/INS  EvdW    ECoul  HB  DCLOSE
 --------------------------------------------
RES    265    5 C      -0.25769  -0.42820   0.00000   5.29097
RES    266    5 C      -1.15773  -0.13692   0.00000   3.66389
RES    267    5 C      -1.42376  -1.99098  -0.21208   2.33594
RES    268    5 C      -5.98929  -0.17452   0.00000   2.56792
RES    269    5 C      -3.65652   0.99933   0.00000   2.49895
RES    270    5 C      -0.49306   0.04210   0.00000   4.38813
RES    271    5 C      -0.04971   0.10843   0.00000   4.87698
RES    272    5 C      -0.04289  -0.52744   0.00000   5.96111
RES    273    5 C      -0.05427  -0.05110   0.00000   7.19864
RES    274    5 C      -0.12324   0.11309   0.00000   6.45469
RES    275    5 C      -0.14220  -0.09388   0.00000   6.75832
RES    276    5 C      -0.09373  -0.16572   0.00000   7.73748
RES    277    5 C      -3.62705  -1.89755  -0.19054   2.41712
RES    278    5 C      -0.09493  -0.00384   0.00000   6.72732
RES    351    5 C      -0.16810   0.42809   0.00000   5.12634
RES    352    5 C      -1.59730   0.33088   0.00000   2.83728
RES    528    5 C      -0.12542  -2.03232   0.00000   2.26663
RES    529    5 C      -1.53159  -0.00641   0.00000   3.58411
RES    530    5 C      -6.17136  -0.36778   0.00000   2.66472
RES    531    5 C      -1.67273  -0.50943   0.00000   2.61105
RES    532    5 C      -2.10708  -0.52394  -0.93836   1.92026
GlideScore(   -0.21)+Epik State Penalty(    0.41) =     0.20 kcal/mol
DOCKING RESULTS FOR LIGAND        4 (mPP-0293)
Best XP pose:     9;  GlideScore =     -0.75 Emodel =    -37.61 E =    -30.32 Eint =     1.01
GLIDE WARNING: The above ligand had one or more atoms outside the grid box during energy evaluation or minimization.
  
 REPORT OF DOCKED POSES
  
 The ligand structures were written to the file
xp_docking_6QXA_cmpd_2_13_2-0004_raw.maegz

Exiting Glide
Date: Tuesday, July 13 2021, at 15:47:44 EEST
CPU time (s): 52.6 user, 0.3 system, 65.8 real
Total elapsed time = 66 seconds (1 minutes, 6 seconds)
[running at reduced cpu priority]
######## end of xp_docking_6QXA_cmpd_2_13_2-0004.log #########
######## begin of xp_docking_6QXA_cmpd_2_13_2-0005.log #########
Glide version 85012 (mmshare version 48012)
Copyright (c) Schrodinger, LLC.
All Rights Reserved.

--------------------------------------------------------------------------------
JobId          : dreanos-0-60ed8b66
Name           : xp_docking_6QXA_cmpd_2_13_2-0005
Program        : Glide
Host           : dreanos
Dir            : /home/dreano/scratch/dreano/xp_docking_6QXA_cmpd_2_13_2
HostEntry      : localhost
JobHost        : dreanos
JobDir         : /home/dreano/scratch/dreano/xp_docking_6QXA_cmpd_2_13_2-0005
JobSchrodinger : /home/dreano/schrodinger2019-4
Commandline    : /home/dreano/schrodinger2019-4/glide -RESTART -serial xp_docking_6QXA_cmpd_2_13_2-0005.inp -HOST localhost
StartTime      : 2021-07-13-15:47:34
--------------------------------------------------------------------------------

[running at reduced cpu priority]
Offsetting ligand numbers by 4
 VdW radii of ligand atoms scaled by   0.800000000000000     
 Charge cutoff for polarity   0.150000000000000     
 After readscreen, (nx, ny, nz) = (          26 ,           26 ,           26 ).
  Receptor setup: (nsites, nx, ny, nz, bsize)=(         125 ,           26 , 
          26 ,           26 ,    1.00000000000000      ).
 Screening setup finished.
 DOCKMAIN: getting receptor.
  DOCKMAIN after grid: (nx, ny, nz) = (          72 ,           72 , 
          72 ).

 Metal   At. Num.  Eff. Charge  Category    x         y         z
20896      12        0.50           1   -34.672   -34.378    35.883
20897      12       -0.25          -1   -38.834   -36.986    35.864
20898      12       -0.17          -1   -35.105   -31.906    33.945
20899      12        0.08           1   -39.539   -33.361    35.423
20900      12        1.00           1   -37.415   -34.241    29.767
20910      11        0.00           2   -46.178   -17.052    23.198
20911      19        0.33           1   -40.636   -31.496    29.757
20958      12       -0.17          -1    -9.264   -19.245    33.264
20959      12        2.50           1    -2.674   -18.909    35.245
20960      12        1.50           1    -4.059   -17.817    33.010
20961      12        0.67           1    -7.104   -15.337    35.821
20962      12        0.50           1    -7.796   -21.438    34.748
20972      11       -2.00          -1   -12.979    -3.870    19.535
20973      19        0.67           1    -6.644   -13.114    31.664
20974      12        2.50           1   -34.581    34.061    57.789
20975      12        0.25           1   -40.166    33.813    57.370
20976      12        1.50           1   -35.527    35.757    55.821
20977      12        1.25           1   -39.558    31.354    58.873
20978      12        0.00           2   -37.750    32.544    52.777
20996      12       -1.33          -1    -7.779    45.220    54.763
20997      12        0.50           1    -2.250    47.243    54.421
20998      12        1.50           1    -5.236    50.812    52.626
20999      12        0.67           1    -7.555    50.242    55.572
21000      12        0.33           1    -9.936    48.684    53.030
21010      11        2.00           1   -13.440    60.914    37.924
21011      19        1.00           1    -7.494    51.992    50.884
  
 DOCKMAIN: Grid setup finished
Calling OPLS3e atomtyping ...
Finished parameter assignment

Reading torsion control file '/home/dreano/schrodinger2019-4/glide-v8.5/bin/Linux-x86_64/../../data/torcontrol.txt':
  
  Using generalized torsion control 
  
 Number of rotatable bonds            7
 Using templates for ring conformations.
Glide Extra Precision Mode active.

GlideScore version XP5.0 will be used

  
 Buried polar penalty      0.000
 Coulomb vdW cutoff        0.000
 H bond cutoff             0.000
 Metal-ligand cutoff      10.000
Assigning GlideScore XP5.0 parameters
For Glide Extra Precision mode, will use maxref = 800
 res reso default   16.0000000000000        16.0000000000000     
 res reso fin   16.0000000000000        16.0000000000000     
 Use grow mode-t
  
 res reso default   4.00000000000000        4.00000000000000     
 res reso fin   4.00000000000000        4.00000000000000     
 res reso default   4.00000000000000        4.00000000000000     
 res reso fin   4.00000000000000        4.00000000000000     
 res reso default   4.00000000000000        4.00000000000000     
 res reso fin   4.00000000000000        4.00000000000000     
 in ligrese
 RESIDUE MOL/CH/INS  EvdW    ECoul  HB  DCLOSE
 --------------------------------------------
RES    265    5 C      -0.32242   0.12827   0.00000   4.37225
RES    266    5 C     172.17733  -0.08842   0.00000   1.18571
RES    267    5 C      -1.66575   1.09402   0.00000   3.48157
RES    268    5 C      -5.76332  -1.63560   0.00000   2.69904
RES    269    5 C      -1.48736  -0.13291  -0.97415   1.63497
RES    270    5 C      -0.76891  -0.02960   0.00000   2.95408
RES    271    5 C      -0.03464  -0.02662   0.00000   6.92604
RES    272    5 C      -0.02818  -0.08851   0.00000   7.54268
RES    273    5 C      -0.05080   0.01355   0.00000   7.08591
RES    274    5 C      -0.12249  -0.08742   0.00000   5.77067
RES    275    5 C      -0.15025   0.09484   0.00000   6.54583
RES    276    5 C      -0.09034  -0.11647   0.00000   7.86190
RES    277    5 C      12.66396  -1.29726   0.00000   2.23511
RES    278    5 C      -0.11592  -0.00919   0.00000   4.72948
RES    351    5 C      -0.06778  -0.33020   0.00000   6.54247
RES    352    5 C      -0.87067   0.13407   0.00000   2.02797
RES    528    5 C      29.09250   4.08871   0.00000   2.11550
RES    529    5 C    9023.36128  -2.74072   0.00000   1.03992
RES    530    5 C    **********   1.73103   0.00000   0.79973
RES    531    5 C      30.97304   0.12947   0.00000   1.40071
RES    532    5 C      -1.76269  -2.00416  -0.32423   2.30161
 REPORT POSE ANCH_2           1           0          35
 REPORT POSE ANCH_2           2           0          29
Full force-field refinement in receptor field for up to   30 poses
    2 poses will be postminimized for this ligand
 iancorig for REPORT pose           1           0
 iancorig for REPORT pose           2           0
 Number of poses to report:           2
Reporting postminimized pose   2 GlideScore =     -5.351
Pose   29   GlideScore =   -5.35
 in ligrese
 RESIDUE MOL/CH/INS  EvdW    ECoul  HB  DCLOSE
 --------------------------------------------
RES    265    5 C      -0.18257  -0.17387   0.00000   5.27487
RES    266    5 C      -1.60185  -0.04100   0.00000   2.51157
RES    267    5 C      -1.11892  -0.62048   0.00000   2.38330
RES    268    5 C      -4.35125  -5.12580  -1.00000   1.83725
RES    269    5 C      -1.60829  -2.27190  -0.56386   2.27446
RES    270    5 C      -0.57683   0.15155   0.00000   3.63985
RES    271    5 C      -0.03148  -0.08738   0.00000   7.05134
RES    272    5 C      -0.02706   0.08077   0.00000   8.42148
RES    273    5 C      -0.04525   0.07709   0.00000   7.88658
RES    274    5 C      -0.10577  -0.01975   0.00000   5.55934
RES    275    5 C      -0.12670  -0.03815   0.00000   6.84805
RES    276    5 C      -0.06935  -0.01068   0.00000   7.92911
RES    277    5 C      -3.03930  -1.65063   0.00000   2.56484
RES    278    5 C      -0.06990  -0.03601   0.00000   5.99121
RES    351    5 C      -0.06795  -0.25798   0.00000   5.97074
RES    352    5 C      -1.17474  -0.14963   0.00000   2.76501
RES    528    5 C       1.61623  -3.73850  -1.00000   1.63138
RES    529    5 C      -1.05192  -1.24456   0.00000   3.85179
RES    530    5 C      -4.81755   0.07764   0.00000   1.98852
RES    531    5 C      -3.07927   0.00506   0.00000   2.22581
RES    532    5 C      -2.42167  -2.39796  -0.62127   2.08730
GlideScore(   -5.35)+Epik State Penalty(    0.41) =    -4.94 kcal/mol
Reporting postminimized pose   1 GlideScore =     -4.891
Pose   35   GlideScore =   -4.89
 in ligrese
 RESIDUE MOL/CH/INS  EvdW    ECoul  HB  DCLOSE
 --------------------------------------------
RES    265    5 C      -0.18761  -0.19959   0.00000   5.23733
RES    266    5 C      -1.51593  -0.01983   0.00000   2.53086
RES    267    5 C      -0.88578  -0.83288   0.00000   2.23055
RES    268    5 C      -3.64212  -5.41197  -1.00000   1.75158
RES    269    5 C      -1.29179  -1.86016  -0.09471   2.46211
RES    270    5 C      -0.50399   0.12713   0.00000   3.69927
RES    271    5 C      -0.02708  -0.07827   0.00000   7.22397
RES    272    5 C      -0.02377   0.02947   0.00000   8.73979
RES    273    5 C      -0.04047   0.05796   0.00000   8.07236
RES    274    5 C      -0.09534  -0.00027   0.00000   5.63347
RES    275    5 C      -0.12240  -0.06290   0.00000   6.57394
RES    276    5 C      -0.07036   0.00052   0.00000   7.64994
RES    277    5 C      -3.23535  -1.75741   0.00000   2.54466
RES    278    5 C      -0.07687  -0.04247   0.00000   5.77424
RES    351    5 C      -0.07808  -0.16957   0.00000   5.74642
RES    352    5 C      -1.39751  -0.21532   0.00000   2.51240
RES    528    5 C       2.04245  -3.42422  -1.00000   1.65588
RES    529    5 C      -1.01689  -1.24413   0.00000   3.90366
RES    530    5 C      -5.09030   0.00958   0.00000   2.18759
RES    531    5 C      -3.06975   0.00436   0.00000   2.14411
RES    532    5 C      -2.36167  -2.68929  -0.80691   2.10342
GlideScore(   -4.89)+Epik State Penalty(    0.41) =    -4.48 kcal/mol
DOCKING RESULTS FOR LIGAND        5 (mPP-0293)
Best XP pose:    29;  GlideScore =     -5.35 Emodel =    -51.26 E =    -40.37 Eint =     3.48
  
 REPORT OF DOCKED POSES
  
 The ligand structures were written to the file
xp_docking_6QXA_cmpd_2_13_2-0005_raw.maegz

Exiting Glide
Date: Tuesday, July 13 2021, at 15:48:41 EEST
CPU time (s): 61.7 user, 0.3 system, 64.2 real
Total elapsed time = 64 seconds (1 minutes, 4 seconds)
[running at reduced cpu priority]
######## end of xp_docking_6QXA_cmpd_2_13_2-0005.log #########
