--------------------------------------------------------------------------------
JobId          : dreanos-0-60f7f2e9
Name           : phase_pharm_1
Program        : None
Host           : dreanos
Dir            : /home/dreano/Desktop/mppase/docking_2_12_2.prj/phase_pharm_1
HostEntry      : localhost
JobHost        : dreanos
JobDir         : /home/dreano/scratch/dreano/phase_pharm_1
JobSchrodinger : /home/dreano/schrodinger2019-4
Commandline    : /home/dreano/schrodinger2019-4/utilities/phase_hypothesis phase_pharm_1.inp -HOST localhost:1 -PROJ /home/dreano/Desktop/mppase/docking_2_12_2.prj -VIEWNAME phase.phase_gui_dir.phase_workflows.MultipleLigandsWorkflow -DISP append -TMPLAUNCHDIR
StartTime      : 2021-07-21-13:11:54
--------------------------------------------------------------------------------

Input Settings for phase_hypothesis:
--------------------------------------
APPEND_EXCLUDED_VOLUMES = False
FEATURE_DEFINITION_FILE = phase_pharm_1.def
FEATURE_FREQUENCY_A = [0, 3]
FEATURE_FREQUENCY_D = [0, 3]
FEATURE_FREQUENCY_H = [0, 3]
FEATURE_FREQUENCY_N = [0, 3]
FEATURE_FREQUENCY_P = [0, 3]
FEATURE_FREQUENCY_R = [0, 3]
FEATURE_FREQUENCY_X = [0, 3]
FEATURE_FREQUENCY_Y = [0, 3]
FEATURE_FREQUENCY_Z = [0, 3]
FEATURE_TOLERANCE_A = 2.0
FEATURE_TOLERANCE_D = 2.0
FEATURE_TOLERANCE_H = 2.0
FEATURE_TOLERANCE_N = 2.0
FEATURE_TOLERANCE_P = 2.0
FEATURE_TOLERANCE_R = 2.0
FEATURE_TOLERANCE_X = 2.0
FEATURE_TOLERANCE_Y = 2.0
FEATURE_TOLERANCE_Z = 2.0
GENERATE_CONFORMERS = True
HYPOTHESES_KEPT_PER_FEATURE_SIZE = 10
HYPOTHESIS_DIFFERENCE_CRITERIA = 0.5
INPUT_STRUCTURE_FILE = phase_pharm_1.maegz
LIGAND_PERCEPTION = stereo
MAX_NUMBER_CONFORMERS = 50
NUMBER_FEATURES_PER_HYPOTHESIS = [4, 5]
PREFERRED_MIN_SITES = 5
REQUIRED_MATCH_FRACTION = 0.5
SCORE_WEIGHT_BEDROC = 1.0
SCORE_WEIGHT_INACTIVE = 1.0
SCORE_WEIGHT_LOG_MATCH = 1.0
SCORE_WEIGHT_SELECTIVITY = 1.0
SCORE_WEIGHT_SITE = 1.0
SCORE_WEIGHT_SURVIVAL = 0.06
SCORE_WEIGHT_VECTOR = 1.0
SCORE_WEIGHT_VOLUME = 1.0
USE_CONFORMER_MINIMIZATION = False
USE_FAST_SCORING = False
USE_LIGAND_GROUPING = True
USE_PREALIGNED_LIGANDS = False
USE_STEREO = True
USE_TITLES = False
--------------------------------------

Starting up common pharmacophore workflow...
Jobname: phase_pharm_1

Generating conformational states for targets...
Saving up to 50 conformer per ligand
[running at reduced cpu priority]
Conformers saved to phase_pharm_1-out.maegz

Creating Phase project: phase_pharm_1.phprj
Importing structure(s) into Phase project...
Creating new Phase project...
/home/dreano/schrodinger2019-4/internal/bin/phase_database
[running at reduced cpu priority]
Total ligands = 2
Assigning active/inactive labels...
Total actives = 2
Total inactives = 0
Applying ligand groupings...
Phase project ligand summary:
 ID  | TITLE        | CONFORMERS | PHARM_SET | GROUP | MUST MATCH
 1   | mPP-0293     | 50         | active    | 1     | 0
 2   | mPP-0398     | 48         | active    | 2     | 0

Loading feature property files...
Adding pharmacophore sites...
/home/dreano/schrodinger2019-4/internal/bin/phase_database
[running at reduced cpu priority]
Phase project successfully created.

Launching find common pharmacophore hypothesis job...

Running subjobs on hosts:
  localhost (Max: 1)
Number of jobs:       1
Max retries per job:  0
Max allowed failures: 0
Run with -LOCAL:      False
Verbosity:            verbose

Starting JobDJ...

Keep one job on driver host: False
JobDJ columns:
  C: Number of completed subjobs
  A: Number of active subjobs (e.g., submitted, running)
  W: Number of waiting/pending subjobs

C A W | Activity  JobId  JobName  JobHost
- - - | --------- -----------------------
0 1 0 | launched  dreanos-0-60f7f2f1 phase_pharm_1_find_common localhost [dreanos]
1 0 0 | finished  dreanos-0-60f7f2f1 phase_pharm_1_find_common localhost [dreanos]

All jobs have completed.

1 of 1 job(s) succeeded; 0 job(s) failed.


phase_find_common job completed.
20 hypotheses created.
Common pharmacophore hypothesis job completed.

Current time: Wed Jul 21 13:15:36 2021
Elapsed time: 0:03:41.388931

Develop common pharmacophore workflow successful.
