--------------------------------------------------------------------------------
JobId          : dreanos-0-60f71cca
Name           : ligprep_3
Program        : LigPrep
Host           : dreanos
Dir            : /home/dreano/Desktop/mppase/docking_2_12_2.prj/ligprep_3
HostEntry      : localhost
JobHost        : dreanos
JobDir         : /home/dreano/scratch/dreano/ligprep_3
JobSchrodinger : /home/dreano/schrodinger2019-4
Commandline    : /home/dreano/schrodinger2019-4/ligprep -inp ligprep_3.inp -HOST localhost:4 -NJOBS 1 -PROJ /home/dreano/Desktop/mppase/docking_2_12_2.prj -DISP append -VIEWNAME ligprep_gui.LigPrepPanel -TMPLAUNCHDIR
StartTime      : 2021-07-20-21:58:18
--------------------------------------------------------------------------------
LigPrep: preparing subjobs

Running subjobs on hosts:
  localhost (Max: 4)
Number of jobs:       1
Max retries per job:  2
Max allowed failures: unlimited
Run with -LOCAL:      False
Verbosity:            normal

Starting JobDJ...

Keep one job on driver host: False
JobDJ columns:
  C: Number of completed subjobs
  A: Number of active subjobs (e.g., submitted, running)
  W: Number of waiting/pending subjobs

C A W | Activity  JobId  JobName  JobHost
- - - | --------- -----------------------
0 1 0 | launched  dreanos-0-60f71ccb ligprep_3-1 localhost [dreanos]
1 0 0 | finished  dreanos-0-60f71ccb ligprep_3-1 localhost [dreanos]

All jobs have completed.

1 of 1 job(s) succeeded; 0 job(s) failed.

--------------------------------------------------------------------------------
SUBJOB:  ligprep_3-1 

--------------------------------------------------------------------------------
 JobId          : dreanos-0-60f71ccb
 Name           : ligprep_3-1
 Program        : LigPrep
 Host           : dreanos
 Dir            : /home/dreano/scratch/dreano/ligprep_3
 HostEntry      : localhost
 JobHost        : dreanos
 JobDir         : /home/dreano/scratch/dreano/ligprep_3-1
 JobSchrodinger : /home/dreano/schrodinger2019-4
 Commandline    : /home/dreano/schrodinger2019-4/ligprep -bff 16 -epik -s 32 -orig_file ligprep_3.maegz -orig_file_index 1 -imae in_ligprep_3-1.maegz -omae ligprep_3-1.maegz -HOST localhost
 StartTime      : 2021-07-20-21:58:19
 --------------------------------------------------------------------------------
 LigPrep (version 52012). Copyright Schrodinger, LLC. All rights reserved.
 
 LigPrep command:
 $SCHRODINGER/ligprep -bff 16 -epik -s 32 -orig_file ligprep_3.maegz -orig_file_index 1 -imae in_ligprep_3-1.maegz -omae ligprep_3-1.maegz
 
 Processing steps:
 $DO.sdstereoexpander -add_hydrogens -max_output 32 -max_generated 1024 <infile.mae> <outfile.mae>
 $DO.htreat -t All-None -a all -s -l 200 <infile.mae> <outfile.mae>
 $DO.desalter <infile.mae> <outfile.mae>
 $DO.neutralizer -m 200 <infile.mae> <outfile.mae>
 $DO.epik.py -ph 7.0 -tn 8 -ma 200 -imae <infile.mae> -omae <outfile.mae>
 $DO.guard <infile.mae> <outfile.mae>
 $DO.stereoizer -label_specified_chiralities -n 32 <infile.mae> <outfile.mae>
 $DO.cgx -optimize -ffld 16 -epsilon 10.0 <infile.mae> <outfile.mae>
 $DO.filterstereo -max_stereo 32 <infile.mae> <outfile.mae>
 
 DO=$SCHRODINGER/run python3 -m schrodinger.application.macromodel.packages.ligprep3
 
 # counts of output and dropped structures after processing steps
 # index  sdstex  htreat  desalt  neutra   epik    guard  stereo    cgx   filter  title
        1   1/0     1/0     1/0     1/0     1/0     1/0     1/0     1/0     1/0   'mPP-0398'
 
 # of processed structures in "ligprep_3-1.maegz" : 1
 # of dropped structures in "ligprep_3-1-dropped.maegz" : 0
 
 backend run time: 0 hours 0 minutes 4.707 seconds
 --------------------------------------------------------------------------------

# of processed structures in "ligprep_3-out.maegz" : 1
# of dropped structures in "ligprep_3-dropped.maegz" : 0

total run time: 0 hours 0 minutes 7.812 seconds
