--------------------------------------------------------------------------------
JobId          : dreanos-0-60e7206a
Name           : ligprep_2
Program        : LigPrep
Host           : dreanos
Dir            : /home/dreano/.schrodinger/tmp/tproj50352a917634/ligprep_2
HostEntry      : localhost
JobHost        : dreanos
JobDir         : /home/dreano/scratch/dreano/ligprep_2
JobSchrodinger : /home/dreano/schrodinger2019-4
Commandline    : /home/dreano/schrodinger2019-4/ligprep -inp ligprep_2.inp -HOST localhost:4 -NJOBS 1 -PROJ /home/dreano/.schrodinger/tmp/tproj50352a917634 -DISP append -VIEWNAME ligprep_gui.LigPrepPanel -TMPLAUNCHDIR
StartTime      : 2021-07-08-18:57:30
--------------------------------------------------------------------------------
LigPrep: preparing subjobs

Running subjobs on hosts:
  localhost (Max: 4)
Number of jobs:       1
Max retries per job:  2
Max allowed failures: unlimited
Run with -LOCAL:      False
Verbosity:            normal

Starting JobDJ...

Keep one job on driver host: False
JobDJ columns:
  C: Number of completed subjobs
  A: Number of active subjobs (e.g., submitted, running)
  W: Number of waiting/pending subjobs

C A W | Activity  JobId  JobName  JobHost
- - - | --------- -----------------------
0 1 0 | launched  dreanos-0-60e72080 ligprep_2-1 localhost [dreanos]
1 0 0 | finished  dreanos-0-60e72080 ligprep_2-1 localhost [dreanos]

All jobs have completed.

1 of 1 job(s) succeeded; 0 job(s) failed.

--------------------------------------------------------------------------------
SUBJOB:  ligprep_2-1 

--------------------------------------------------------------------------------
 JobId          : dreanos-0-60e72080
 Name           : ligprep_2-1
 Program        : LigPrep
 Host           : dreanos
 Dir            : /home/dreano/scratch/dreano/ligprep_2
 HostEntry      : localhost
 JobHost        : dreanos
 JobDir         : /home/dreano/scratch/dreano/ligprep_2-1
 JobSchrodinger : /home/dreano/schrodinger2019-4
 Commandline    : /home/dreano/schrodinger2019-4/ligprep -bff 16 -i 1 -s 32 -orig_file ligprep_2.maegz -orig_file_index 1 -imae in_ligprep_2-1.maegz -omae ligprep_2-1.maegz -HOST localhost
 StartTime      : 2021-07-08-18:57:52
 --------------------------------------------------------------------------------
 LigPrep (version 52012). Copyright Schrodinger, LLC. All rights reserved.
 
 LigPrep command:
 $SCHRODINGER/ligprep -bff 16 -i 1 -s 32 -orig_file ligprep_2.maegz -orig_file_index 1 -imae in_ligprep_2-1.maegz -omae ligprep_2-1.maegz
 
 Processing steps:
 $DO.sdstereoexpander -add_hydrogens -max_output 32 -max_generated 1024 <infile.mae> <outfile.mae>
 $DO.htreat -t All-None -a all -s -l 200 <infile.mae> <outfile.mae>
 $DO.desalter <infile.mae> <outfile.mae>
 $DO.neutralizer -m 200 <infile.mae> <outfile.mae>
 $DO.tautomerizer -n 8 -ma 200 <infile.mae> <outfile.mae>
 $DO.guard <infile.mae> <outfile.mae>
 $DO.stereoizer -label_specified_chiralities -n 32 <infile.mae> <outfile.mae>
 $DO.cgx -optimize -ffld 16 -epsilon 10.0 <infile.mae> <outfile.mae>
 $DO.filterstereo -max_stereo 32 <infile.mae> <outfile.mae>
 
 DO=$SCHRODINGER/run python3 -m schrodinger.application.macromodel.packages.ligprep3
 
 # counts of output and dropped structures after processing steps
 # index  sdstex  htreat  desalt  neutra  tautom   guard  stereo    cgx   filter  title
 applyhtreat:
 WARNING too many atoms
 
        1   1/0     0/1     0/0     0/0     0/0     0/0     0/0     0/0     0/0   '6QXA'
 
 dropped structures:
 applyhtreat: 1
 
 # of processed structures in "ligprep_2-1.maegz" : 0
 # of dropped structures in "ligprep_2-1-dropped.maegz" : 1
 
 backend run time: 0 hours 0 minutes 0.880 seconds
 --------------------------------------------------------------------------------

dropped structures:
applyhtreat: 1

# of processed structures in "ligprep_2-out.maegz" : 0
# of dropped structures in "ligprep_2-dropped.maegz" : 1

total run time: 0 hours 0 minutes 31.401 seconds
