Glide version 85012 (mmshare version 48012)
Copyright (c) Schrodinger, LLC.
All Rights Reserved.

--------------------------------------------------------------------------------
JobId          : dreanos-0-60f6d878
Name           : glide-grid_PP_site
Program        : Glide
Host           : dreanos
Dir            : /home/dreano/Desktop/mppase/docking_2_12.prj/glide-grid_PP_site
HostEntry      : localhost
JobHost        : dreanos
JobDir         : /home/dreano/scratch/dreano/glide-grid_PP_site
JobSchrodinger : /home/dreano/schrodinger2019-4
Commandline    : /home/dreano/schrodinger2019-4/glide glide-grid_PP_site.in -OVERWRITE -HOST localhost -PROJ /home/dreano/Desktop/mppase/docking_2_12.prj -DISP ignore -VIEWNAME glide_gridgen_gui.GridGenPanel -TMPLAUNCHDIR
StartTime      : 2021-07-20-17:06:49
--------------------------------------------------------------------------------

[running at reduced cpu priority]
Calling OPLS3e atomtyping ...
Finished parameter assignment
 VdW radii of protein atoms scaled by    1.00000000000000     
 Charge cutoff for polarity  0.250000000000000     
  Receptor setup: (nsites, nx, ny, nz, bsize)=(         125 ,           19 , 
          19 ,           19 ,    1.00000000000000      ).
 Screening setup finished.
 DOCKMAIN: getting receptor.
  DOCKMAIN after grid: (nx, ny, nz) = (          48 ,           48 , 
          48 ).
Creating output grid archive 'glide-grid_PP_site.zip'

Exiting Glide
Date: Tuesday, July 20 2021, at 17:20:04 EEST
CPU time (s): 791.7 user, 0.6 system, 793.8 real
Total elapsed time = 794 seconds (13 minutes, 14 seconds)
[running at reduced cpu priority]
