
====================================
            Glide Script            
====================================

--------------------------------------------------------------------------------
JobId          : dreanos-0-60e744f0
Name           : xp_docking_6QXA_cmpd_2_12
Program        : Glide
Host           : dreanos
Dir            : /home/dreano/Desktop/mppase/docking_2_12.prj/xp_docking_6QXA_cmpd_2_12
HostEntry      : localhost
JobHost        : dreanos
JobDir         : /home/dreano/scratch/dreano/xp_docking_6QXA_cmpd_2_12
JobSchrodinger : /home/dreano/schrodinger2019-4
Commandline    : /home/dreano/schrodinger2019-4/glide xp_docking_6QXA_cmpd_2_12.in -OVERWRITE -adjust -HOST localhost:4 -PROJ /home/dreano/Desktop/mppase/docking_2_12.prj -DISP append -VIEWNAME glide_docking_gui.DockingPanel -TMPLAUNCHDIR
StartTime      : 2021-07-08-21:33:21
--------------------------------------------------------------------------------

Running locally: False
Max retries: 2
Input file: xp_docking_6QXA_cmpd_2_12.in

Setting up docking job
Separating ligands...
Number of structures that are to be docked: 5
Setting up Glide docking jobs...

Running subjobs on hosts:
  localhost (Max: 4)
Number of jobs:       5
Max retries per job:  2
Max allowed failures: unlimited
Run with -LOCAL:      False
Verbosity:            normal

Starting JobDJ...

Keep one job on driver host: False
JobDJ columns:
  C: Number of completed subjobs
  A: Number of active subjobs (e.g., submitted, running)
  W: Number of waiting/pending subjobs

C A W | Activity  JobId  JobName  JobHost
- - - | --------- -----------------------
0 1 4 | launched  dreanos-0-60e744f4 xp_docking_6QXA_cmpd_2_12-0001 localhost [dreanos]
0 2 3 | launched  dreanos-0-60e744f6 xp_docking_6QXA_cmpd_2_12-0002 localhost [dreanos]
0 3 2 | launched  dreanos-0-60e744f9 xp_docking_6QXA_cmpd_2_12-0003 localhost [dreanos]
0 4 1 | launched  dreanos-0-60e744fb xp_docking_6QXA_cmpd_2_12-0004 localhost [dreanos]
1 3 1 | finished  dreanos-0-60e744f4 xp_docking_6QXA_cmpd_2_12-0001 localhost [dreanos]
1 4 0 | launched  dreanos-0-60e74538 xp_docking_6QXA_cmpd_2_12-0005 localhost [dreanos]
2 3 0 | finished  dreanos-0-60e744fb xp_docking_6QXA_cmpd_2_12-0004 localhost [dreanos]
3 2 0 | finished  dreanos-0-60e744f6 xp_docking_6QXA_cmpd_2_12-0002 localhost [dreanos]
4 1 0 | finished  dreanos-0-60e744f9 xp_docking_6QXA_cmpd_2_12-0003 localhost [dreanos]
5 0 0 | finished  dreanos-0-60e74538 xp_docking_6QXA_cmpd_2_12-0005 localhost [dreanos]

All jobs have completed.

5 of 5 job(s) succeeded; 0 job(s) failed.

All jobs succeeded: 5 ligands done.
Writing poses to xp_docking_6QXA_cmpd_2_12_pv.maegz
Combining log files to xp_docking_6QXA_cmpd_2_12_subjobs.log
Archiving subjob pose files in xp_docking_6QXA_cmpd_2_12_subjob_poses.zip
Archiving subjob input and log files in xp_docking_6QXA_cmpd_2_12_subjobs.tar.gz
Cleaning up...

Elapsed times:
- preprocessing: 0.1 s
- running subjobs: 137.3 s
- postprocessing: 1.9 s
- cleanup: 0.0 s

All Glide docking subjobs: Total CPU time = 330 seconds (5 min 30 s)

Finished at: Thu Jul  8 21:35:42 2021
Total elapsed time for Glide script = 139 seconds (2 min 19 s)
[running at reduced cpu priority]
